[INFO] Scanning for projects...
[INFO] ------------------------------------------------------------------------
[INFO] Detecting the operating system and CPU architecture
[INFO] ------------------------------------------------------------------------
[INFO] os.detected.name: linux
[INFO] os.detected.arch: x86_64
[INFO] os.detected.version: 3.10
[INFO] os.detected.version.major: 3
[INFO] os.detected.version.minor: 10
[INFO] os.detected.release: centos
[INFO] os.detected.release.version: 7
[INFO] os.detected.release.like.centos: true
[INFO] os.detected.release.like.rhel: true
[INFO] os.detected.release.like.fedora: true
[INFO] os.detected.classifier: linux-x86_64
[INFO] ------------------------------------------------------------------------
[INFO] Reactor Build Order:
[INFO] 
[INFO] Apache Hadoop Ozone Main                                           [pom]
[INFO] Apache Hadoop HDDS                                                 [pom]
[INFO] Apache Hadoop HDDS Config                                          [jar]
[INFO] Apache Hadoop HDDS Common                                          [jar]
[INFO] Apache Hadoop HDDS Client                                          [jar]
[INFO] Apache Hadoop HDDS Server Framework                                [jar]
[INFO] Apache Hadoop HDDS Container Service                               [jar]
[INFO] Apache Hadoop HDDS/Ozone Documentation                             [jar]
[INFO] Apache Hadoop HDDS SCM Server                                      [jar]
[INFO] Apache Hadoop HDDS Tools                                           [jar]
[INFO] Apache Hadoop Ozone                                                [pom]
[INFO] Apache Hadoop Ozone Common                                         [jar]
[INFO] Apache Hadoop Ozone Client                                         [jar]
[INFO] Apache Hadoop Ozone Manager Server                                 [jar]
[INFO] Apache Hadoop Ozone S3 Gateway                                     [jar]
[INFO] Apache Hadoop Ozone CSI service                                    [jar]
[INFO] Apache Hadoop Ozone Recon CodeGen                                  [jar]
[INFO] Apache Hadoop Ozone Recon                                          [jar]
[INFO] Apache Hadoop Ozone Integration Tests                              [jar]
[INFO] Apache Hadoop Ozone FileSystem                                     [jar]
[INFO] Apache Hadoop Ozone Tools                                          [jar]
[INFO] Apache Hadoop Ozone Datanode                                       [jar]
[INFO] Apache Hadoop Ozone In-Place Upgrade                               [jar]
[INFO] Apache Hadoop Ozone Insight Tool                                   [jar]
[INFO] Apache Hadoop Ozone FileSystem Single Jar Library                  [jar]
[INFO] Apache Hadoop Ozone FileSystem Legacy Jar Library                  [jar]
[INFO] Apache Hadoop Ozone Distribution                                   [pom]
[INFO] Apache Hadoop Ozone Fault Injection Tests                          [pom]
[INFO] Apache Hadoop Ozone Network Tests                                  [jar]
[INFO] 
[INFO] ----------------< org.apache.hadoop:hadoop-main-ozone >-----------------
[INFO] Building Apache Hadoop Ozone Main 0.5.0-SNAPSHOT                  [1/29]
[INFO] --------------------------------[ pom ]---------------------------------
[INFO] 
[INFO] --- maven-antrun-plugin:1.3:run (create-testdirs) @ hadoop-main-ozone ---
[INFO] Executing tasks
[INFO] Executed tasks
[INFO] 
[INFO] --- maven-remote-resources-plugin:1.5:process (default) @ hadoop-main-ozone ---
[INFO] 
[INFO] --- animal-sniffer-maven-plugin:1.16:check (signature-check) @ hadoop-main-ozone ---
[INFO] Checking unresolved references to org.codehaus.mojo.signature:java18:1.0
[INFO] Downloading from apache.snapshots.https: https://repository.apache.org/content/repositories/snapshots/org/codehaus/mojo/signature/java18/1.0/java18-1.0.signature
[INFO] Downloading from repository.jboss.org: http://repository.jboss.org/nexus/content/groups/public/org/codehaus/mojo/signature/java18/1.0/java18-1.0.signature
[INFO] Downloading from central: https://repo.maven.apache.org/maven2/org/codehaus/mojo/signature/java18/1.0/java18-1.0.signature
[INFO] Downloaded from central: https://repo.maven.apache.org/maven2/org/codehaus/mojo/signature/java18/1.0/java18-1.0.signature (2.0 MB at 8.0 MB/s)
[INFO] 
[INFO] --- maven-install-plugin:2.5.1:install (default-install) @ hadoop-main-ozone ---
[INFO] Installing /workdir/pom.xml to /home/user/.m2/repository/org/apache/hadoop/hadoop-main-ozone/0.5.0-SNAPSHOT/hadoop-main-ozone-0.5.0-SNAPSHOT.pom
[INFO] 
[INFO] -------------------< org.apache.hadoop:hadoop-hdds >--------------------
[INFO] Building Apache Hadoop HDDS 0.5.0-SNAPSHOT                        [2/29]
[INFO] --------------------------------[ pom ]---------------------------------
[INFO] 
[INFO] --- maven-antrun-plugin:1.3:run (create-testdirs) @ hadoop-hdds ---
[INFO] Executing tasks
[INFO] Executed tasks
[INFO] 
[INFO] --- maven-remote-resources-plugin:1.5:process (default) @ hadoop-hdds ---
[INFO] 
[INFO] --- maven-dependency-plugin:3.0.2:build-classpath (add-classpath-descriptor) @ hadoop-hdds ---
[INFO] Wrote classpath file '/workdir/hadoop-hdds/target/classpath'.
[INFO] 
[INFO] --- build-helper-maven-plugin:1.9:attach-artifact (attach-classpath-artifact) @ hadoop-hdds ---
[INFO] 
[INFO] --- maven-jar-plugin:2.5:test-jar (default) @ hadoop-hdds ---
[WARNING] JAR will be empty - no content was marked for inclusion!
[INFO] Building jar: /workdir/hadoop-hdds/target/hadoop-hdds-0.5.0-SNAPSHOT-tests.jar
[INFO] 
[INFO] --- animal-sniffer-maven-plugin:1.16:check (signature-check) @ hadoop-hdds ---
[INFO] Checking unresolved references to org.codehaus.mojo.signature:java18:1.0
[INFO] 
[INFO] --- maven-install-plugin:2.5.1:install (default-install) @ hadoop-hdds ---
[INFO] Installing /workdir/hadoop-hdds/pom.xml to /home/user/.m2/repository/org/apache/hadoop/hadoop-hdds/0.5.0-SNAPSHOT/hadoop-hdds-0.5.0-SNAPSHOT.pom
[INFO] Installing /workdir/hadoop-hdds/target/classpath to /home/user/.m2/repository/org/apache/hadoop/hadoop-hdds/0.5.0-SNAPSHOT/hadoop-hdds-0.5.0-SNAPSHOT-classpath.cp
[INFO] Installing /workdir/hadoop-hdds/target/hadoop-hdds-0.5.0-SNAPSHOT-tests.jar to /home/user/.m2/repository/org/apache/hadoop/hadoop-hdds/0.5.0-SNAPSHOT/hadoop-hdds-0.5.0-SNAPSHOT-tests.jar
[INFO] 
[INFO] ----------------< org.apache.hadoop:hadoop-hdds-config >----------------
[INFO] Building Apache Hadoop HDDS Config 0.5.0-SNAPSHOT                 [3/29]
[INFO] --------------------------------[ jar ]---------------------------------
[INFO] 
[INFO] --- maven-antrun-plugin:1.3:run (create-testdirs) @ hadoop-hdds-config ---
[INFO] Executing tasks
[INFO] Executed tasks
[INFO] 
[INFO] --- maven-remote-resources-plugin:1.5:process (default) @ hadoop-hdds-config ---
[INFO] 
[INFO] --- maven-resources-plugin:2.6:resources (default-resources) @ hadoop-hdds-config ---
[INFO] Using 'UTF-8' encoding to copy filtered resources.
[INFO] skip non existing resourceDirectory /workdir/hadoop-hdds/config/src/main/resources
[INFO] Copying 2 resources
[INFO] 
[INFO] --- maven-compiler-plugin:3.1:compile (default-compile) @ hadoop-hdds-config ---
[INFO] Compiling 8 source files to /workdir/hadoop-hdds/config/target/classes
[INFO] 
[INFO] --- maven-resources-plugin:2.6:testResources (default-testResources) @ hadoop-hdds-config ---
[INFO] Using 'UTF-8' encoding to copy filtered resources.
[INFO] Copying 1 resource
[INFO] Copying 2 resources
[INFO] 
[INFO] --- maven-compiler-plugin:3.1:testCompile (default-testCompile) @ hadoop-hdds-config ---
[INFO] Compiling 3 source files to /workdir/hadoop-hdds/config/target/test-classes
[INFO] 
[INFO] --- maven-surefire-plugin:3.0.0-M1:test (default-test) @ hadoop-hdds-config ---
[INFO] Tests are skipped.
[INFO] 
[INFO] --- maven-jar-plugin:2.5:jar (default-jar) @ hadoop-hdds-config ---
[INFO] Building jar: /workdir/hadoop-hdds/config/target/hadoop-hdds-config-0.5.0-SNAPSHOT.jar
[INFO] 
[INFO] --- maven-dependency-plugin:3.0.2:build-classpath (add-classpath-descriptor) @ hadoop-hdds-config ---
[INFO] Wrote classpath file '/workdir/hadoop-hdds/config/target/classpath'.
[INFO] 
[INFO] --- build-helper-maven-plugin:1.9:attach-artifact (attach-classpath-artifact) @ hadoop-hdds-config ---
[INFO] 
[INFO] --- maven-jar-plugin:2.5:test-jar (default) @ hadoop-hdds-config ---
[INFO] Building jar: /workdir/hadoop-hdds/config/target/hadoop-hdds-config-0.5.0-SNAPSHOT-tests.jar
[INFO] 
[INFO] --- animal-sniffer-maven-plugin:1.16:check (signature-check) @ hadoop-hdds-config ---
[INFO] Checking unresolved references to org.codehaus.mojo.signature:java18:1.0
[INFO] 
[INFO] --- maven-install-plugin:2.5.1:install (default-install) @ hadoop-hdds-config ---
[INFO] Installing /workdir/hadoop-hdds/config/target/hadoop-hdds-config-0.5.0-SNAPSHOT.jar to /home/user/.m2/repository/org/apache/hadoop/hadoop-hdds-config/0.5.0-SNAPSHOT/hadoop-hdds-config-0.5.0-SNAPSHOT.jar
[INFO] Installing /workdir/hadoop-hdds/config/pom.xml to /home/user/.m2/repository/org/apache/hadoop/hadoop-hdds-config/0.5.0-SNAPSHOT/hadoop-hdds-config-0.5.0-SNAPSHOT.pom
[INFO] Installing /workdir/hadoop-hdds/config/target/classpath to /home/user/.m2/repository/org/apache/hadoop/hadoop-hdds-config/0.5.0-SNAPSHOT/hadoop-hdds-config-0.5.0-SNAPSHOT-classpath.cp
[INFO] Installing /workdir/hadoop-hdds/config/target/hadoop-hdds-config-0.5.0-SNAPSHOT-tests.jar to /home/user/.m2/repository/org/apache/hadoop/hadoop-hdds-config/0.5.0-SNAPSHOT/hadoop-hdds-config-0.5.0-SNAPSHOT-tests.jar
[INFO] 
[INFO] ----------------< org.apache.hadoop:hadoop-hdds-common >----------------
[INFO] Building Apache Hadoop HDDS Common 0.5.0-SNAPSHOT                 [4/29]
[INFO] --------------------------------[ jar ]---------------------------------
[INFO] Downloading from apache.snapshots.https: https://repository.apache.org/content/repositories/snapshots/org/apache/ratis/ratis-server/0.5.0-d6d58d0-SNAPSHOT/maven-metadata.xml
[INFO] Downloaded from apache.snapshots.https: https://repository.apache.org/content/repositories/snapshots/org/apache/ratis/ratis-server/0.5.0-d6d58d0-SNAPSHOT/maven-metadata.xml (1.0 kB at 1.6 kB/s)
[INFO] Downloading from apache.snapshots.https: https://repository.apache.org/content/repositories/snapshots/org/apache/ratis/ratis-server/0.5.0-d6d58d0-SNAPSHOT/ratis-server-0.5.0-d6d58d0-20191024.181419-1.pom
[INFO] Downloaded from apache.snapshots.https: https://repository.apache.org/content/repositories/snapshots/org/apache/ratis/ratis-server/0.5.0-d6d58d0-SNAPSHOT/ratis-server-0.5.0-d6d58d0-20191024.181419-1.pom (2.7 kB at 4.0 kB/s)
[INFO] Downloading from apache.snapshots.https: https://repository.apache.org/content/repositories/snapshots/org/apache/ratis/ratis/0.5.0-d6d58d0-SNAPSHOT/maven-metadata.xml
[INFO] Downloaded from apache.snapshots.https: https://repository.apache.org/content/repositories/snapshots/org/apache/ratis/ratis/0.5.0-d6d58d0-SNAPSHOT/maven-metadata.xml (614 B at 923 B/s)
[INFO] Downloading from apache.snapshots.https: https://repository.apache.org/content/repositories/snapshots/org/apache/ratis/ratis/0.5.0-d6d58d0-SNAPSHOT/ratis-0.5.0-d6d58d0-20191024.181145-1.pom
[INFO] Downloaded from apache.snapshots.https: https://repository.apache.org/content/repositories/snapshots/org/apache/ratis/ratis/0.5.0-d6d58d0-SNAPSHOT/ratis-0.5.0-d6d58d0-20191024.181145-1.pom (36 kB at 48 kB/s)
[INFO] Downloading from apache.snapshots: https://repository.apache.org/snapshots/org/apache/ratis/ratis-proto/0.5.0-d6d58d0-SNAPSHOT/maven-metadata.xml
[INFO] Downloading from apache.snapshots.https: https://repository.apache.org/content/repositories/snapshots/org/apache/ratis/ratis-proto/0.5.0-d6d58d0-SNAPSHOT/maven-metadata.xml
[INFO] Downloaded from apache.snapshots.https: https://repository.apache.org/content/repositories/snapshots/org/apache/ratis/ratis-proto/0.5.0-d6d58d0-SNAPSHOT/maven-metadata.xml (1.2 kB at 1.9 kB/s)
[INFO] Downloaded from apache.snapshots: https://repository.apache.org/snapshots/org/apache/ratis/ratis-proto/0.5.0-d6d58d0-SNAPSHOT/maven-metadata.xml (1.2 kB at 1.8 kB/s)
[INFO] Downloading from apache.snapshots.https: https://repository.apache.org/content/repositories/snapshots/org/apache/ratis/ratis-proto/0.5.0-d6d58d0-SNAPSHOT/ratis-proto-0.5.0-d6d58d0-20191024.181207-1.pom
[INFO] Downloaded from apache.snapshots.https: https://repository.apache.org/content/repositories/snapshots/org/apache/ratis/ratis-proto/0.5.0-d6d58d0-SNAPSHOT/ratis-proto-0.5.0-d6d58d0-20191024.181207-1.pom (6.9 kB at 10 kB/s)
[INFO] Downloading from apache.snapshots.https: https://repository.apache.org/content/repositories/snapshots/org/apache/ratis/ratis-common/0.5.0-d6d58d0-SNAPSHOT/maven-metadata.xml
[INFO] Downloading from apache.snapshots: https://repository.apache.org/snapshots/org/apache/ratis/ratis-common/0.5.0-d6d58d0-SNAPSHOT/maven-metadata.xml
[INFO] Downloaded from apache.snapshots.https: https://repository.apache.org/content/repositories/snapshots/org/apache/ratis/ratis-common/0.5.0-d6d58d0-SNAPSHOT/maven-metadata.xml (1.0 kB at 1.5 kB/s)
[INFO] Downloaded from apache.snapshots: https://repository.apache.org/snapshots/org/apache/ratis/ratis-common/0.5.0-d6d58d0-SNAPSHOT/maven-metadata.xml (1.0 kB at 1.5 kB/s)
[INFO] Downloading from apache.snapshots.https: https://repository.apache.org/content/repositories/snapshots/org/apache/ratis/ratis-common/0.5.0-d6d58d0-SNAPSHOT/ratis-common-0.5.0-d6d58d0-20191024.181249-1.pom
[INFO] Downloaded from apache.snapshots.https: https://repository.apache.org/content/repositories/snapshots/org/apache/ratis/ratis-common/0.5.0-d6d58d0-SNAPSHOT/ratis-common-0.5.0-d6d58d0-20191024.181249-1.pom (5.0 kB at 7.5 kB/s)
[INFO] Downloading from apache.snapshots.https: https://repository.apache.org/content/repositories/snapshots/org/apache/ratis/ratis-client/0.5.0-d6d58d0-SNAPSHOT/maven-metadata.xml
[INFO] Downloading from apache.snapshots: https://repository.apache.org/snapshots/org/apache/ratis/ratis-client/0.5.0-d6d58d0-SNAPSHOT/maven-metadata.xml
[INFO] Downloaded from apache.snapshots: https://repository.apache.org/snapshots/org/apache/ratis/ratis-client/0.5.0-d6d58d0-SNAPSHOT/maven-metadata.xml (1.0 kB at 1.6 kB/s)
[INFO] Downloaded from apache.snapshots.https: https://repository.apache.org/content/repositories/snapshots/org/apache/ratis/ratis-client/0.5.0-d6d58d0-SNAPSHOT/maven-metadata.xml (1.0 kB at 1.6 kB/s)
[INFO] Downloading from apache.snapshots.https: https://repository.apache.org/content/repositories/snapshots/org/apache/ratis/ratis-client/0.5.0-d6d58d0-SNAPSHOT/ratis-client-0.5.0-d6d58d0-20191024.181320-1.pom
[INFO] Downloaded from apache.snapshots.https: https://repository.apache.org/content/repositories/snapshots/org/apache/ratis/ratis-client/0.5.0-d6d58d0-SNAPSHOT/ratis-client-0.5.0-d6d58d0-20191024.181320-1.pom (1.6 kB at 2.5 kB/s)
[INFO] Downloading from apache.snapshots: https://repository.apache.org/snapshots/org/apache/ratis/ratis-metrics/0.5.0-d6d58d0-SNAPSHOT/maven-metadata.xml
[INFO] Downloading from apache.snapshots.https: https://repository.apache.org/content/repositories/snapshots/org/apache/ratis/ratis-metrics/0.5.0-d6d58d0-SNAPSHOT/maven-metadata.xml
[INFO] Downloaded from apache.snapshots: https://repository.apache.org/snapshots/org/apache/ratis/ratis-metrics/0.5.0-d6d58d0-SNAPSHOT/maven-metadata.xml (1.0 kB at 1.6 kB/s)
[INFO] Downloaded from apache.snapshots.https: https://repository.apache.org/content/repositories/snapshots/org/apache/ratis/ratis-metrics/0.5.0-d6d58d0-SNAPSHOT/maven-metadata.xml (1.0 kB at 1.5 kB/s)
[INFO] Downloading from apache.snapshots.https: https://repository.apache.org/content/repositories/snapshots/org/apache/ratis/ratis-metrics/0.5.0-d6d58d0-SNAPSHOT/ratis-metrics-0.5.0-d6d58d0-20191024.181350-1.pom
[INFO] Downloaded from apache.snapshots.https: https://repository.apache.org/content/repositories/snapshots/org/apache/ratis/ratis-metrics/0.5.0-d6d58d0-SNAPSHOT/ratis-metrics-0.5.0-d6d58d0-20191024.181350-1.pom (2.5 kB at 3.9 kB/s)
[INFO] Downloading from apache.snapshots.https: https://repository.apache.org/content/repositories/snapshots/org/apache/ratis/ratis-netty/0.5.0-d6d58d0-SNAPSHOT/maven-metadata.xml
[INFO] Downloaded from apache.snapshots.https: https://repository.apache.org/content/repositories/snapshots/org/apache/ratis/ratis-netty/0.5.0-d6d58d0-SNAPSHOT/maven-metadata.xml (1.0 kB at 1.6 kB/s)
[INFO] Downloading from apache.snapshots.https: https://repository.apache.org/content/repositories/snapshots/org/apache/ratis/ratis-netty/0.5.0-d6d58d0-SNAPSHOT/ratis-netty-0.5.0-d6d58d0-20191024.181541-1.pom
[INFO] Downloaded from apache.snapshots.https: https://repository.apache.org/content/repositories/snapshots/org/apache/ratis/ratis-netty/0.5.0-d6d58d0-SNAPSHOT/ratis-netty-0.5.0-d6d58d0-20191024.181541-1.pom (2.4 kB at 3.8 kB/s)
[INFO] Downloading from apache.snapshots.https: https://repository.apache.org/content/repositories/snapshots/org/apache/ratis/ratis-grpc/0.5.0-d6d58d0-SNAPSHOT/maven-metadata.xml
[INFO] Downloaded from apache.snapshots.https: https://repository.apache.org/content/repositories/snapshots/org/apache/ratis/ratis-grpc/0.5.0-d6d58d0-SNAPSHOT/maven-metadata.xml (1.0 kB at 1.6 kB/s)
[INFO] Downloading from apache.snapshots.https: https://repository.apache.org/content/repositories/snapshots/org/apache/ratis/ratis-grpc/0.5.0-d6d58d0-SNAPSHOT/ratis-grpc-0.5.0-d6d58d0-20191024.181510-1.pom
[INFO] Downloaded from apache.snapshots.https: https://repository.apache.org/content/repositories/snapshots/org/apache/ratis/ratis-grpc/0.5.0-d6d58d0-SNAPSHOT/ratis-grpc-0.5.0-d6d58d0-20191024.181510-1.pom (2.7 kB at 4.1 kB/s)
[INFO] Downloading from apache.snapshots.https: https://repository.apache.org/content/repositories/snapshots/org/apache/ratis/ratis-server/0.5.0-d6d58d0-SNAPSHOT/ratis-server-0.5.0-d6d58d0-20191024.181419-1.jar
[INFO] Downloading from apache.snapshots.https: https://repository.apache.org/content/repositories/snapshots/org/apache/ratis/ratis-client/0.5.0-d6d58d0-SNAPSHOT/ratis-client-0.5.0-d6d58d0-20191024.181320-1.jar
[INFO] Downloading from apache.snapshots.https: https://repository.apache.org/content/repositories/snapshots/org/apache/ratis/ratis-proto/0.5.0-d6d58d0-SNAPSHOT/ratis-proto-0.5.0-d6d58d0-20191024.181207-1.jar
[INFO] Downloading from apache.snapshots.https: https://repository.apache.org/content/repositories/snapshots/org/apache/ratis/ratis-common/0.5.0-d6d58d0-SNAPSHOT/ratis-common-0.5.0-d6d58d0-20191024.181249-1.jar
[INFO] Downloading from apache.snapshots.https: https://repository.apache.org/content/repositories/snapshots/org/apache/ratis/ratis-metrics/0.5.0-d6d58d0-SNAPSHOT/ratis-metrics-0.5.0-d6d58d0-20191024.181350-1.jar
[INFO] Downloaded from apache.snapshots.https: https://repository.apache.org/content/repositories/snapshots/org/apache/ratis/ratis-metrics/0.5.0-d6d58d0-SNAPSHOT/ratis-metrics-0.5.0-d6d58d0-20191024.181350-1.jar (24 kB at 33 kB/s)
[INFO] Downloading from apache.snapshots.https: https://repository.apache.org/content/repositories/snapshots/org/apache/ratis/ratis-netty/0.5.0-d6d58d0-SNAPSHOT/ratis-netty-0.5.0-d6d58d0-20191024.181541-1.jar
[INFO] Downloaded from apache.snapshots.https: https://repository.apache.org/content/repositories/snapshots/org/apache/ratis/ratis-client/0.5.0-d6d58d0-SNAPSHOT/ratis-client-0.5.0-d6d58d0-20191024.181320-1.jar (56 kB at 70 kB/s)
[INFO] Downloading from apache.snapshots.https: https://repository.apache.org/content/repositories/snapshots/org/apache/ratis/ratis-grpc/0.5.0-d6d58d0-SNAPSHOT/ratis-grpc-0.5.0-d6d58d0-20191024.181510-1.jar
[INFO] Downloaded from apache.snapshots.https: https://repository.apache.org/content/repositories/snapshots/org/apache/ratis/ratis-common/0.5.0-d6d58d0-SNAPSHOT/ratis-common-0.5.0-d6d58d0-20191024.181249-1.jar (258 kB at 269 kB/s)
[INFO] Downloaded from apache.snapshots.https: https://repository.apache.org/content/repositories/snapshots/org/apache/ratis/ratis-server/0.5.0-d6d58d0-SNAPSHOT/ratis-server-0.5.0-d6d58d0-20191024.181419-1.jar (360 kB at 371 kB/s)
[INFO] Downloaded from apache.snapshots.https: https://repository.apache.org/content/repositories/snapshots/org/apache/ratis/ratis-proto/0.5.0-d6d58d0-SNAPSHOT/ratis-proto-0.5.0-d6d58d0-20191024.181207-1.jar (1.2 MB at 1.0 MB/s)
[INFO] Downloaded from apache.snapshots.https: https://repository.apache.org/content/repositories/snapshots/org/apache/ratis/ratis-netty/0.5.0-d6d58d0-SNAPSHOT/ratis-netty-0.5.0-d6d58d0-20191024.181541-1.jar (33 kB at 23 kB/s)
[INFO] Downloaded from apache.snapshots.https: https://repository.apache.org/content/repositories/snapshots/org/apache/ratis/ratis-grpc/0.5.0-d6d58d0-SNAPSHOT/ratis-grpc-0.5.0-d6d58d0-20191024.181510-1.jar (113 kB at 68 kB/s)
[INFO] 
[INFO] --- maven-antrun-plugin:1.3:run (create-testdirs) @ hadoop-hdds-common ---
[INFO] Executing tasks
[INFO] Executed tasks
[INFO] 
[INFO] --- protobuf-maven-plugin:0.5.1:compile (compile-protoc) @ hadoop-hdds-common ---
[INFO] Compiling 1 proto file(s) to /workdir/hadoop-hdds/common/target/generated-sources/java
[INFO] 
[INFO] --- protobuf-maven-plugin:0.5.1:compile-custom (compile-protoc) @ hadoop-hdds-common ---
[INFO] Compiling 1 proto file(s) to /workdir/hadoop-hdds/common/target/generated-sources/java
[INFO] 
[INFO] --- maven-antrun-plugin:1.3:run (default) @ hadoop-hdds-common ---
[INFO] Executing tasks
[INFO] Executed tasks
[INFO] 
[INFO] --- hadoop-maven-plugins:3.2.0:protoc (compile-protoc) @ hadoop-hdds-common ---
[INFO] Wrote protoc checksums to file /workdir/hadoop-hdds/common/target/hadoop-maven-plugins-protoc-checksums.json
[INFO] 
[INFO] --- maven-remote-resources-plugin:1.5:process (default) @ hadoop-hdds-common ---
[INFO] Downloading from apache.snapshots: https://repository.apache.org/snapshots/org/apache/ratis/ratis/0.5.0-d6d58d0-SNAPSHOT/maven-metadata.xml
[INFO] Downloaded from apache.snapshots: https://repository.apache.org/snapshots/org/apache/ratis/ratis/0.5.0-d6d58d0-SNAPSHOT/maven-metadata.xml (614 B at 941 B/s)
[INFO] Downloading from apache.snapshots: https://repository.apache.org/snapshots/org/apache/ratis/ratis/0.5.0-d6d58d0-SNAPSHOT/ratis-0.5.0-d6d58d0-20191024.181145-1.pom
[INFO] Downloaded from apache.snapshots: https://repository.apache.org/snapshots/org/apache/ratis/ratis/0.5.0-d6d58d0-SNAPSHOT/ratis-0.5.0-d6d58d0-20191024.181145-1.pom (0 B at 0 B/s)
[INFO] 
[INFO] --- hadoop-maven-plugins:3.2.0:version-info (version-info) @ hadoop-hdds-common ---
[INFO] SCM: GIT
[INFO] Computed MD5: 902b235d6e91eca0421a20e2578acd1b
[INFO] 
[INFO] --- maven-resources-plugin:2.6:resources (default-resources) @ hadoop-hdds-common ---
[INFO] Using 'UTF-8' encoding to copy filtered resources.
[INFO] Copying 5 resources
[INFO] Copying 1 resource
[INFO] Copying 1 resource
[INFO] Copying 1 resource
[INFO] Copying 2 resources
[INFO] 
[INFO] --- maven-compiler-plugin:3.1:compile (default-compile) @ hadoop-hdds-common ---
[INFO] Compiling 243 source files to /workdir/hadoop-hdds/common/target/classes
[WARNING] /workdir/hadoop-hdds/common/src/main/java/org/apache/hadoop/hdds/utils/db/DBProfile.java: Some input files use or override a deprecated API.
[WARNING] /workdir/hadoop-hdds/common/src/main/java/org/apache/hadoop/hdds/utils/db/DBProfile.java: Recompile with -Xlint:deprecation for details.
[WARNING] /workdir/hadoop-hdds/common/src/main/java/org/apache/hadoop/hdds/utils/db/CodecRegistry.java: Some input files use unchecked or unsafe operations.
[WARNING] /workdir/hadoop-hdds/common/src/main/java/org/apache/hadoop/hdds/utils/db/CodecRegistry.java: Recompile with -Xlint:unchecked for details.
[INFO] 
[INFO] --- protobuf-maven-plugin:0.5.1:test-compile (compile-protoc) @ hadoop-hdds-common ---
[INFO] /workdir/hadoop-hdds/common/src/test/proto does not exist. Review the configuration or consider disabling the plugin.
[INFO] 
[INFO] --- protobuf-maven-plugin:0.5.1:test-compile-custom (compile-protoc) @ hadoop-hdds-common ---
[INFO] /workdir/hadoop-hdds/common/src/test/proto does not exist. Review the configuration or consider disabling the plugin.
[INFO] 
[INFO] --- maven-resources-plugin:2.6:testResources (default-testResources) @ hadoop-hdds-common ---
[INFO] Using 'UTF-8' encoding to copy filtered resources.
[INFO] Copying 20 resources
[INFO] Copying 2 resources
[INFO] 
[INFO] --- maven-compiler-plugin:3.1:testCompile (default-testCompile) @ hadoop-hdds-common ---
[INFO] Compiling 56 source files to /workdir/hadoop-hdds/common/target/test-classes
[WARNING] /workdir/hadoop-hdds/common/src/test/java/org/apache/hadoop/hdds/scm/net/TestNetworkTopologyImpl.java: Some input files use unchecked or unsafe operations.
[WARNING] /workdir/hadoop-hdds/common/src/test/java/org/apache/hadoop/hdds/scm/net/TestNetworkTopologyImpl.java: Recompile with -Xlint:unchecked for details.
[INFO] 
[INFO] --- maven-surefire-plugin:3.0.0-M1:test (default-test) @ hadoop-hdds-common ---
[INFO] Tests are skipped.
[INFO] 
[INFO] --- maven-jar-plugin:2.5:jar (default-jar) @ hadoop-hdds-common ---
[INFO] Building jar: /workdir/hadoop-hdds/common/target/hadoop-hdds-common-0.5.0-SNAPSHOT.jar
[INFO] 
[INFO] --- maven-dependency-plugin:3.0.2:build-classpath (add-classpath-descriptor) @ hadoop-hdds-common ---
[INFO] Wrote classpath file '/workdir/hadoop-hdds/common/target/classpath'.
[INFO] 
[INFO] --- build-helper-maven-plugin:1.9:attach-artifact (attach-classpath-artifact) @ hadoop-hdds-common ---
[INFO] 
[INFO] --- maven-jar-plugin:2.5:test-jar (default) @ hadoop-hdds-common ---
[INFO] Building jar: /workdir/hadoop-hdds/common/target/hadoop-hdds-common-0.5.0-SNAPSHOT-tests.jar
[INFO] 
[INFO] --- animal-sniffer-maven-plugin:1.16:check (signature-check) @ hadoop-hdds-common ---
[INFO] Checking unresolved references to org.codehaus.mojo.signature:java18:1.0
[INFO] 
[INFO] --- maven-install-plugin:2.5.1:install (default-install) @ hadoop-hdds-common ---
[INFO] Installing /workdir/hadoop-hdds/common/target/hadoop-hdds-common-0.5.0-SNAPSHOT.jar to /home/user/.m2/repository/org/apache/hadoop/hadoop-hdds-common/0.5.0-SNAPSHOT/hadoop-hdds-common-0.5.0-SNAPSHOT.jar
[INFO] Installing /workdir/hadoop-hdds/common/pom.xml to /home/user/.m2/repository/org/apache/hadoop/hadoop-hdds-common/0.5.0-SNAPSHOT/hadoop-hdds-common-0.5.0-SNAPSHOT.pom
[INFO] Installing /workdir/hadoop-hdds/common/target/classpath to /home/user/.m2/repository/org/apache/hadoop/hadoop-hdds-common/0.5.0-SNAPSHOT/hadoop-hdds-common-0.5.0-SNAPSHOT-classpath.cp
[INFO] Installing /workdir/hadoop-hdds/common/target/hadoop-hdds-common-0.5.0-SNAPSHOT-tests.jar to /home/user/.m2/repository/org/apache/hadoop/hadoop-hdds-common/0.5.0-SNAPSHOT/hadoop-hdds-common-0.5.0-SNAPSHOT-tests.jar
[INFO] 
[INFO] ----------------< org.apache.hadoop:hadoop-hdds-client >----------------
[INFO] Building Apache Hadoop HDDS Client 0.5.0-SNAPSHOT                 [5/29]
[INFO] --------------------------------[ jar ]---------------------------------
[INFO] 
[INFO] --- maven-antrun-plugin:1.3:run (create-testdirs) @ hadoop-hdds-client ---
[INFO] Executing tasks
[INFO] Executed tasks
[INFO] 
[INFO] --- maven-remote-resources-plugin:1.5:process (default) @ hadoop-hdds-client ---
[INFO] 
[INFO] --- maven-resources-plugin:2.6:resources (default-resources) @ hadoop-hdds-client ---
[INFO] Using 'UTF-8' encoding to copy filtered resources.
[INFO] skip non existing resourceDirectory /workdir/hadoop-hdds/client/src/main/resources
[INFO] Copying 2 resources
[INFO] 
[INFO] --- maven-compiler-plugin:3.1:compile (default-compile) @ hadoop-hdds-client ---
[INFO] Compiling 15 source files to /workdir/hadoop-hdds/client/target/classes
[WARNING] /workdir/hadoop-hdds/client/src/main/java/org/apache/hadoop/hdds/scm/XceiverClientGrpc.java: Some input files use unchecked or unsafe operations.
[WARNING] /workdir/hadoop-hdds/client/src/main/java/org/apache/hadoop/hdds/scm/XceiverClientGrpc.java: Recompile with -Xlint:unchecked for details.
[INFO] 
[INFO] --- maven-resources-plugin:2.6:testResources (default-testResources) @ hadoop-hdds-client ---
[INFO] Using 'UTF-8' encoding to copy filtered resources.
[INFO] skip non existing resourceDirectory /workdir/hadoop-hdds/client/src/test/resources
[INFO] Copying 2 resources
[INFO] 
[INFO] --- maven-compiler-plugin:3.1:testCompile (default-testCompile) @ hadoop-hdds-client ---
[INFO] Compiling 3 source files to /workdir/hadoop-hdds/client/target/test-classes
[INFO] 
[INFO] --- maven-surefire-plugin:3.0.0-M1:test (default-test) @ hadoop-hdds-client ---
[INFO] Tests are skipped.
[INFO] 
[INFO] --- maven-jar-plugin:2.5:jar (default-jar) @ hadoop-hdds-client ---
[INFO] Building jar: /workdir/hadoop-hdds/client/target/hadoop-hdds-client-0.5.0-SNAPSHOT.jar
[INFO] 
[INFO] --- maven-dependency-plugin:3.0.2:build-classpath (add-classpath-descriptor) @ hadoop-hdds-client ---
[INFO] Wrote classpath file '/workdir/hadoop-hdds/client/target/classpath'.
[INFO] 
[INFO] --- build-helper-maven-plugin:1.9:attach-artifact (attach-classpath-artifact) @ hadoop-hdds-client ---
[INFO] 
[INFO] --- maven-jar-plugin:2.5:test-jar (default) @ hadoop-hdds-client ---
[INFO] Building jar: /workdir/hadoop-hdds/client/target/hadoop-hdds-client-0.5.0-SNAPSHOT-tests.jar
[INFO] 
[INFO] --- animal-sniffer-maven-plugin:1.16:check (signature-check) @ hadoop-hdds-client ---
[INFO] Checking unresolved references to org.codehaus.mojo.signature:java18:1.0
[INFO] 
[INFO] --- maven-install-plugin:2.5.1:install (default-install) @ hadoop-hdds-client ---
[INFO] Installing /workdir/hadoop-hdds/client/target/hadoop-hdds-client-0.5.0-SNAPSHOT.jar to /home/user/.m2/repository/org/apache/hadoop/hadoop-hdds-client/0.5.0-SNAPSHOT/hadoop-hdds-client-0.5.0-SNAPSHOT.jar
[INFO] Installing /workdir/hadoop-hdds/client/pom.xml to /home/user/.m2/repository/org/apache/hadoop/hadoop-hdds-client/0.5.0-SNAPSHOT/hadoop-hdds-client-0.5.0-SNAPSHOT.pom
[INFO] Installing /workdir/hadoop-hdds/client/target/classpath to /home/user/.m2/repository/org/apache/hadoop/hadoop-hdds-client/0.5.0-SNAPSHOT/hadoop-hdds-client-0.5.0-SNAPSHOT-classpath.cp
[INFO] Installing /workdir/hadoop-hdds/client/target/hadoop-hdds-client-0.5.0-SNAPSHOT-tests.jar to /home/user/.m2/repository/org/apache/hadoop/hadoop-hdds-client/0.5.0-SNAPSHOT/hadoop-hdds-client-0.5.0-SNAPSHOT-tests.jar
[INFO] 
[INFO] -----------< org.apache.hadoop:hadoop-hdds-server-framework >-----------
[INFO] Building Apache Hadoop HDDS Server Framework 0.5.0-SNAPSHOT       [6/29]
[INFO] --------------------------------[ jar ]---------------------------------
[INFO] 
[INFO] --- maven-antrun-plugin:1.3:run (create-testdirs) @ hadoop-hdds-server-framework ---
[INFO] Executing tasks
[INFO] Executed tasks
[INFO] 
[INFO] --- maven-remote-resources-plugin:1.5:process (default) @ hadoop-hdds-server-framework ---
[INFO] 
[INFO] --- maven-resources-plugin:2.6:resources (default-resources) @ hadoop-hdds-server-framework ---
[INFO] Using 'UTF-8' encoding to copy filtered resources.
[INFO] Copying 35 resources
[INFO] Copying 2 resources
[INFO] 
[INFO] --- maven-compiler-plugin:3.1:compile (default-compile) @ hadoop-hdds-server-framework ---
[INFO] Compiling 21 source files to /workdir/hadoop-hdds/framework/target/classes
[WARNING] /workdir/hadoop-hdds/framework/src/main/java/org/apache/hadoop/hdds/server/events/EventQueue.java: Some input files use unchecked or unsafe operations.
[WARNING] /workdir/hadoop-hdds/framework/src/main/java/org/apache/hadoop/hdds/server/events/EventQueue.java: Recompile with -Xlint:unchecked for details.
[INFO] 
[INFO] --- maven-resources-plugin:2.6:testResources (default-testResources) @ hadoop-hdds-server-framework ---
[INFO] Using 'UTF-8' encoding to copy filtered resources.
[INFO] Copying 1 resource
[INFO] Copying 2 resources
[INFO] 
[INFO] --- maven-compiler-plugin:3.1:testCompile (default-testCompile) @ hadoop-hdds-server-framework ---
[INFO] Compiling 9 source files to /workdir/hadoop-hdds/framework/target/test-classes
[INFO] 
[INFO] --- maven-surefire-plugin:3.0.0-M1:test (default-test) @ hadoop-hdds-server-framework ---
[INFO] Tests are skipped.
[INFO] 
[INFO] --- maven-jar-plugin:2.5:jar (default-jar) @ hadoop-hdds-server-framework ---
[INFO] Building jar: /workdir/hadoop-hdds/framework/target/hadoop-hdds-server-framework-0.5.0-SNAPSHOT.jar
[INFO] 
[INFO] --- maven-dependency-plugin:3.0.2:build-classpath (add-classpath-descriptor) @ hadoop-hdds-server-framework ---
[INFO] Wrote classpath file '/workdir/hadoop-hdds/framework/target/classpath'.
[INFO] 
[INFO] --- build-helper-maven-plugin:1.9:attach-artifact (attach-classpath-artifact) @ hadoop-hdds-server-framework ---
[INFO] 
[INFO] --- maven-jar-plugin:2.5:test-jar (default) @ hadoop-hdds-server-framework ---
[INFO] Building jar: /workdir/hadoop-hdds/framework/target/hadoop-hdds-server-framework-0.5.0-SNAPSHOT-tests.jar
[INFO] 
[INFO] --- animal-sniffer-maven-plugin:1.16:check (signature-check) @ hadoop-hdds-server-framework ---
[INFO] Checking unresolved references to org.codehaus.mojo.signature:java18:1.0
[INFO] 
[INFO] --- maven-install-plugin:2.5.1:install (default-install) @ hadoop-hdds-server-framework ---
[INFO] Installing /workdir/hadoop-hdds/framework/target/hadoop-hdds-server-framework-0.5.0-SNAPSHOT.jar to /home/user/.m2/repository/org/apache/hadoop/hadoop-hdds-server-framework/0.5.0-SNAPSHOT/hadoop-hdds-server-framework-0.5.0-SNAPSHOT.jar
[INFO] Installing /workdir/hadoop-hdds/framework/pom.xml to /home/user/.m2/repository/org/apache/hadoop/hadoop-hdds-server-framework/0.5.0-SNAPSHOT/hadoop-hdds-server-framework-0.5.0-SNAPSHOT.pom
[INFO] Installing /workdir/hadoop-hdds/framework/target/classpath to /home/user/.m2/repository/org/apache/hadoop/hadoop-hdds-server-framework/0.5.0-SNAPSHOT/hadoop-hdds-server-framework-0.5.0-SNAPSHOT-classpath.cp
[INFO] Installing /workdir/hadoop-hdds/framework/target/hadoop-hdds-server-framework-0.5.0-SNAPSHOT-tests.jar to /home/user/.m2/repository/org/apache/hadoop/hadoop-hdds-server-framework/0.5.0-SNAPSHOT/hadoop-hdds-server-framework-0.5.0-SNAPSHOT-tests.jar
[INFO] 
[INFO] ----------< org.apache.hadoop:hadoop-hdds-container-service >-----------
[INFO] Building Apache Hadoop HDDS Container Service 0.5.0-SNAPSHOT      [7/29]
[INFO] --------------------------------[ jar ]---------------------------------
[INFO] 
[INFO] --- maven-antrun-plugin:1.3:run (create-testdirs) @ hadoop-hdds-container-service ---
[INFO] Executing tasks
[INFO] Executed tasks
[INFO] 
[INFO] --- hadoop-maven-plugins:3.2.0:protoc (compile-protoc) @ hadoop-hdds-container-service ---
[INFO] Wrote protoc checksums to file /workdir/hadoop-hdds/container-service/target/hadoop-maven-plugins-protoc-checksums.json
[INFO] 
[INFO] --- maven-remote-resources-plugin:1.5:process (default) @ hadoop-hdds-container-service ---
[INFO] 
[INFO] --- maven-resources-plugin:2.6:resources (default-resources) @ hadoop-hdds-container-service ---
[INFO] Using 'UTF-8' encoding to copy filtered resources.
[INFO] Copying 2 resources
[INFO] Copying 2 resources
[INFO] 
[INFO] --- maven-compiler-plugin:3.1:compile (default-compile) @ hadoop-hdds-container-service ---
[INFO] Compiling 159 source files to /workdir/hadoop-hdds/container-service/target/classes
[WARNING] /workdir/hadoop-hdds/container-service/src/main/java/org/apache/hadoop/ozone/container/common/volume/AbstractFuture.java:[1051,26] sun.misc.Unsafe is internal proprietary API and may be removed in a future release
[WARNING] /workdir/hadoop-hdds/container-service/src/main/java/org/apache/hadoop/ozone/container/common/volume/AbstractFuture.java:[1059,15] sun.misc.Unsafe is internal proprietary API and may be removed in a future release
[WARNING] /workdir/hadoop-hdds/container-service/src/main/java/org/apache/hadoop/ozone/container/common/volume/AbstractFuture.java:[1061,26] sun.misc.Unsafe is internal proprietary API and may be removed in a future release
[WARNING] /workdir/hadoop-hdds/container-service/src/main/java/org/apache/hadoop/ozone/container/common/volume/AbstractFuture.java:[1066,57] sun.misc.Unsafe is internal proprietary API and may be removed in a future release
[WARNING] /workdir/hadoop-hdds/container-service/src/main/java/org/apache/hadoop/ozone/container/common/volume/AbstractFuture.java:[1068,36] sun.misc.Unsafe is internal proprietary API and may be removed in a future release
[WARNING] /workdir/hadoop-hdds/container-service/src/main/java/org/apache/hadoop/ozone/container/common/volume/AbstractFuture.java:[1069,37] sun.misc.Unsafe is internal proprietary API and may be removed in a future release
[WARNING] /workdir/hadoop-hdds/container-service/src/main/java/org/apache/hadoop/ozone/container/common/volume/AbstractFuture.java:[1069,58] sun.misc.Unsafe is internal proprietary API and may be removed in a future release
[WARNING] /workdir/hadoop-hdds/container-service/src/main/java/org/apache/hadoop/ozone/container/common/impl/ContainerDataYaml.java: /workdir/hadoop-hdds/container-service/src/main/java/org/apache/hadoop/ozone/container/common/impl/ContainerDataYaml.java uses unchecked or unsafe operations.
[WARNING] /workdir/hadoop-hdds/container-service/src/main/java/org/apache/hadoop/ozone/container/common/impl/ContainerDataYaml.java: Recompile with -Xlint:unchecked for details.
[INFO] 
[INFO] --- maven-resources-plugin:2.6:testResources (default-testResources) @ hadoop-hdds-container-service ---
[INFO] Using 'UTF-8' encoding to copy filtered resources.
[INFO] Copying 4 resources
[INFO] Copying 2 resources
[INFO] 
[INFO] --- maven-compiler-plugin:3.1:testCompile (default-testCompile) @ hadoop-hdds-container-service ---
[INFO] Compiling 49 source files to /workdir/hadoop-hdds/container-service/target/test-classes
[WARNING] /workdir/hadoop-hdds/container-service/src/test/java/org/apache/hadoop/ozone/container/common/volume/TestHddsVolumeChecker.java: /workdir/hadoop-hdds/container-service/src/test/java/org/apache/hadoop/ozone/container/common/volume/TestHddsVolumeChecker.java uses or overrides a deprecated API.
[WARNING] /workdir/hadoop-hdds/container-service/src/test/java/org/apache/hadoop/ozone/container/common/volume/TestHddsVolumeChecker.java: Recompile with -Xlint:deprecation for details.
[WARNING] /workdir/hadoop-hdds/container-service/src/test/java/org/apache/hadoop/ozone/container/common/ScmTestMock.java: /workdir/hadoop-hdds/container-service/src/test/java/org/apache/hadoop/ozone/container/common/ScmTestMock.java uses unchecked or unsafe operations.
[WARNING] /workdir/hadoop-hdds/container-service/src/test/java/org/apache/hadoop/ozone/container/common/ScmTestMock.java: Recompile with -Xlint:unchecked for details.
[INFO] 
[INFO] --- maven-surefire-plugin:3.0.0-M1:test (default-test) @ hadoop-hdds-container-service ---
[INFO] Tests are skipped.
[INFO] 
[INFO] --- maven-jar-plugin:2.5:jar (default-jar) @ hadoop-hdds-container-service ---
[INFO] Building jar: /workdir/hadoop-hdds/container-service/target/hadoop-hdds-container-service-0.5.0-SNAPSHOT.jar
[INFO] 
[INFO] --- maven-dependency-plugin:3.0.2:build-classpath (add-classpath-descriptor) @ hadoop-hdds-container-service ---
[INFO] Wrote classpath file '/workdir/hadoop-hdds/container-service/target/classpath'.
[INFO] 
[INFO] --- build-helper-maven-plugin:1.9:attach-artifact (attach-classpath-artifact) @ hadoop-hdds-container-service ---
[INFO] 
[INFO] --- maven-jar-plugin:2.5:test-jar (default) @ hadoop-hdds-container-service ---
[INFO] Building jar: /workdir/hadoop-hdds/container-service/target/hadoop-hdds-container-service-0.5.0-SNAPSHOT-tests.jar
[INFO] 
[INFO] --- animal-sniffer-maven-plugin:1.16:check (signature-check) @ hadoop-hdds-container-service ---
[INFO] Checking unresolved references to org.codehaus.mojo.signature:java18:1.0
[INFO] 
[INFO] --- maven-install-plugin:2.5.1:install (default-install) @ hadoop-hdds-container-service ---
[INFO] Installing /workdir/hadoop-hdds/container-service/target/hadoop-hdds-container-service-0.5.0-SNAPSHOT.jar to /home/user/.m2/repository/org/apache/hadoop/hadoop-hdds-container-service/0.5.0-SNAPSHOT/hadoop-hdds-container-service-0.5.0-SNAPSHOT.jar
[INFO] Installing /workdir/hadoop-hdds/container-service/pom.xml to /home/user/.m2/repository/org/apache/hadoop/hadoop-hdds-container-service/0.5.0-SNAPSHOT/hadoop-hdds-container-service-0.5.0-SNAPSHOT.pom
[INFO] Installing /workdir/hadoop-hdds/container-service/target/classpath to /home/user/.m2/repository/org/apache/hadoop/hadoop-hdds-container-service/0.5.0-SNAPSHOT/hadoop-hdds-container-service-0.5.0-SNAPSHOT-classpath.cp
[INFO] Installing /workdir/hadoop-hdds/container-service/target/hadoop-hdds-container-service-0.5.0-SNAPSHOT-tests.jar to /home/user/.m2/repository/org/apache/hadoop/hadoop-hdds-container-service/0.5.0-SNAPSHOT/hadoop-hdds-container-service-0.5.0-SNAPSHOT-tests.jar
[INFO] 
[INFO] -----------------< org.apache.hadoop:hadoop-hdds-docs >-----------------
[INFO] Building Apache Hadoop HDDS/Ozone Documentation 0.5.0-SNAPSHOT    [8/29]
[INFO] --------------------------------[ jar ]---------------------------------
[INFO] 
[INFO] --- maven-antrun-plugin:1.3:run (create-testdirs) @ hadoop-hdds-docs ---
[INFO] Executing tasks
[INFO] Executed tasks
[INFO] 
[INFO] --- maven-remote-resources-plugin:1.5:process (default) @ hadoop-hdds-docs ---
[INFO] 
[INFO] --- maven-resources-plugin:2.6:resources (default-resources) @ hadoop-hdds-docs ---
[INFO] Using 'UTF-8' encoding to copy filtered resources.
[INFO] skip non existing resourceDirectory /workdir/hadoop-hdds/docs/src/main/resources
[INFO] Copying 2 resources
[INFO] 
[INFO] --- maven-compiler-plugin:3.1:compile (default-compile) @ hadoop-hdds-docs ---
[INFO] No sources to compile
[INFO] 
[INFO] --- exec-maven-plugin:1.6.0:exec (default) @ hadoop-hdds-docs ---
which: no hugo in (/usr/local/sbin:/usr/local/bin:/usr/sbin:/usr/bin:/sbin:/bin:/opt/findbugs/bin:/opt/maven/bin:/opt/ant/bin:/oHugo is not yet installed. Doc generation is skipped.
pt/blockade/bin)
[INFO] 
[INFO] --- maven-resources-plugin:2.6:testResources (default-testResources) @ hadoop-hdds-docs ---
[INFO] Using 'UTF-8' encoding to copy filtered resources.
[INFO] skip non existing resourceDirectory /workdir/hadoop-hdds/docs/src/test/resources
[INFO] Copying 2 resources
[INFO] 
[INFO] --- maven-compiler-plugin:3.1:testCompile (default-testCompile) @ hadoop-hdds-docs ---
[INFO] No sources to compile
[INFO] 
[INFO] --- maven-surefire-plugin:3.0.0-M1:test (default-test) @ hadoop-hdds-docs ---
[INFO] Tests are skipped.
[INFO] 
[INFO] --- maven-jar-plugin:2.5:jar (default-jar) @ hadoop-hdds-docs ---
[INFO] Building jar: /workdir/hadoop-hdds/docs/target/hadoop-hdds-docs-0.5.0-SNAPSHOT.jar
[INFO] 
[INFO] --- maven-dependency-plugin:3.0.2:build-classpath (add-classpath-descriptor) @ hadoop-hdds-docs ---
[INFO] Wrote classpath file '/workdir/hadoop-hdds/docs/target/classpath'.
[INFO] 
[INFO] --- build-helper-maven-plugin:1.9:attach-artifact (attach-classpath-artifact) @ hadoop-hdds-docs ---
[INFO] 
[INFO] --- maven-jar-plugin:2.5:test-jar (default) @ hadoop-hdds-docs ---
[INFO] Building jar: /workdir/hadoop-hdds/docs/target/hadoop-hdds-docs-0.5.0-SNAPSHOT-tests.jar
[INFO] 
[INFO] --- animal-sniffer-maven-plugin:1.16:check (signature-check) @ hadoop-hdds-docs ---
[INFO] Checking unresolved references to org.codehaus.mojo.signature:java18:1.0
[INFO] 
[INFO] --- maven-install-plugin:2.5.1:install (default-install) @ hadoop-hdds-docs ---
[INFO] Installing /workdir/hadoop-hdds/docs/target/hadoop-hdds-docs-0.5.0-SNAPSHOT.jar to /home/user/.m2/repository/org/apache/hadoop/hadoop-hdds-docs/0.5.0-SNAPSHOT/hadoop-hdds-docs-0.5.0-SNAPSHOT.jar
[INFO] Installing /workdir/hadoop-hdds/docs/pom.xml to /home/user/.m2/repository/org/apache/hadoop/hadoop-hdds-docs/0.5.0-SNAPSHOT/hadoop-hdds-docs-0.5.0-SNAPSHOT.pom
[INFO] Installing /workdir/hadoop-hdds/docs/target/classpath to /home/user/.m2/repository/org/apache/hadoop/hadoop-hdds-docs/0.5.0-SNAPSHOT/hadoop-hdds-docs-0.5.0-SNAPSHOT-classpath.cp
[INFO] Installing /workdir/hadoop-hdds/docs/target/hadoop-hdds-docs-0.5.0-SNAPSHOT-tests.jar to /home/user/.m2/repository/org/apache/hadoop/hadoop-hdds-docs/0.5.0-SNAPSHOT/hadoop-hdds-docs-0.5.0-SNAPSHOT-tests.jar
[INFO] 
[INFO] --------------< org.apache.hadoop:hadoop-hdds-server-scm >--------------
[INFO] Building Apache Hadoop HDDS SCM Server 0.5.0-SNAPSHOT             [9/29]
[INFO] --------------------------------[ jar ]---------------------------------
[INFO] 
[INFO] --- maven-antrun-plugin:1.3:run (create-testdirs) @ hadoop-hdds-server-scm ---
[INFO] Executing tasks
[INFO] Executed tasks
[INFO] 
[INFO] --- maven-remote-resources-plugin:1.5:process (default) @ hadoop-hdds-server-scm ---
[INFO] 
[INFO] --- maven-resources-plugin:2.6:resources (default-resources) @ hadoop-hdds-server-scm ---
[INFO] Using 'UTF-8' encoding to copy filtered resources.
[INFO] Copying 4 resources
[INFO] Copying 2 resources
[INFO] 
[INFO] --- maven-compiler-plugin:3.1:compile (default-compile) @ hadoop-hdds-server-scm ---
[INFO] Compiling 138 source files to /workdir/hadoop-hdds/server-scm/target/classes
[INFO] -------------------------------------------------------------
[WARNING] COMPILATION WARNING : 
[INFO] -------------------------------------------------------------
[WARNING] /workdir/hadoop-hdds/server-scm/src/main/java/org/apache/hadoop/hdds/scm/container/ReplicationManager.java: /workdir/hadoop-hdds/server-scm/src/main/java/org/apache/hadoop/hdds/scm/container/ReplicationManager.java uses or overrides a deprecated API.
[WARNING] /workdir/hadoop-hdds/server-scm/src/main/java/org/apache/hadoop/hdds/scm/container/ReplicationManager.java: Recompile with -Xlint:deprecation for details.
[WARNING] /workdir/hadoop-hdds/server-scm/src/main/java/org/apache/hadoop/hdds/scm/safemode/SCMSafeModeManager.java: Some input files use unchecked or unsafe operations.
[WARNING] /workdir/hadoop-hdds/server-scm/src/main/java/org/apache/hadoop/hdds/scm/safemode/SCMSafeModeManager.java: Recompile with -Xlint:unchecked for details.
[INFO] 4 warnings 
[INFO] -------------------------------------------------------------
[INFO] -------------------------------------------------------------
[ERROR] COMPILATION ERROR : 
[INFO] -------------------------------------------------------------
[ERROR] /workdir/hadoop-hdds/server-scm/src/main/java/org/apache/hadoop/hdds/scm/server/StorageContainerManager.java:[254,9] cannot find symbol
  symbol:   variable HDDS_SCM_KERBEROS_KEYTAB_FILE_KEY
  location: class org.apache.hadoop.hdds.scm.server.StorageContainerManager
[ERROR] /workdir/hadoop-hdds/server-scm/src/main/java/org/apache/hadoop/hdds/scm/server/StorageContainerManager.java:[255,9] cannot find symbol
  symbol:   variable HDDS_SCM_KERBEROS_PRINCIPAL_KEY
  location: class org.apache.hadoop.hdds.scm.server.StorageContainerManager
[INFO] 2 errors 
[INFO] -------------------------------------------------------------
[INFO] ------------------------------------------------------------------------
[INFO] Reactor Summary for Apache Hadoop Ozone Main 0.5.0-SNAPSHOT:
[INFO] 
[INFO] Apache Hadoop Ozone Main ........................... SUCCESS [  2.764 s]
[INFO] Apache Hadoop HDDS ................................. SUCCESS [  5.461 s]
[INFO] Apache Hadoop HDDS Config .......................... SUCCESS [  6.581 s]
[INFO] Apache Hadoop HDDS Common .......................... SUCCESS [ 35.865 s]
[INFO] Apache Hadoop HDDS Client .......................... SUCCESS [  9.038 s]
[INFO] Apache Hadoop HDDS Server Framework ................ SUCCESS [  7.235 s]
[INFO] Apache Hadoop HDDS Container Service ............... SUCCESS [ 14.394 s]
[INFO] Apache Hadoop HDDS/Ozone Documentation ............. SUCCESS [  3.260 s]
[INFO] Apache Hadoop HDDS SCM Server ...................... FAILURE [  1.688 s]
[INFO] Apache Hadoop HDDS Tools ........................... SKIPPED
[INFO] Apache Hadoop Ozone ................................ SKIPPED
[INFO] Apache Hadoop Ozone Common ......................... SKIPPED
[INFO] Apache Hadoop Ozone Client ......................... SKIPPED
[INFO] Apache Hadoop Ozone Manager Server ................. SKIPPED
[INFO] Apache Hadoop Ozone S3 Gateway ..................... SKIPPED
[INFO] Apache Hadoop Ozone CSI service .................... SKIPPED
[INFO] Apache Hadoop Ozone Recon CodeGen .................. SKIPPED
[INFO] Apache Hadoop Ozone Recon .......................... SKIPPED
[INFO] Apache Hadoop Ozone Integration Tests .............. SKIPPED
[INFO] Apache Hadoop Ozone FileSystem ..................... SKIPPED
[INFO] Apache Hadoop Ozone Tools .......................... SKIPPED
[INFO] Apache Hadoop Ozone Datanode ....................... SKIPPED
[INFO] Apache Hadoop Ozone In-Place Upgrade ............... SKIPPED
[INFO] Apache Hadoop Ozone Insight Tool ................... SKIPPED
[INFO] Apache Hadoop Ozone FileSystem Single Jar Library .. SKIPPED
[INFO] Apache Hadoop Ozone FileSystem Legacy Jar Library .. SKIPPED
[INFO] Apache Hadoop Ozone Distribution ................... SKIPPED
[INFO] Apache Hadoop Ozone Fault Injection Tests .......... SKIPPED
[INFO] Apache Hadoop Ozone Network Tests .................. SKIPPED
[INFO] ------------------------------------------------------------------------
[INFO] BUILD FAILURE
[INFO] ------------------------------------------------------------------------
[INFO] Total time:  01:26 min
[INFO] Finished at: 2019-11-14T13:06:52Z
[INFO] ------------------------------------------------------------------------
[ERROR] Failed to execute goal org.apache.maven.plugins:maven-compiler-plugin:3.1:compile (default-compile) on project hadoop-hdds-server-scm: Compilation failure: Compilation failure: 
[ERROR] /workdir/hadoop-hdds/server-scm/src/main/java/org/apache/hadoop/hdds/scm/server/StorageContainerManager.java:[254,9] cannot find symbol
[ERROR]   symbol:   variable HDDS_SCM_KERBEROS_KEYTAB_FILE_KEY
[ERROR]   location: class org.apache.hadoop.hdds.scm.server.StorageContainerManager
[ERROR] /workdir/hadoop-hdds/server-scm/src/main/java/org/apache/hadoop/hdds/scm/server/StorageContainerManager.java:[255,9] cannot find symbol
[ERROR]   symbol:   variable HDDS_SCM_KERBEROS_PRINCIPAL_KEY
[ERROR]   location: class org.apache.hadoop.hdds.scm.server.StorageContainerManager
[ERROR] -> [Help 1]
[ERROR] 
[ERROR] To see the full stack trace of the errors, re-run Maven with the -e switch.
[ERROR] Re-run Maven using the -X switch to enable full debug logging.
[ERROR] 
[ERROR] For more information about the errors and possible solutions, please read the following articles:
[ERROR] [Help 1] http://cwiki.apache.org/confluence/display/MAVEN/MojoFailureException
[ERROR] 
[ERROR] After correcting the problems, you can resume the build with the command
[ERROR]   mvn <args> -rf :hadoop-hdds-server-scm
[INFO] Scanning for projects...
[INFO] ------------------------------------------------------------------------
[INFO] Reactor Build Order:
[INFO] 
[INFO] Apache Hadoop Ozone Integration Tests                              [jar]
[INFO] Apache Hadoop Ozone FileSystem                                     [jar]
[INFO] Apache Hadoop Ozone Tools                                          [jar]
[INFO] 
[INFO] ----------< org.apache.hadoop:hadoop-ozone-integration-test >-----------
[INFO] Building Apache Hadoop Ozone Integration Tests 0.5.0-SNAPSHOT      [1/3]
[INFO] --------------------------------[ jar ]---------------------------------
[INFO] Downloading from apache.snapshots.https: https://repository.apache.org/content/repositories/snapshots/org/apache/hadoop/hadoop-ozone-common/0.5.0-SNAPSHOT/maven-metadata.xml
[INFO] Downloaded from apache.snapshots.https: https://repository.apache.org/content/repositories/snapshots/org/apache/hadoop/hadoop-ozone-common/0.5.0-SNAPSHOT/maven-metadata.xml (1.2 kB at 1.1 kB/s)
[INFO] Downloading from apache.snapshots.https: https://repository.apache.org/content/repositories/snapshots/org/apache/hadoop/hadoop-ozone-common/0.5.0-SNAPSHOT/hadoop-ozone-common-0.5.0-20191027.194810-126.pom
[INFO] Downloaded from apache.snapshots.https: https://repository.apache.org/content/repositories/snapshots/org/apache/hadoop/hadoop-ozone-common/0.5.0-SNAPSHOT/hadoop-ozone-common-0.5.0-20191027.194810-126.pom (6.1 kB at 8.8 kB/s)
[INFO] Downloading from apache.snapshots.https: https://repository.apache.org/content/repositories/snapshots/org/apache/hadoop/hadoop-ozone/0.5.0-SNAPSHOT/maven-metadata.xml
[INFO] Downloaded from apache.snapshots.https: https://repository.apache.org/content/repositories/snapshots/org/apache/hadoop/hadoop-ozone/0.5.0-SNAPSHOT/maven-metadata.xml (1.0 kB at 1.6 kB/s)
[INFO] Downloading from apache.snapshots.https: https://repository.apache.org/content/repositories/snapshots/org/apache/hadoop/hadoop-ozone/0.5.0-SNAPSHOT/hadoop-ozone-0.5.0-20191027.194743-126.pom
[INFO] Downloaded from apache.snapshots.https: https://repository.apache.org/content/repositories/snapshots/org/apache/hadoop/hadoop-ozone/0.5.0-SNAPSHOT/hadoop-ozone-0.5.0-20191027.194743-126.pom (16 kB at 21 kB/s)
[INFO] Downloading from apache.snapshots.https: https://repository.apache.org/content/repositories/snapshots/org/apache/hadoop/hadoop-hdds-tools/0.5.0-SNAPSHOT/maven-metadata.xml
[INFO] Downloaded from apache.snapshots.https: https://repository.apache.org/content/repositories/snapshots/org/apache/hadoop/hadoop-hdds-tools/0.5.0-SNAPSHOT/maven-metadata.xml (1.2 kB at 1.9 kB/s)
[INFO] Downloading from apache.snapshots.https: https://repository.apache.org/content/repositories/snapshots/org/apache/hadoop/hadoop-hdds-tools/0.5.0-SNAPSHOT/hadoop-hdds-tools-0.5.0-20191027.194717-126.pom
[INFO] Downloaded from apache.snapshots.https: https://repository.apache.org/content/repositories/snapshots/org/apache/hadoop/hadoop-hdds-tools/0.5.0-SNAPSHOT/hadoop-hdds-tools-0.5.0-20191027.194717-126.pom (1.9 kB at 2.9 kB/s)
[INFO] Downloading from apache.snapshots.https: https://repository.apache.org/content/repositories/snapshots/org/apache/hadoop/hadoop-hdds-server-scm/0.5.0-SNAPSHOT/maven-metadata.xml
[INFO] Downloaded from apache.snapshots.https: https://repository.apache.org/content/repositories/snapshots/org/apache/hadoop/hadoop-hdds-server-scm/0.5.0-SNAPSHOT/maven-metadata.xml (1.2 kB at 1.9 kB/s)
[INFO] Downloading from apache.snapshots.https: https://repository.apache.org/content/repositories/snapshots/org/apache/hadoop/hadoop-hdds-server-scm/0.5.0-SNAPSHOT/hadoop-hdds-server-scm-0.5.0-20191027.194646-126.pom
[INFO] Downloaded from apache.snapshots.https: https://repository.apache.org/content/repositories/snapshots/org/apache/hadoop/hadoop-hdds-server-scm/0.5.0-SNAPSHOT/hadoop-hdds-server-scm-0.5.0-20191027.194646-126.pom (5.1 kB at 7.9 kB/s)
[INFO] Downloading from apache.snapshots.https: https://repository.apache.org/content/repositories/snapshots/org/apache/hadoop/hadoop-ozone-ozone-manager/0.5.0-SNAPSHOT/maven-metadata.xml
[INFO] Downloaded from apache.snapshots.https: https://repository.apache.org/content/repositories/snapshots/org/apache/hadoop/hadoop-ozone-ozone-manager/0.5.0-SNAPSHOT/maven-metadata.xml (1.2 kB at 1.9 kB/s)
[INFO] Downloading from apache.snapshots.https: https://repository.apache.org/content/repositories/snapshots/org/apache/hadoop/hadoop-ozone-ozone-manager/0.5.0-SNAPSHOT/hadoop-ozone-ozone-manager-0.5.0-20191027.194916-126.pom
[INFO] Downloaded from apache.snapshots.https: https://repository.apache.org/content/repositories/snapshots/org/apache/hadoop/hadoop-ozone-ozone-manager/0.5.0-SNAPSHOT/hadoop-ozone-ozone-manager-0.5.0-20191027.194916-126.pom (4.4 kB at 6.8 kB/s)
[INFO] Downloading from apache.snapshots.https: https://repository.apache.org/content/repositories/snapshots/org/apache/hadoop/hadoop-ozone-client/0.5.0-SNAPSHOT/maven-metadata.xml
[INFO] Downloaded from apache.snapshots.https: https://repository.apache.org/content/repositories/snapshots/org/apache/hadoop/hadoop-ozone-client/0.5.0-SNAPSHOT/maven-metadata.xml (1.2 kB at 1.9 kB/s)
[INFO] Downloading from apache.snapshots.https: https://repository.apache.org/content/repositories/snapshots/org/apache/hadoop/hadoop-ozone-client/0.5.0-SNAPSHOT/hadoop-ozone-client-0.5.0-20191027.194845-126.pom
[INFO] Downloaded from apache.snapshots.https: https://repository.apache.org/content/repositories/snapshots/org/apache/hadoop/hadoop-ozone-client/0.5.0-SNAPSHOT/hadoop-ozone-client-0.5.0-20191027.194845-126.pom (1.5 kB at 2.3 kB/s)
[INFO] Downloading from apache.snapshots.https: https://repository.apache.org/content/repositories/snapshots/org/apache/hadoop/hadoop-ozone-s3gateway/0.5.0-SNAPSHOT/maven-metadata.xml
[INFO] Downloaded from apache.snapshots.https: https://repository.apache.org/content/repositories/snapshots/org/apache/hadoop/hadoop-ozone-s3gateway/0.5.0-SNAPSHOT/maven-metadata.xml (1.2 kB at 1.9 kB/s)
[INFO] Downloading from apache.snapshots.https: https://repository.apache.org/content/repositories/snapshots/org/apache/hadoop/hadoop-ozone-s3gateway/0.5.0-SNAPSHOT/hadoop-ozone-s3gateway-0.5.0-20191027.194951-126.pom
[INFO] Downloaded from apache.snapshots.https: https://repository.apache.org/content/repositories/snapshots/org/apache/hadoop/hadoop-ozone-s3gateway/0.5.0-SNAPSHOT/hadoop-ozone-s3gateway-0.5.0-20191027.194951-126.pom (8.4 kB at 13 kB/s)
[INFO] Downloading from apache.snapshots.https: https://repository.apache.org/content/repositories/snapshots/org/apache/hadoop/hadoop-ozone-csi/0.5.0-SNAPSHOT/maven-metadata.xml
[INFO] Downloaded from apache.snapshots.https: https://repository.apache.org/content/repositories/snapshots/org/apache/hadoop/hadoop-ozone-csi/0.5.0-SNAPSHOT/maven-metadata.xml (1.2 kB at 1.9 kB/s)
[INFO] Downloading from apache.snapshots.https: https://repository.apache.org/content/repositories/snapshots/org/apache/hadoop/hadoop-ozone-csi/0.5.0-SNAPSHOT/hadoop-ozone-csi-0.5.0-20191027.195024-48.pom
[INFO] Downloaded from apache.snapshots.https: https://repository.apache.org/content/repositories/snapshots/org/apache/hadoop/hadoop-ozone-csi/0.5.0-SNAPSHOT/hadoop-ozone-csi-0.5.0-20191027.195024-48.pom (6.2 kB at 9.5 kB/s)
[INFO] Downloading from repository.jboss.org: http://repository.jboss.org/nexus/content/groups/public/io/grpc/grpc-core/maven-metadata.xml
[INFO] Downloading from apache.snapshots.https: https://repository.apache.org/content/repositories/snapshots/io/grpc/grpc-core/maven-metadata.xml
[INFO] Downloading from central: https://repo.maven.apache.org/maven2/io/grpc/grpc-core/maven-metadata.xml
[INFO] Downloaded from central: https://repo.maven.apache.org/maven2/io/grpc/grpc-core/maven-metadata.xml (2.3 kB at 31 kB/s)
[INFO] Downloading from central: https://repo.maven.apache.org/maven2/io/netty/netty-codec-http2/maven-metadata.xml
[INFO] Downloading from repository.jboss.org: http://repository.jboss.org/nexus/content/groups/public/io/netty/netty-codec-http2/maven-metadata.xml
[INFO] Downloading from apache.snapshots.https: https://repository.apache.org/content/repositories/snapshots/io/netty/netty-codec-http2/maven-metadata.xml
[INFO] Downloaded from central: https://repo.maven.apache.org/maven2/io/netty/netty-codec-http2/maven-metadata.xml (2.4 kB at 41 kB/s)
[INFO] Downloading from apache.snapshots.https: https://repository.apache.org/content/repositories/snapshots/org/apache/hadoop/hadoop-ozone-recon/0.5.0-SNAPSHOT/maven-metadata.xml
[INFO] Downloaded from apache.snapshots.https: https://repository.apache.org/content/repositories/snapshots/org/apache/hadoop/hadoop-ozone-recon/0.5.0-SNAPSHOT/maven-metadata.xml (1.2 kB at 1.9 kB/s)
[INFO] Downloading from apache.snapshots.https: https://repository.apache.org/content/repositories/snapshots/org/apache/hadoop/hadoop-ozone-recon/0.5.0-SNAPSHOT/hadoop-ozone-recon-0.5.0-20191027.195243-125.pom
[INFO] Downloaded from apache.snapshots.https: https://repository.apache.org/content/repositories/snapshots/org/apache/hadoop/hadoop-ozone-recon/0.5.0-SNAPSHOT/hadoop-ozone-recon-0.5.0-20191027.195243-125.pom (10 kB at 16 kB/s)
[INFO] Downloading from apache.snapshots.https: https://repository.apache.org/content/repositories/snapshots/org/apache/hadoop/hadoop-ozone-reconcodegen/0.5.0-SNAPSHOT/maven-metadata.xml
[INFO] Downloaded from apache.snapshots.https: https://repository.apache.org/content/repositories/snapshots/org/apache/hadoop/hadoop-ozone-reconcodegen/0.5.0-SNAPSHOT/maven-metadata.xml (1.2 kB at 1.9 kB/s)
[INFO] Downloading from apache.snapshots.https: https://repository.apache.org/content/repositories/snapshots/org/apache/hadoop/hadoop-ozone-reconcodegen/0.5.0-SNAPSHOT/hadoop-ozone-reconcodegen-0.5.0-20191027.195058-93.pom
[INFO] Downloaded from apache.snapshots.https: https://repository.apache.org/content/repositories/snapshots/org/apache/hadoop/hadoop-ozone-reconcodegen/0.5.0-SNAPSHOT/hadoop-ozone-reconcodegen-0.5.0-20191027.195058-93.pom (2.5 kB at 3.7 kB/s)
[INFO] Downloading from apache.snapshots.https: https://repository.apache.org/content/repositories/snapshots/org/apache/hadoop/hadoop-hdds-tools/0.5.0-SNAPSHOT/hadoop-hdds-tools-0.5.0-20191027.194717-126.jar
[INFO] Downloading from apache.snapshots.https: https://repository.apache.org/content/repositories/snapshots/org/apache/hadoop/hadoop-ozone-s3gateway/0.5.0-SNAPSHOT/hadoop-ozone-s3gateway-0.5.0-20191027.194951-126.jar
[INFO] Downloading from apache.snapshots.https: https://repository.apache.org/content/repositories/snapshots/org/apache/hadoop/hadoop-ozone-ozone-manager/0.5.0-SNAPSHOT/hadoop-ozone-ozone-manager-0.5.0-20191027.194916-126.jar
[INFO] Downloading from apache.snapshots.https: https://repository.apache.org/content/repositories/snapshots/org/apache/hadoop/hadoop-hdds-server-scm/0.5.0-SNAPSHOT/hadoop-hdds-server-scm-0.5.0-20191027.194646-126.jar
[INFO] Downloading from apache.snapshots.https: https://repository.apache.org/content/repositories/snapshots/org/apache/hadoop/hadoop-ozone-common/0.5.0-SNAPSHOT/hadoop-ozone-common-0.5.0-20191027.194810-126.jar
[INFO] Downloaded from apache.snapshots.https: https://repository.apache.org/content/repositories/snapshots/org/apache/hadoop/hadoop-hdds-tools/0.5.0-SNAPSHOT/hadoop-hdds-tools-0.5.0-20191027.194717-126.jar (78 kB at 94 kB/s)
[INFO] Downloading from apache.snapshots.https: https://repository.apache.org/content/repositories/snapshots/org/apache/hadoop/hadoop-ozone-csi/0.5.0-SNAPSHOT/hadoop-ozone-csi-0.5.0-20191027.195024-48.jar
[INFO] Downloaded from apache.snapshots.https: https://repository.apache.org/content/repositories/snapshots/org/apache/hadoop/hadoop-ozone-s3gateway/0.5.0-SNAPSHOT/hadoop-ozone-s3gateway-0.5.0-20191027.194951-126.jar (2.0 MB at 1.7 MB/s)
[INFO] Downloading from apache.snapshots.https: https://repository.apache.org/content/repositories/snapshots/org/apache/hadoop/hadoop-ozone-recon/0.5.0-SNAPSHOT/hadoop-ozone-recon-0.5.0-20191027.195243-125.jar
[INFO] Downloaded from apache.snapshots.https: https://repository.apache.org/content/repositories/snapshots/org/apache/hadoop/hadoop-ozone-common/0.5.0-SNAPSHOT/hadoop-ozone-common-0.5.0-20191027.194810-126.jar (1.7 MB at 1.4 MB/s)
[INFO] Downloading from apache.snapshots.https: https://repository.apache.org/content/repositories/snapshots/org/apache/hadoop/hadoop-ozone-reconcodegen/0.5.0-SNAPSHOT/hadoop-ozone-reconcodegen-0.5.0-20191027.195058-93.jar
[INFO] Downloaded from apache.snapshots.https: https://repository.apache.org/content/repositories/snapshots/org/apache/hadoop/hadoop-ozone-ozone-manager/0.5.0-SNAPSHOT/hadoop-ozone-ozone-manager-0.5.0-20191027.194916-126.jar (2.4 MB at 1.9 MB/s)
[INFO] Downloading from apache.snapshots.https: https://repository.apache.org/content/repositories/snapshots/org/apache/hadoop/hadoop-ozone-client/0.5.0-SNAPSHOT/hadoop-ozone-client-0.5.0-20191027.194845-126.jar
[INFO] Downloaded from apache.snapshots.https: https://repository.apache.org/content/repositories/snapshots/org/apache/hadoop/hadoop-hdds-server-scm/0.5.0-SNAPSHOT/hadoop-hdds-server-scm-0.5.0-20191027.194646-126.jar (2.2 MB at 1.5 MB/s)
[INFO] Downloading from apache.snapshots.https: https://repository.apache.org/content/repositories/snapshots/org/apache/hadoop/hadoop-ozone-ozone-manager/0.5.0-SNAPSHOT/hadoop-ozone-ozone-manager-0.5.0-20191027.194916-126-tests.jar
[INFO] Downloaded from apache.snapshots.https: https://repository.apache.org/content/repositories/snapshots/org/apache/hadoop/hadoop-ozone-csi/0.5.0-SNAPSHOT/hadoop-ozone-csi-0.5.0-20191027.195024-48.jar (941 kB at 481 kB/s)
[INFO] Downloading from apache.snapshots.https: https://repository.apache.org/content/repositories/snapshots/org/apache/hadoop/hadoop-hdds-server-scm/0.5.0-SNAPSHOT/hadoop-hdds-server-scm-0.5.0-20191027.194646-126-tests.jar
[INFO] Downloaded from apache.snapshots.https: https://repository.apache.org/content/repositories/snapshots/org/apache/hadoop/hadoop-ozone-reconcodegen/0.5.0-SNAPSHOT/hadoop-ozone-reconcodegen-0.5.0-20191027.195058-93.jar (55 kB at 27 kB/s)
[INFO] Downloaded from apache.snapshots.https: https://repository.apache.org/content/repositories/snapshots/org/apache/hadoop/hadoop-ozone-client/0.5.0-SNAPSHOT/hadoop-ozone-client-0.5.0-20191027.194845-126.jar (126 kB at 58 kB/s)
[INFO] Downloaded from apache.snapshots.https: https://repository.apache.org/content/repositories/snapshots/org/apache/hadoop/hadoop-ozone-ozone-manager/0.5.0-SNAPSHOT/hadoop-ozone-ozone-manager-0.5.0-20191027.194916-126-tests.jar (285 kB at 118 kB/s)
[INFO] Downloaded from apache.snapshots.https: https://repository.apache.org/content/repositories/snapshots/org/apache/hadoop/hadoop-ozone-recon/0.5.0-SNAPSHOT/hadoop-ozone-recon-0.5.0-20191027.195243-125.jar (2.0 MB at 813 kB/s)
[INFO] Downloaded from apache.snapshots.https: https://repository.apache.org/content/repositories/snapshots/org/apache/hadoop/hadoop-hdds-server-scm/0.5.0-SNAPSHOT/hadoop-hdds-server-scm-0.5.0-20191027.194646-126-tests.jar (255 kB at 88 kB/s)
[INFO] 
[INFO] --- maven-antrun-plugin:1.3:run (create-testdirs) @ hadoop-ozone-integration-test ---
[INFO] Executing tasks
[INFO] Executed tasks
[INFO] 
[INFO] --- maven-remote-resources-plugin:1.5:process (default) @ hadoop-ozone-integration-test ---
[INFO] artifact io.grpc:grpc-core: checking for updates from apache.snapshots.https
[INFO] artifact io.grpc:grpc-core: checking for updates from repository.jboss.org
[INFO] artifact io.grpc:grpc-core: checking for updates from central
[INFO] artifact io.netty:netty-codec-http2: checking for updates from apache.snapshots.https
[INFO] artifact io.netty:netty-codec-http2: checking for updates from repository.jboss.org
[INFO] artifact io.netty:netty-codec-http2: checking for updates from central
[INFO] 
[INFO] --- maven-resources-plugin:2.6:resources (default-resources) @ hadoop-ozone-integration-test ---
[INFO] Using 'UTF-8' encoding to copy filtered resources.
[INFO] skip non existing resourceDirectory /workdir/hadoop-ozone/integration-test/src/main/resources
[INFO] Copying 2 resources
[INFO] 
[INFO] --- maven-compiler-plugin:3.1:compile (default-compile) @ hadoop-ozone-integration-test ---
[INFO] No sources to compile
[INFO] 
[INFO] --- maven-resources-plugin:2.6:testResources (default-testResources) @ hadoop-ozone-integration-test ---
[INFO] Using 'UTF-8' encoding to copy filtered resources.
[INFO] Copying 17 resources
[INFO] Copying 2 resources
[INFO] 
[INFO] --- maven-compiler-plugin:3.1:testCompile (default-testCompile) @ hadoop-ozone-integration-test ---
[INFO] Compiling 115 source files to /workdir/hadoop-ozone/integration-test/target/test-classes
[INFO] -------------------------------------------------------------
[ERROR] COMPILATION ERROR : 
[INFO] -------------------------------------------------------------
[ERROR] /workdir/hadoop-ozone/integration-test/src/test/java/org/apache/hadoop/ozone/MiniOzoneClusterImpl.java:[54,39] cannot find symbol
  symbol:   class OzoneManagerStorageInitializer
  location: package org.apache.hadoop.ozone.om.init
[ERROR] /workdir/hadoop-ozone/integration-test/src/test/java/org/apache/hadoop/ozone/MiniOzoneClusterImpl.java:[55,39] cannot find symbol
  symbol:   class OzoneManagerStorageInitializerForTests
  location: package org.apache.hadoop.ozone.om.init
[ERROR] /workdir/hadoop-ozone/integration-test/src/test/java/org/apache/hadoop/ozone/om/TestOmInit.java:[24,39] cannot find symbol
  symbol:   class OzoneManagerStorageInitializer
  location: package org.apache.hadoop.ozone.om.init
[ERROR] /workdir/hadoop-ozone/integration-test/src/test/java/org/apache/hadoop/ozone/om/TestOmInit.java:[25,39] cannot find symbol
  symbol:   class OzoneManagerStorageInitializerForTests
  location: package org.apache.hadoop.ozone.om.init
[ERROR] /workdir/hadoop-ozone/integration-test/src/test/java/org/apache/hadoop/ozone/TestSecureOzoneCluster.java:[43,41] cannot find symbol
  symbol:   class SCMHTTPServerConfig
  location: package org.apache.hadoop.hdds.scm.server
[ERROR] /workdir/hadoop-ozone/integration-test/src/test/java/org/apache/hadoop/ozone/TestSecureOzoneCluster.java:[65,39] cannot find symbol
  symbol:   class OzoneManagerStorageInitializer
  location: package org.apache.hadoop.ozone.om.init
[ERROR] /workdir/hadoop-ozone/integration-test/src/test/java/org/apache/hadoop/ozone/TestSecureOzoneCluster.java:[66,39] cannot find symbol
  symbol:   class OzoneManagerStorageInitializerForTests
  location: package org.apache.hadoop.ozone.om.init
[INFO] 7 errors 
[INFO] -------------------------------------------------------------
[INFO] 
[INFO] -------------< org.apache.hadoop:hadoop-ozone-filesystem >--------------
[INFO] Building Apache Hadoop Ozone FileSystem 0.5.0-SNAPSHOT             [2/3]
[INFO] --------------------------------[ jar ]---------------------------------
[INFO] Downloading from apache.snapshots.https: https://repository.apache.org/content/repositories/snapshots/org/apache/hadoop/hadoop-ozone-integration-test/0.5.0-SNAPSHOT/maven-metadata.xml
[INFO] Downloaded from apache.snapshots.https: https://repository.apache.org/content/repositories/snapshots/org/apache/hadoop/hadoop-ozone-integration-test/0.5.0-SNAPSHOT/maven-metadata.xml (1.2 kB at 1.9 kB/s)
[INFO] Downloading from apache.snapshots.https: https://repository.apache.org/content/repositories/snapshots/org/apache/hadoop/hadoop-ozone-integration-test/0.5.0-SNAPSHOT/hadoop-ozone-integration-test-0.5.0-20191027.195323-125-tests.jar
[INFO] Downloaded from apache.snapshots.https: https://repository.apache.org/content/repositories/snapshots/org/apache/hadoop/hadoop-ozone-integration-test/0.5.0-SNAPSHOT/hadoop-ozone-integration-test-0.5.0-20191027.195323-125-tests.jar (623 kB at 599 kB/s)
[INFO] 
[INFO] --- maven-antrun-plugin:1.3:run (create-testdirs) @ hadoop-ozone-filesystem ---
[INFO] Executing tasks
[INFO] Executed tasks
[INFO] 
[INFO] --- maven-remote-resources-plugin:1.5:process (default) @ hadoop-ozone-filesystem ---
[INFO] Downloading from apache.snapshots.https: https://repository.apache.org/content/repositories/snapshots/org/apache/hadoop/hadoop-ozone-integration-test/0.5.0-SNAPSHOT/hadoop-ozone-integration-test-0.5.0-20191027.195323-125.pom
[INFO] Downloaded from apache.snapshots.https: https://repository.apache.org/content/repositories/snapshots/org/apache/hadoop/hadoop-ozone-integration-test/0.5.0-SNAPSHOT/hadoop-ozone-integration-test-0.5.0-20191027.195323-125.pom (4.3 kB at 6.7 kB/s)
[INFO] 
[INFO] --- maven-resources-plugin:2.6:resources (default-resources) @ hadoop-ozone-filesystem ---
[INFO] Using 'UTF-8' encoding to copy filtered resources.
[INFO] Copying 3 resources
[INFO] Copying 2 resources
[INFO] 
[INFO] --- maven-compiler-plugin:3.1:compile (default-compile) @ hadoop-ozone-filesystem ---
[INFO] Compiling 19 source files to /workdir/hadoop-ozone/ozonefs/target/classes
[WARNING] /workdir/hadoop-ozone/ozonefs/src/main/java/org/apache/hadoop/fs/ozone/BasicOzoneClientAdapterImpl.java: /workdir/hadoop-ozone/ozonefs/src/main/java/org/apache/hadoop/fs/ozone/BasicOzoneClientAdapterImpl.java uses unchecked or unsafe operations.
[WARNING] /workdir/hadoop-ozone/ozonefs/src/main/java/org/apache/hadoop/fs/ozone/BasicOzoneClientAdapterImpl.java: Recompile with -Xlint:unchecked for details.
[INFO] 
[INFO] --- maven-dependency-plugin:3.0.2:list (deplist) @ hadoop-ozone-filesystem ---
[INFO] 
[INFO] --- maven-resources-plugin:2.6:testResources (default-testResources) @ hadoop-ozone-filesystem ---
[INFO] Using 'UTF-8' encoding to copy filtered resources.
[INFO] Copying 3 resources
[INFO] Copying 2 resources
[INFO] 
[INFO] --- maven-compiler-plugin:3.1:testCompile (default-testCompile) @ hadoop-ozone-filesystem ---
[INFO] Compiling 18 source files to /workdir/hadoop-ozone/ozonefs/target/test-classes
[INFO] 
[INFO] --- maven-surefire-plugin:3.0.0-M1:test (default-test) @ hadoop-ozone-filesystem ---
[INFO] Downloading from central: https://repo.maven.apache.org/maven2/org/apache/maven/surefire/surefire-junit4/3.0.0-M1/surefire-junit4-3.0.0-M1.jar
[INFO] Downloaded from central: https://repo.maven.apache.org/maven2/org/apache/maven/surefire/surefire-junit4/3.0.0-M1/surefire-junit4-3.0.0-M1.jar (17 kB at 391 kB/s)
[INFO] Downloading from central: https://repo.maven.apache.org/maven2/org/apache/maven/surefire/surefire-junit4/3.0.0-M1/surefire-junit4-3.0.0-M1.pom
[INFO] Downloaded from central: https://repo.maven.apache.org/maven2/org/apache/maven/surefire/surefire-junit4/3.0.0-M1/surefire-junit4-3.0.0-M1.pom (1.7 kB at 87 kB/s)
[INFO] Downloading from central: https://repo.maven.apache.org/maven2/org/apache/maven/surefire/surefire-providers/3.0.0-M1/surefire-providers-3.0.0-M1.pom
[INFO] Downloaded from central: https://repo.maven.apache.org/maven2/org/apache/maven/surefire/surefire-providers/3.0.0-M1/surefire-providers-3.0.0-M1.pom (2.5 kB at 121 kB/s)
[INFO] Downloading from central: https://repo.maven.apache.org/maven2/org/apache/maven/surefire/common-junit4/3.0.0-M1/common-junit4-3.0.0-M1.pom
[INFO] Downloaded from central: https://repo.maven.apache.org/maven2/org/apache/maven/surefire/common-junit4/3.0.0-M1/common-junit4-3.0.0-M1.pom (2.1 kB at 108 kB/s)
[INFO] Downloading from central: https://repo.maven.apache.org/maven2/org/apache/maven/surefire/common-junit3/3.0.0-M1/common-junit3-3.0.0-M1.pom
[INFO] Downloaded from central: https://repo.maven.apache.org/maven2/org/apache/maven/surefire/common-junit3/3.0.0-M1/common-junit3-3.0.0-M1.pom (1.6 kB at 79 kB/s)
[INFO] Downloading from central: https://repo.maven.apache.org/maven2/org/apache/maven/surefire/common-java5/3.0.0-M1/common-java5-3.0.0-M1.pom
[INFO] Downloaded from central: https://repo.maven.apache.org/maven2/org/apache/maven/surefire/common-java5/3.0.0-M1/common-java5-3.0.0-M1.pom (3.1 kB at 110 kB/s)
[INFO] Downloading from central: https://repo.maven.apache.org/maven2/org/apache/maven/surefire/common-java5/3.0.0-M1/common-java5-3.0.0-M1.jar
[INFO] Downloading from central: https://repo.maven.apache.org/maven2/org/apache/maven/surefire/common-junit4/3.0.0-M1/common-junit4-3.0.0-M1.jar
[INFO] Downloading from central: https://repo.maven.apache.org/maven2/org/apache/maven/surefire/common-junit3/3.0.0-M1/common-junit3-3.0.0-M1.jar
[INFO] Downloaded from central: https://repo.maven.apache.org/maven2/org/apache/maven/surefire/common-java5/3.0.0-M1/common-java5-3.0.0-M1.jar (32 kB at 1.1 MB/s)
[INFO] Downloaded from central: https://repo.maven.apache.org/maven2/org/apache/maven/surefire/common-junit3/3.0.0-M1/common-junit3-3.0.0-M1.jar (12 kB at 283 kB/s)
[INFO] Downloaded from central: https://repo.maven.apache.org/maven2/org/apache/maven/surefire/common-junit4/3.0.0-M1/common-junit4-3.0.0-M1.jar (28 kB at 438 kB/s)
[INFO] 
[INFO] -------------------------------------------------------
[INFO]  T E S T S
[INFO] -------------------------------------------------------
[INFO] Running org.apache.hadoop.fs.ozone.TestOzoneFileSystemWithMocks
[INFO] Tests run: 3, Failures: 0, Errors: 0, Skipped: 0, Time elapsed: 3.874 s - in org.apache.hadoop.fs.ozone.TestOzoneFileSystemWithMocks
[INFO] Running org.apache.hadoop.fs.ozone.TestOzoneFSInputStream
[ERROR] Tests run: 2, Failures: 0, Errors: 2, Skipped: 0, Time elapsed: 0.434 s <<< FAILURE! - in org.apache.hadoop.fs.ozone.TestOzoneFSInputStream
[ERROR] org.apache.hadoop.fs.ozone.TestOzoneFSInputStream  Time elapsed: 0.434 s  <<< ERROR!
java.lang.NoSuchMethodError: org.apache.hadoop.hdds.HddsUtils.isHddsEnabled(Lorg/apache/hadoop/conf/Configuration;)Z
	at org.apache.hadoop.hdds.scm.server.StorageContainerManager.createSCM(StorageContainerManager.java:600)
	at org.apache.hadoop.ozone.MiniOzoneClusterImpl$Builder.createSCM(MiniOzoneClusterImpl.java:516)
	at org.apache.hadoop.ozone.MiniOzoneClusterImpl$Builder.build(MiniOzoneClusterImpl.java:428)
	at org.apache.hadoop.fs.ozone.TestOzoneFSInputStream.init(TestOzoneFSInputStream.java:68)
	at sun.reflect.NativeMethodAccessorImpl.invoke0(Native Method)
	at sun.reflect.NativeMethodAccessorImpl.invoke(NativeMethodAccessorImpl.java:62)
	at sun.reflect.DelegatingMethodAccessorImpl.invoke(DelegatingMethodAccessorImpl.java:43)
	at java.lang.reflect.Method.invoke(Method.java:498)
	at org.junit.runners.model.FrameworkMethod$1.runReflectiveCall(FrameworkMethod.java:47)
	at org.junit.internal.runners.model.ReflectiveCallable.run(ReflectiveCallable.java:12)
	at org.junit.runners.model.FrameworkMethod.invokeExplosively(FrameworkMethod.java:44)
	at org.junit.internal.runners.statements.RunBefores.evaluate(RunBefores.java:24)
	at org.junit.internal.runners.statements.RunAfters.evaluate(RunAfters.java:27)
	at org.junit.runners.ParentRunner.run(ParentRunner.java:309)
	at org.apache.maven.surefire.junit4.JUnit4Provider.execute(JUnit4Provider.java:365)
	at org.apache.maven.surefire.junit4.JUnit4Provider.executeWithRerun(JUnit4Provider.java:273)
	at org.apache.maven.surefire.junit4.JUnit4Provider.executeTestSet(JUnit4Provider.java:238)
	at org.apache.maven.surefire.junit4.JUnit4Provider.invoke(JUnit4Provider.java:159)
	at org.apache.maven.surefire.booter.ForkedBooter.invokeProviderInSameClassLoader(ForkedBooter.java:384)
	at org.apache.maven.surefire.booter.ForkedBooter.runSuitesInProcess(ForkedBooter.java:345)
	at org.apache.maven.surefire.booter.ForkedBooter.execute(ForkedBooter.java:126)
	at org.apache.maven.surefire.booter.ForkedBooter.main(ForkedBooter.java:418)

[ERROR] org.apache.hadoop.fs.ozone.TestOzoneFSInputStream  Time elapsed: 0.434 s  <<< ERROR!
java.lang.NullPointerException
	at org.apache.hadoop.fs.ozone.TestOzoneFSInputStream.shutdown(TestOzoneFSInputStream.java:96)
	at sun.reflect.NativeMethodAccessorImpl.invoke0(Native Method)
	at sun.reflect.NativeMethodAccessorImpl.invoke(NativeMethodAccessorImpl.java:62)
	at sun.reflect.DelegatingMethodAccessorImpl.invoke(DelegatingMethodAccessorImpl.java:43)
	at java.lang.reflect.Method.invoke(Method.java:498)
	at org.junit.runners.model.FrameworkMethod$1.runReflectiveCall(FrameworkMethod.java:47)
	at org.junit.internal.runners.model.ReflectiveCallable.run(ReflectiveCallable.java:12)
	at org.junit.runners.model.FrameworkMethod.invokeExplosively(FrameworkMethod.java:44)
	at org.junit.internal.runners.statements.RunAfters.evaluate(RunAfters.java:33)
	at org.junit.runners.ParentRunner.run(ParentRunner.java:309)
	at org.apache.maven.surefire.junit4.JUnit4Provider.execute(JUnit4Provider.java:365)
	at org.apache.maven.surefire.junit4.JUnit4Provider.executeWithRerun(JUnit4Provider.java:273)
	at org.apache.maven.surefire.junit4.JUnit4Provider.executeTestSet(JUnit4Provider.java:238)
	at org.apache.maven.surefire.junit4.JUnit4Provider.invoke(JUnit4Provider.java:159)
	at org.apache.maven.surefire.booter.ForkedBooter.invokeProviderInSameClassLoader(ForkedBooter.java:384)
	at org.apache.maven.surefire.booter.ForkedBooter.runSuitesInProcess(ForkedBooter.java:345)
	at org.apache.maven.surefire.booter.ForkedBooter.execute(ForkedBooter.java:126)
	at org.apache.maven.surefire.booter.ForkedBooter.main(ForkedBooter.java:418)

[INFO] Running org.apache.hadoop.fs.ozone.TestOzoneFileSystem
[ERROR] Tests run: 8, Failures: 0, Errors: 8, Skipped: 0, Time elapsed: 0.843 s <<< FAILURE! - in org.apache.hadoop.fs.ozone.TestOzoneFileSystem
[ERROR] testOzoneFsServiceLoader(org.apache.hadoop.fs.ozone.TestOzoneFileSystem)  Time elapsed: 0.406 s  <<< ERROR!
java.lang.NoSuchMethodError: org.apache.hadoop.hdds.HddsUtils.isHddsEnabled(Lorg/apache/hadoop/conf/Configuration;)Z
	at org.apache.hadoop.hdds.scm.server.StorageContainerManager.createSCM(StorageContainerManager.java:600)
	at org.apache.hadoop.ozone.MiniOzoneClusterImpl$Builder.createSCM(MiniOzoneClusterImpl.java:516)
	at org.apache.hadoop.ozone.MiniOzoneClusterImpl$Builder.build(MiniOzoneClusterImpl.java:428)
	at org.apache.hadoop.fs.ozone.TestOzoneFileSystem.init(TestOzoneFileSystem.java:73)
	at sun.reflect.NativeMethodAccessorImpl.invoke0(Native Method)
	at sun.reflect.NativeMethodAccessorImpl.invoke(NativeMethodAccessorImpl.java:62)
	at sun.reflect.DelegatingMethodAccessorImpl.invoke(DelegatingMethodAccessorImpl.java:43)
	at java.lang.reflect.Method.invoke(Method.java:498)
	at org.junit.runners.model.FrameworkMethod$1.runReflectiveCall(FrameworkMethod.java:47)
	at org.junit.internal.runners.model.ReflectiveCallable.run(ReflectiveCallable.java:12)
	at org.junit.runners.model.FrameworkMethod.invokeExplosively(FrameworkMethod.java:44)
	at org.junit.internal.runners.statements.RunBefores.evaluate(RunBefores.java:24)
	at org.junit.internal.runners.statements.RunAfters.evaluate(RunAfters.java:27)
	at org.junit.internal.runners.statements.FailOnTimeout$StatementThread.run(FailOnTimeout.java:74)

[ERROR] testListStatusOnRoot(org.apache.hadoop.fs.ozone.TestOzoneFileSystem)  Time elapsed: 0.077 s  <<< ERROR!
java.lang.NoSuchMethodError: org.apache.hadoop.hdds.HddsUtils.isHddsEnabled(Lorg/apache/hadoop/conf/Configuration;)Z
	at org.apache.hadoop.hdds.scm.server.StorageContainerManager.createSCM(StorageContainerManager.java:600)
	at org.apache.hadoop.ozone.MiniOzoneClusterImpl$Builder.createSCM(MiniOzoneClusterImpl.java:516)
	at org.apache.hadoop.ozone.MiniOzoneClusterImpl$Builder.build(MiniOzoneClusterImpl.java:428)
	at org.apache.hadoop.fs.ozone.TestOzoneFileSystem.init(TestOzoneFileSystem.java:73)
	at sun.reflect.NativeMethodAccessorImpl.invoke0(Native Method)
	at sun.reflect.NativeMethodAccessorImpl.invoke(NativeMethodAccessorImpl.java:62)
	at sun.reflect.DelegatingMethodAccessorImpl.invoke(DelegatingMethodAccessorImpl.java:43)
	at java.lang.reflect.Method.invoke(Method.java:498)
	at org.junit.runners.model.FrameworkMethod$1.runReflectiveCall(FrameworkMethod.java:47)
	at org.junit.internal.runners.model.ReflectiveCallable.run(ReflectiveCallable.java:12)
	at org.junit.runners.model.FrameworkMethod.invokeExplosively(FrameworkMethod.java:44)
	at org.junit.internal.runners.statements.RunBefores.evaluate(RunBefores.java:24)
	at org.junit.internal.runners.statements.RunAfters.evaluate(RunAfters.java:27)
	at org.junit.internal.runners.statements.FailOnTimeout$StatementThread.run(FailOnTimeout.java:74)

[ERROR] testListStatusOnSubDirs(org.apache.hadoop.fs.ozone.TestOzoneFileSystem)  Time elapsed: 0.051 s  <<< ERROR!
java.lang.NoSuchMethodError: org.apache.hadoop.hdds.HddsUtils.isHddsEnabled(Lorg/apache/hadoop/conf/Configuration;)Z
	at org.apache.hadoop.hdds.scm.server.StorageContainerManager.createSCM(StorageContainerManager.java:600)
	at org.apache.hadoop.ozone.MiniOzoneClusterImpl$Builder.createSCM(MiniOzoneClusterImpl.java:516)
	at org.apache.hadoop.ozone.MiniOzoneClusterImpl$Builder.build(MiniOzoneClusterImpl.java:428)
	at org.apache.hadoop.fs.ozone.TestOzoneFileSystem.init(TestOzoneFileSystem.java:73)
	at sun.reflect.NativeMethodAccessorImpl.invoke0(Native Method)
	at sun.reflect.NativeMethodAccessorImpl.invoke(NativeMethodAccessorImpl.java:62)
	at sun.reflect.DelegatingMethodAccessorImpl.invoke(DelegatingMethodAccessorImpl.java:43)
	at java.lang.reflect.Method.invoke(Method.java:498)
	at org.junit.runners.model.FrameworkMethod$1.runReflectiveCall(FrameworkMethod.java:47)
	at org.junit.internal.runners.model.ReflectiveCallable.run(ReflectiveCallable.java:12)
	at org.junit.runners.model.FrameworkMethod.invokeExplosively(FrameworkMethod.java:44)
	at org.junit.internal.runners.statements.RunBefores.evaluate(RunBefores.java:24)
	at org.junit.internal.runners.statements.RunAfters.evaluate(RunAfters.java:27)
	at org.junit.internal.runners.statements.FailOnTimeout$StatementThread.run(FailOnTimeout.java:74)

[ERROR] testListStatus(org.apache.hadoop.fs.ozone.TestOzoneFileSystem)  Time elapsed: 0.04 s  <<< ERROR!
java.lang.NoSuchMethodError: org.apache.hadoop.hdds.HddsUtils.isHddsEnabled(Lorg/apache/hadoop/conf/Configuration;)Z
	at org.apache.hadoop.hdds.scm.server.StorageContainerManager.createSCM(StorageContainerManager.java:600)
	at org.apache.hadoop.ozone.MiniOzoneClusterImpl$Builder.createSCM(MiniOzoneClusterImpl.java:516)
	at org.apache.hadoop.ozone.MiniOzoneClusterImpl$Builder.build(MiniOzoneClusterImpl.java:428)
	at org.apache.hadoop.fs.ozone.TestOzoneFileSystem.init(TestOzoneFileSystem.java:73)
	at sun.reflect.NativeMethodAccessorImpl.invoke0(Native Method)
	at sun.reflect.NativeMethodAccessorImpl.invoke(NativeMethodAccessorImpl.java:62)
	at sun.reflect.DelegatingMethodAccessorImpl.invoke(DelegatingMethodAccessorImpl.java:43)
	at java.lang.reflect.Method.invoke(Method.java:498)
	at org.junit.runners.model.FrameworkMethod$1.runReflectiveCall(FrameworkMethod.java:47)
	at org.junit.internal.runners.model.ReflectiveCallable.run(ReflectiveCallable.java:12)
	at org.junit.runners.model.FrameworkMethod.invokeExplosively(FrameworkMethod.java:44)
	at org.junit.internal.runners.statements.RunBefores.evaluate(RunBefores.java:24)
	at org.junit.internal.runners.statements.RunAfters.evaluate(RunAfters.java:27)
	at org.junit.internal.runners.statements.FailOnTimeout$StatementThread.run(FailOnTimeout.java:74)

[ERROR] testCreateDoesNotAddParentDirKeys(org.apache.hadoop.fs.ozone.TestOzoneFileSystem)  Time elapsed: 0.041 s  <<< ERROR!
java.lang.NoSuchMethodError: org.apache.hadoop.hdds.HddsUtils.isHddsEnabled(Lorg/apache/hadoop/conf/Configuration;)Z
	at org.apache.hadoop.hdds.scm.server.StorageContainerManager.createSCM(StorageContainerManager.java:600)
	at org.apache.hadoop.ozone.MiniOzoneClusterImpl$Builder.createSCM(MiniOzoneClusterImpl.java:516)
	at org.apache.hadoop.ozone.MiniOzoneClusterImpl$Builder.build(MiniOzoneClusterImpl.java:428)
	at org.apache.hadoop.fs.ozone.TestOzoneFileSystem.init(TestOzoneFileSystem.java:73)
	at sun.reflect.NativeMethodAccessorImpl.invoke0(Native Method)
	at sun.reflect.NativeMethodAccessorImpl.invoke(NativeMethodAccessorImpl.java:62)
	at sun.reflect.DelegatingMethodAccessorImpl.invoke(DelegatingMethodAccessorImpl.java:43)
	at java.lang.reflect.Method.invoke(Method.java:498)
	at org.junit.runners.model.FrameworkMethod$1.runReflectiveCall(FrameworkMethod.java:47)
	at org.junit.internal.runners.model.ReflectiveCallable.run(ReflectiveCallable.java:12)
	at org.junit.runners.model.FrameworkMethod.invokeExplosively(FrameworkMethod.java:44)
	at org.junit.internal.runners.statements.RunBefores.evaluate(RunBefores.java:24)
	at org.junit.internal.runners.statements.RunAfters.evaluate(RunAfters.java:27)
	at org.junit.internal.runners.statements.FailOnTimeout$StatementThread.run(FailOnTimeout.java:74)

[ERROR] testDeleteCreatesFakeParentDir(org.apache.hadoop.fs.ozone.TestOzoneFileSystem)  Time elapsed: 0.04 s  <<< ERROR!
java.lang.NoSuchMethodError: org.apache.hadoop.hdds.HddsUtils.isHddsEnabled(Lorg/apache/hadoop/conf/Configuration;)Z
	at org.apache.hadoop.hdds.scm.server.StorageContainerManager.createSCM(StorageContainerManager.java:600)
	at org.apache.hadoop.ozone.MiniOzoneClusterImpl$Builder.createSCM(MiniOzoneClusterImpl.java:516)
	at org.apache.hadoop.ozone.MiniOzoneClusterImpl$Builder.build(MiniOzoneClusterImpl.java:428)
	at org.apache.hadoop.fs.ozone.TestOzoneFileSystem.init(TestOzoneFileSystem.java:73)
	at sun.reflect.NativeMethodAccessorImpl.invoke0(Native Method)
	at sun.reflect.NativeMethodAccessorImpl.invoke(NativeMethodAccessorImpl.java:62)
	at sun.reflect.DelegatingMethodAccessorImpl.invoke(DelegatingMethodAccessorImpl.java:43)
	at java.lang.reflect.Method.invoke(Method.java:498)
	at org.junit.runners.model.FrameworkMethod$1.runReflectiveCall(FrameworkMethod.java:47)
	at org.junit.internal.runners.model.ReflectiveCallable.run(ReflectiveCallable.java:12)
	at org.junit.runners.model.FrameworkMethod.invokeExplosively(FrameworkMethod.java:44)
	at org.junit.internal.runners.statements.RunBefores.evaluate(RunBefores.java:24)
	at org.junit.internal.runners.statements.RunAfters.evaluate(RunAfters.java:27)
	at org.junit.internal.runners.statements.FailOnTimeout$StatementThread.run(FailOnTimeout.java:74)

[ERROR] testNonExplicitlyCreatedPathExistsAfterItsLeafsWereRemoved(org.apache.hadoop.fs.ozone.TestOzoneFileSystem)  Time elapsed: 0.05 s  <<< ERROR!
java.lang.NoSuchMethodError: org.apache.hadoop.hdds.HddsUtils.isHddsEnabled(Lorg/apache/hadoop/conf/Configuration;)Z
	at org.apache.hadoop.hdds.scm.server.StorageContainerManager.createSCM(StorageContainerManager.java:600)
	at org.apache.hadoop.ozone.MiniOzoneClusterImpl$Builder.createSCM(MiniOzoneClusterImpl.java:516)
	at org.apache.hadoop.ozone.MiniOzoneClusterImpl$Builder.build(MiniOzoneClusterImpl.java:428)
	at org.apache.hadoop.fs.ozone.TestOzoneFileSystem.init(TestOzoneFileSystem.java:73)
	at sun.reflect.NativeMethodAccessorImpl.invoke0(Native Method)
	at sun.reflect.NativeMethodAccessorImpl.invoke(NativeMethodAccessorImpl.java:62)
	at sun.reflect.DelegatingMethodAccessorImpl.invoke(DelegatingMethodAccessorImpl.java:43)
	at java.lang.reflect.Method.invoke(Method.java:498)
	at org.junit.runners.model.FrameworkMethod$1.runReflectiveCall(FrameworkMethod.java:47)
	at org.junit.internal.runners.model.ReflectiveCallable.run(ReflectiveCallable.java:12)
	at org.junit.runners.model.FrameworkMethod.invokeExplosively(FrameworkMethod.java:44)
	at org.junit.internal.runners.statements.RunBefores.evaluate(RunBefores.java:24)
	at org.junit.internal.runners.statements.RunAfters.evaluate(RunAfters.java:27)
	at org.junit.internal.runners.statements.FailOnTimeout$StatementThread.run(FailOnTimeout.java:74)

[ERROR] testListStatusOnLargeDirectory(org.apache.hadoop.fs.ozone.TestOzoneFileSystem)  Time elapsed: 0.042 s  <<< ERROR!
java.lang.NoSuchMethodError: org.apache.hadoop.hdds.HddsUtils.isHddsEnabled(Lorg/apache/hadoop/conf/Configuration;)Z
	at org.apache.hadoop.hdds.scm.server.StorageContainerManager.createSCM(StorageContainerManager.java:600)
	at org.apache.hadoop.ozone.MiniOzoneClusterImpl$Builder.createSCM(MiniOzoneClusterImpl.java:516)
	at org.apache.hadoop.ozone.MiniOzoneClusterImpl$Builder.build(MiniOzoneClusterImpl.java:428)
	at org.apache.hadoop.fs.ozone.TestOzoneFileSystem.init(TestOzoneFileSystem.java:73)
	at sun.reflect.NativeMethodAccessorImpl.invoke0(Native Method)
	at sun.reflect.NativeMethodAccessorImpl.invoke(NativeMethodAccessorImpl.java:62)
	at sun.reflect.DelegatingMethodAccessorImpl.invoke(DelegatingMethodAccessorImpl.java:43)
	at java.lang.reflect.Method.invoke(Method.java:498)
	at org.junit.runners.model.FrameworkMethod$1.runReflectiveCall(FrameworkMethod.java:47)
	at org.junit.internal.runners.model.ReflectiveCallable.run(ReflectiveCallable.java:12)
	at org.junit.runners.model.FrameworkMethod.invokeExplosively(FrameworkMethod.java:44)
	at org.junit.internal.runners.statements.RunBefores.evaluate(RunBefores.java:24)
	at org.junit.internal.runners.statements.RunAfters.evaluate(RunAfters.java:27)
	at org.junit.internal.runners.statements.FailOnTimeout$StatementThread.run(FailOnTimeout.java:74)

[INFO] Running org.apache.hadoop.fs.ozone.TestFilteredClassLoader
[INFO] Tests run: 1, Failures: 0, Errors: 0, Skipped: 0, Time elapsed: 1.358 s - in org.apache.hadoop.fs.ozone.TestFilteredClassLoader
[INFO] Running org.apache.hadoop.fs.ozone.TestOzoneFsRenameDir
[ERROR] Tests run: 1, Failures: 0, Errors: 1, Skipped: 0, Time elapsed: 0.661 s <<< FAILURE! - in org.apache.hadoop.fs.ozone.TestOzoneFsRenameDir
[ERROR] testRenameDir(org.apache.hadoop.fs.ozone.TestOzoneFsRenameDir)  Time elapsed: 0.545 s  <<< ERROR!
java.lang.NoSuchMethodError: org.apache.hadoop.hdds.HddsUtils.isHddsEnabled(Lorg/apache/hadoop/conf/Configuration;)Z
	at org.apache.hadoop.hdds.scm.server.StorageContainerManager.createSCM(StorageContainerManager.java:600)
	at org.apache.hadoop.ozone.MiniOzoneClusterImpl$Builder.createSCM(MiniOzoneClusterImpl.java:516)
	at org.apache.hadoop.ozone.MiniOzoneClusterImpl$Builder.build(MiniOzoneClusterImpl.java:428)
	at org.apache.hadoop.fs.ozone.TestOzoneFsRenameDir.init(TestOzoneFsRenameDir.java:56)
	at sun.reflect.NativeMethodAccessorImpl.invoke0(Native Method)
	at sun.reflect.NativeMethodAccessorImpl.invoke(NativeMethodAccessorImpl.java:62)
	at sun.reflect.DelegatingMethodAccessorImpl.invoke(DelegatingMethodAccessorImpl.java:43)
	at java.lang.reflect.Method.invoke(Method.java:498)
	at org.junit.runners.model.FrameworkMethod$1.runReflectiveCall(FrameworkMethod.java:47)
	at org.junit.internal.runners.model.ReflectiveCallable.run(ReflectiveCallable.java:12)
	at org.junit.runners.model.FrameworkMethod.invokeExplosively(FrameworkMethod.java:44)
	at org.junit.internal.runners.statements.RunBefores.evaluate(RunBefores.java:24)
	at org.junit.internal.runners.statements.RunAfters.evaluate(RunAfters.java:27)
	at org.junit.runners.ParentRunner.runLeaf(ParentRunner.java:271)
	at org.junit.runners.BlockJUnit4ClassRunner.runChild(BlockJUnit4ClassRunner.java:70)
	at org.junit.runners.BlockJUnit4ClassRunner.runChild(BlockJUnit4ClassRunner.java:50)
	at org.junit.runners.ParentRunner$3.run(ParentRunner.java:238)
	at org.junit.runners.ParentRunner$1.schedule(ParentRunner.java:63)
	at org.junit.runners.ParentRunner.runChildren(ParentRunner.java:236)
	at org.junit.runners.ParentRunner.access$000(ParentRunner.java:53)
	at org.junit.runners.ParentRunner$2.evaluate(ParentRunner.java:229)
	at org.junit.runners.ParentRunner.run(ParentRunner.java:309)
	at org.apache.maven.surefire.junit4.JUnit4Provider.execute(JUnit4Provider.java:365)
	at org.apache.maven.surefire.junit4.JUnit4Provider.executeWithRerun(JUnit4Provider.java:273)
	at org.apache.maven.surefire.junit4.JUnit4Provider.executeTestSet(JUnit4Provider.java:238)
	at org.apache.maven.surefire.junit4.JUnit4Provider.invoke(JUnit4Provider.java:159)
	at org.apache.maven.surefire.booter.ForkedBooter.invokeProviderInSameClassLoader(ForkedBooter.java:384)
	at org.apache.maven.surefire.booter.ForkedBooter.runSuitesInProcess(ForkedBooter.java:345)
	at org.apache.maven.surefire.booter.ForkedBooter.execute(ForkedBooter.java:126)
	at org.apache.maven.surefire.booter.ForkedBooter.main(ForkedBooter.java:418)

[INFO] Running org.apache.hadoop.fs.ozone.contract.ITestOzoneContractSeek
[ERROR] Tests run: 1, Failures: 0, Errors: 1, Skipped: 0, Time elapsed: 0.455 s <<< FAILURE! - in org.apache.hadoop.fs.ozone.contract.ITestOzoneContractSeek
[ERROR] org.apache.hadoop.fs.ozone.contract.ITestOzoneContractSeek  Time elapsed: 0.454 s  <<< ERROR!
java.lang.NoSuchMethodError: org.apache.hadoop.hdds.HddsUtils.isHddsEnabled(Lorg/apache/hadoop/conf/Configuration;)Z
	at org.apache.hadoop.hdds.scm.server.StorageContainerManager.createSCM(StorageContainerManager.java:600)
	at org.apache.hadoop.ozone.MiniOzoneClusterImpl$Builder.createSCM(MiniOzoneClusterImpl.java:516)
	at org.apache.hadoop.ozone.MiniOzoneClusterImpl$Builder.build(MiniOzoneClusterImpl.java:428)
	at org.apache.hadoop.fs.ozone.contract.OzoneContract.createCluster(OzoneContract.java:66)
	at org.apache.hadoop.fs.ozone.contract.ITestOzoneContractSeek.createCluster(ITestOzoneContractSeek.java:35)
	at sun.reflect.NativeMethodAccessorImpl.invoke0(Native Method)
	at sun.reflect.NativeMethodAccessorImpl.invoke(NativeMethodAccessorImpl.java:62)
	at sun.reflect.DelegatingMethodAccessorImpl.invoke(DelegatingMethodAccessorImpl.java:43)
	at java.lang.reflect.Method.invoke(Method.java:498)
	at org.junit.runners.model.FrameworkMethod$1.runReflectiveCall(FrameworkMethod.java:47)
	at org.junit.internal.runners.model.ReflectiveCallable.run(ReflectiveCallable.java:12)
	at org.junit.runners.model.FrameworkMethod.invokeExplosively(FrameworkMethod.java:44)
	at org.junit.internal.runners.statements.RunBefores.evaluate(RunBefores.java:24)
	at org.junit.internal.runners.statements.RunAfters.evaluate(RunAfters.java:27)
	at org.junit.runners.ParentRunner.run(ParentRunner.java:309)
	at org.apache.maven.surefire.junit4.JUnit4Provider.execute(JUnit4Provider.java:365)
	at org.apache.maven.surefire.junit4.JUnit4Provider.executeWithRerun(JUnit4Provider.java:273)
	at org.apache.maven.surefire.junit4.JUnit4Provider.executeTestSet(JUnit4Provider.java:238)
	at org.apache.maven.surefire.junit4.JUnit4Provider.invoke(JUnit4Provider.java:159)
	at org.apache.maven.surefire.booter.ForkedBooter.invokeProviderInSameClassLoader(ForkedBooter.java:384)
	at org.apache.maven.surefire.booter.ForkedBooter.runSuitesInProcess(ForkedBooter.java:345)
	at org.apache.maven.surefire.booter.ForkedBooter.execute(ForkedBooter.java:126)
	at org.apache.maven.surefire.booter.ForkedBooter.main(ForkedBooter.java:418)

[INFO] Running org.apache.hadoop.fs.ozone.contract.ITestOzoneContractGetFileStatus
[ERROR] Tests run: 1, Failures: 0, Errors: 1, Skipped: 0, Time elapsed: 0.422 s <<< FAILURE! - in org.apache.hadoop.fs.ozone.contract.ITestOzoneContractGetFileStatus
[ERROR] org.apache.hadoop.fs.ozone.contract.ITestOzoneContractGetFileStatus  Time elapsed: 0.422 s  <<< ERROR!
java.lang.NoSuchMethodError: org.apache.hadoop.hdds.HddsUtils.isHddsEnabled(Lorg/apache/hadoop/conf/Configuration;)Z
	at org.apache.hadoop.hdds.scm.server.StorageContainerManager.createSCM(StorageContainerManager.java:600)
	at org.apache.hadoop.ozone.MiniOzoneClusterImpl$Builder.createSCM(MiniOzoneClusterImpl.java:516)
	at org.apache.hadoop.ozone.MiniOzoneClusterImpl$Builder.build(MiniOzoneClusterImpl.java:428)
	at org.apache.hadoop.fs.ozone.contract.OzoneContract.createCluster(OzoneContract.java:66)
	at org.apache.hadoop.fs.ozone.contract.ITestOzoneContractGetFileStatus.createCluster(ITestOzoneContractGetFileStatus.java:42)
	at sun.reflect.NativeMethodAccessorImpl.invoke0(Native Method)
	at sun.reflect.NativeMethodAccessorImpl.invoke(NativeMethodAccessorImpl.java:62)
	at sun.reflect.DelegatingMethodAccessorImpl.invoke(DelegatingMethodAccessorImpl.java:43)
	at java.lang.reflect.Method.invoke(Method.java:498)
	at org.junit.runners.model.FrameworkMethod$1.runReflectiveCall(FrameworkMethod.java:47)
	at org.junit.internal.runners.model.ReflectiveCallable.run(ReflectiveCallable.java:12)
	at org.junit.runners.model.FrameworkMethod.invokeExplosively(FrameworkMethod.java:44)
	at org.junit.internal.runners.statements.RunBefores.evaluate(RunBefores.java:24)
	at org.junit.internal.runners.statements.RunAfters.evaluate(RunAfters.java:27)
	at org.junit.runners.ParentRunner.run(ParentRunner.java:309)
	at org.apache.maven.surefire.junit4.JUnit4Provider.execute(JUnit4Provider.java:365)
	at org.apache.maven.surefire.junit4.JUnit4Provider.executeWithRerun(JUnit4Provider.java:273)
	at org.apache.maven.surefire.junit4.JUnit4Provider.executeTestSet(JUnit4Provider.java:238)
	at org.apache.maven.surefire.junit4.JUnit4Provider.invoke(JUnit4Provider.java:159)
	at org.apache.maven.surefire.booter.ForkedBooter.invokeProviderInSameClassLoader(ForkedBooter.java:384)
	at org.apache.maven.surefire.booter.ForkedBooter.runSuitesInProcess(ForkedBooter.java:345)
	at org.apache.maven.surefire.booter.ForkedBooter.execute(ForkedBooter.java:126)
	at org.apache.maven.surefire.booter.ForkedBooter.main(ForkedBooter.java:418)

[INFO] Running org.apache.hadoop.fs.ozone.contract.ITestOzoneContractMkdir
[ERROR] Tests run: 1, Failures: 0, Errors: 1, Skipped: 0, Time elapsed: 0.429 s <<< FAILURE! - in org.apache.hadoop.fs.ozone.contract.ITestOzoneContractMkdir
[ERROR] org.apache.hadoop.fs.ozone.contract.ITestOzoneContractMkdir  Time elapsed: 0.429 s  <<< ERROR!
java.lang.NoSuchMethodError: org.apache.hadoop.hdds.HddsUtils.isHddsEnabled(Lorg/apache/hadoop/conf/Configuration;)Z
	at org.apache.hadoop.hdds.scm.server.StorageContainerManager.createSCM(StorageContainerManager.java:600)
	at org.apache.hadoop.ozone.MiniOzoneClusterImpl$Builder.createSCM(MiniOzoneClusterImpl.java:516)
	at org.apache.hadoop.ozone.MiniOzoneClusterImpl$Builder.build(MiniOzoneClusterImpl.java:428)
	at org.apache.hadoop.fs.ozone.contract.OzoneContract.createCluster(OzoneContract.java:66)
	at org.apache.hadoop.fs.ozone.contract.ITestOzoneContractMkdir.createCluster(ITestOzoneContractMkdir.java:36)
	at sun.reflect.NativeMethodAccessorImpl.invoke0(Native Method)
	at sun.reflect.NativeMethodAccessorImpl.invoke(NativeMethodAccessorImpl.java:62)
	at sun.reflect.DelegatingMethodAccessorImpl.invoke(DelegatingMethodAccessorImpl.java:43)
	at java.lang.reflect.Method.invoke(Method.java:498)
	at org.junit.runners.model.FrameworkMethod$1.runReflectiveCall(FrameworkMethod.java:47)
	at org.junit.internal.runners.model.ReflectiveCallable.run(ReflectiveCallable.java:12)
	at org.junit.runners.model.FrameworkMethod.invokeExplosively(FrameworkMethod.java:44)
	at org.junit.internal.runners.statements.RunBefores.evaluate(RunBefores.java:24)
	at org.junit.internal.runners.statements.RunAfters.evaluate(RunAfters.java:27)
	at org.junit.runners.ParentRunner.run(ParentRunner.java:309)
	at org.apache.maven.surefire.junit4.JUnit4Provider.execute(JUnit4Provider.java:365)
	at org.apache.maven.surefire.junit4.JUnit4Provider.executeWithRerun(JUnit4Provider.java:273)
	at org.apache.maven.surefire.junit4.JUnit4Provider.executeTestSet(JUnit4Provider.java:238)
	at org.apache.maven.surefire.junit4.JUnit4Provider.invoke(JUnit4Provider.java:159)
	at org.apache.maven.surefire.booter.ForkedBooter.invokeProviderInSameClassLoader(ForkedBooter.java:384)
	at org.apache.maven.surefire.booter.ForkedBooter.runSuitesInProcess(ForkedBooter.java:345)
	at org.apache.maven.surefire.booter.ForkedBooter.execute(ForkedBooter.java:126)
	at org.apache.maven.surefire.booter.ForkedBooter.main(ForkedBooter.java:418)

[INFO] Running org.apache.hadoop.fs.ozone.contract.ITestOzoneContractCreate
[ERROR] Tests run: 1, Failures: 0, Errors: 1, Skipped: 0, Time elapsed: 0.443 s <<< FAILURE! - in org.apache.hadoop.fs.ozone.contract.ITestOzoneContractCreate
[ERROR] org.apache.hadoop.fs.ozone.contract.ITestOzoneContractCreate  Time elapsed: 0.443 s  <<< ERROR!
java.lang.NoSuchMethodError: org.apache.hadoop.hdds.HddsUtils.isHddsEnabled(Lorg/apache/hadoop/conf/Configuration;)Z
	at org.apache.hadoop.hdds.scm.server.StorageContainerManager.createSCM(StorageContainerManager.java:600)
	at org.apache.hadoop.ozone.MiniOzoneClusterImpl$Builder.createSCM(MiniOzoneClusterImpl.java:516)
	at org.apache.hadoop.ozone.MiniOzoneClusterImpl$Builder.build(MiniOzoneClusterImpl.java:428)
	at org.apache.hadoop.fs.ozone.contract.OzoneContract.createCluster(OzoneContract.java:66)
	at org.apache.hadoop.fs.ozone.contract.ITestOzoneContractCreate.createCluster(ITestOzoneContractCreate.java:36)
	at sun.reflect.NativeMethodAccessorImpl.invoke0(Native Method)
	at sun.reflect.NativeMethodAccessorImpl.invoke(NativeMethodAccessorImpl.java:62)
	at sun.reflect.DelegatingMethodAccessorImpl.invoke(DelegatingMethodAccessorImpl.java:43)
	at java.lang.reflect.Method.invoke(Method.java:498)
	at org.junit.runners.model.FrameworkMethod$1.runReflectiveCall(FrameworkMethod.java:47)
	at org.junit.internal.runners.model.ReflectiveCallable.run(ReflectiveCallable.java:12)
	at org.junit.runners.model.FrameworkMethod.invokeExplosively(FrameworkMethod.java:44)
	at org.junit.internal.runners.statements.RunBefores.evaluate(RunBefores.java:24)
	at org.junit.internal.runners.statements.RunAfters.evaluate(RunAfters.java:27)
	at org.junit.runners.ParentRunner.run(ParentRunner.java:309)
	at org.apache.maven.surefire.junit4.JUnit4Provider.execute(JUnit4Provider.java:365)
	at org.apache.maven.surefire.junit4.JUnit4Provider.executeWithRerun(JUnit4Provider.java:273)
	at org.apache.maven.surefire.junit4.JUnit4Provider.executeTestSet(JUnit4Provider.java:238)
	at org.apache.maven.surefire.junit4.JUnit4Provider.invoke(JUnit4Provider.java:159)
	at org.apache.maven.surefire.booter.ForkedBooter.invokeProviderInSameClassLoader(ForkedBooter.java:384)
	at org.apache.maven.surefire.booter.ForkedBooter.runSuitesInProcess(ForkedBooter.java:345)
	at org.apache.maven.surefire.booter.ForkedBooter.execute(ForkedBooter.java:126)
	at org.apache.maven.surefire.booter.ForkedBooter.main(ForkedBooter.java:418)

[INFO] Running org.apache.hadoop.fs.ozone.contract.ITestOzoneContractDistCp
[ERROR] Tests run: 1, Failures: 0, Errors: 1, Skipped: 0, Time elapsed: 0.468 s <<< FAILURE! - in org.apache.hadoop.fs.ozone.contract.ITestOzoneContractDistCp
[ERROR] org.apache.hadoop.fs.ozone.contract.ITestOzoneContractDistCp  Time elapsed: 0.468 s  <<< ERROR!
java.lang.NoSuchMethodError: org.apache.hadoop.hdds.HddsUtils.isHddsEnabled(Lorg/apache/hadoop/conf/Configuration;)Z
	at org.apache.hadoop.hdds.scm.server.StorageContainerManager.createSCM(StorageContainerManager.java:600)
	at org.apache.hadoop.ozone.MiniOzoneClusterImpl$Builder.createSCM(MiniOzoneClusterImpl.java:516)
	at org.apache.hadoop.ozone.MiniOzoneClusterImpl$Builder.build(MiniOzoneClusterImpl.java:428)
	at org.apache.hadoop.fs.ozone.contract.OzoneContract.createCluster(OzoneContract.java:66)
	at org.apache.hadoop.fs.ozone.contract.ITestOzoneContractDistCp.createCluster(ITestOzoneContractDistCp.java:38)
	at sun.reflect.NativeMethodAccessorImpl.invoke0(Native Method)
	at sun.reflect.NativeMethodAccessorImpl.invoke(NativeMethodAccessorImpl.java:62)
	at sun.reflect.DelegatingMethodAccessorImpl.invoke(DelegatingMethodAccessorImpl.java:43)
	at java.lang.reflect.Method.invoke(Method.java:498)
	at org.junit.runners.model.FrameworkMethod$1.runReflectiveCall(FrameworkMethod.java:47)
	at org.junit.internal.runners.model.ReflectiveCallable.run(ReflectiveCallable.java:12)
	at org.junit.runners.model.FrameworkMethod.invokeExplosively(FrameworkMethod.java:44)
	at org.junit.internal.runners.statements.RunBefores.evaluate(RunBefores.java:24)
	at org.junit.internal.runners.statements.RunAfters.evaluate(RunAfters.java:27)
	at org.junit.runners.ParentRunner.run(ParentRunner.java:309)
	at org.apache.maven.surefire.junit4.JUnit4Provider.execute(JUnit4Provider.java:365)
	at org.apache.maven.surefire.junit4.JUnit4Provider.executeWithRerun(JUnit4Provider.java:273)
	at org.apache.maven.surefire.junit4.JUnit4Provider.executeTestSet(JUnit4Provider.java:238)
	at org.apache.maven.surefire.junit4.JUnit4Provider.invoke(JUnit4Provider.java:159)
	at org.apache.maven.surefire.booter.ForkedBooter.invokeProviderInSameClassLoader(ForkedBooter.java:384)
	at org.apache.maven.surefire.booter.ForkedBooter.runSuitesInProcess(ForkedBooter.java:345)
	at org.apache.maven.surefire.booter.ForkedBooter.execute(ForkedBooter.java:126)
	at org.apache.maven.surefire.booter.ForkedBooter.main(ForkedBooter.java:418)

[INFO] Running org.apache.hadoop.fs.ozone.contract.ITestOzoneContractOpen
[ERROR] Tests run: 1, Failures: 0, Errors: 1, Skipped: 0, Time elapsed: 0.463 s <<< FAILURE! - in org.apache.hadoop.fs.ozone.contract.ITestOzoneContractOpen
[ERROR] org.apache.hadoop.fs.ozone.contract.ITestOzoneContractOpen  Time elapsed: 0.463 s  <<< ERROR!
java.lang.NoSuchMethodError: org.apache.hadoop.hdds.HddsUtils.isHddsEnabled(Lorg/apache/hadoop/conf/Configuration;)Z
	at org.apache.hadoop.hdds.scm.server.StorageContainerManager.createSCM(StorageContainerManager.java:600)
	at org.apache.hadoop.ozone.MiniOzoneClusterImpl$Builder.createSCM(MiniOzoneClusterImpl.java:516)
	at org.apache.hadoop.ozone.MiniOzoneClusterImpl$Builder.build(MiniOzoneClusterImpl.java:428)
	at org.apache.hadoop.fs.ozone.contract.OzoneContract.createCluster(OzoneContract.java:66)
	at org.apache.hadoop.fs.ozone.contract.ITestOzoneContractOpen.createCluster(ITestOzoneContractOpen.java:35)
	at sun.reflect.NativeMethodAccessorImpl.invoke0(Native Method)
	at sun.reflect.NativeMethodAccessorImpl.invoke(NativeMethodAccessorImpl.java:62)
	at sun.reflect.DelegatingMethodAccessorImpl.invoke(DelegatingMethodAccessorImpl.java:43)
	at java.lang.reflect.Method.invoke(Method.java:498)
	at org.junit.runners.model.FrameworkMethod$1.runReflectiveCall(FrameworkMethod.java:47)
	at org.junit.internal.runners.model.ReflectiveCallable.run(ReflectiveCallable.java:12)
	at org.junit.runners.model.FrameworkMethod.invokeExplosively(FrameworkMethod.java:44)
	at org.junit.internal.runners.statements.RunBefores.evaluate(RunBefores.java:24)
	at org.junit.internal.runners.statements.RunAfters.evaluate(RunAfters.java:27)
	at org.junit.runners.ParentRunner.run(ParentRunner.java:309)
	at org.apache.maven.surefire.junit4.JUnit4Provider.execute(JUnit4Provider.java:365)
	at org.apache.maven.surefire.junit4.JUnit4Provider.executeWithRerun(JUnit4Provider.java:273)
	at org.apache.maven.surefire.junit4.JUnit4Provider.executeTestSet(JUnit4Provider.java:238)
	at org.apache.maven.surefire.junit4.JUnit4Provider.invoke(JUnit4Provider.java:159)
	at org.apache.maven.surefire.booter.ForkedBooter.invokeProviderInSameClassLoader(ForkedBooter.java:384)
	at org.apache.maven.surefire.booter.ForkedBooter.runSuitesInProcess(ForkedBooter.java:345)
	at org.apache.maven.surefire.booter.ForkedBooter.execute(ForkedBooter.java:126)
	at org.apache.maven.surefire.booter.ForkedBooter.main(ForkedBooter.java:418)

[INFO] Running org.apache.hadoop.fs.ozone.contract.ITestOzoneContractDelete
[ERROR] Tests run: 1, Failures: 0, Errors: 1, Skipped: 0, Time elapsed: 0.447 s <<< FAILURE! - in org.apache.hadoop.fs.ozone.contract.ITestOzoneContractDelete
[ERROR] org.apache.hadoop.fs.ozone.contract.ITestOzoneContractDelete  Time elapsed: 0.447 s  <<< ERROR!
java.lang.NoSuchMethodError: org.apache.hadoop.hdds.HddsUtils.isHddsEnabled(Lorg/apache/hadoop/conf/Configuration;)Z
	at org.apache.hadoop.hdds.scm.server.StorageContainerManager.createSCM(StorageContainerManager.java:600)
	at org.apache.hadoop.ozone.MiniOzoneClusterImpl$Builder.createSCM(MiniOzoneClusterImpl.java:516)
	at org.apache.hadoop.ozone.MiniOzoneClusterImpl$Builder.build(MiniOzoneClusterImpl.java:428)
	at org.apache.hadoop.fs.ozone.contract.OzoneContract.createCluster(OzoneContract.java:66)
	at org.apache.hadoop.fs.ozone.contract.ITestOzoneContractDelete.createCluster(ITestOzoneContractDelete.java:36)
	at sun.reflect.NativeMethodAccessorImpl.invoke0(Native Method)
	at sun.reflect.NativeMethodAccessorImpl.invoke(NativeMethodAccessorImpl.java:62)
	at sun.reflect.DelegatingMethodAccessorImpl.invoke(DelegatingMethodAccessorImpl.java:43)
	at java.lang.reflect.Method.invoke(Method.java:498)
	at org.junit.runners.model.FrameworkMethod$1.runReflectiveCall(FrameworkMethod.java:47)
	at org.junit.internal.runners.model.ReflectiveCallable.run(ReflectiveCallable.java:12)
	at org.junit.runners.model.FrameworkMethod.invokeExplosively(FrameworkMethod.java:44)
	at org.junit.internal.runners.statements.RunBefores.evaluate(RunBefores.java:24)
	at org.junit.internal.runners.statements.RunAfters.evaluate(RunAfters.java:27)
	at org.junit.runners.ParentRunner.run(ParentRunner.java:309)
	at org.apache.maven.surefire.junit4.JUnit4Provider.execute(JUnit4Provider.java:365)
	at org.apache.maven.surefire.junit4.JUnit4Provider.executeWithRerun(JUnit4Provider.java:273)
	at org.apache.maven.surefire.junit4.JUnit4Provider.executeTestSet(JUnit4Provider.java:238)
	at org.apache.maven.surefire.junit4.JUnit4Provider.invoke(JUnit4Provider.java:159)
	at org.apache.maven.surefire.booter.ForkedBooter.invokeProviderInSameClassLoader(ForkedBooter.java:384)
	at org.apache.maven.surefire.booter.ForkedBooter.runSuitesInProcess(ForkedBooter.java:345)
	at org.apache.maven.surefire.booter.ForkedBooter.execute(ForkedBooter.java:126)
	at org.apache.maven.surefire.booter.ForkedBooter.main(ForkedBooter.java:418)

[INFO] Running org.apache.hadoop.fs.ozone.contract.ITestOzoneContractRootDir
[ERROR] Tests run: 1, Failures: 0, Errors: 1, Skipped: 0, Time elapsed: 0.425 s <<< FAILURE! - in org.apache.hadoop.fs.ozone.contract.ITestOzoneContractRootDir
[ERROR] org.apache.hadoop.fs.ozone.contract.ITestOzoneContractRootDir  Time elapsed: 0.425 s  <<< ERROR!
java.lang.NoSuchMethodError: org.apache.hadoop.hdds.HddsUtils.isHddsEnabled(Lorg/apache/hadoop/conf/Configuration;)Z
	at org.apache.hadoop.hdds.scm.server.StorageContainerManager.createSCM(StorageContainerManager.java:600)
	at org.apache.hadoop.ozone.MiniOzoneClusterImpl$Builder.createSCM(MiniOzoneClusterImpl.java:516)
	at org.apache.hadoop.ozone.MiniOzoneClusterImpl$Builder.build(MiniOzoneClusterImpl.java:428)
	at org.apache.hadoop.fs.ozone.contract.OzoneContract.createCluster(OzoneContract.java:66)
	at org.apache.hadoop.fs.ozone.contract.ITestOzoneContractRootDir.createCluster(ITestOzoneContractRootDir.java:38)
	at sun.reflect.NativeMethodAccessorImpl.invoke0(Native Method)
	at sun.reflect.NativeMethodAccessorImpl.invoke(NativeMethodAccessorImpl.java:62)
	at sun.reflect.DelegatingMethodAccessorImpl.invoke(DelegatingMethodAccessorImpl.java:43)
	at java.lang.reflect.Method.invoke(Method.java:498)
	at org.junit.runners.model.FrameworkMethod$1.runReflectiveCall(FrameworkMethod.java:47)
	at org.junit.internal.runners.model.ReflectiveCallable.run(ReflectiveCallable.java:12)
	at org.junit.runners.model.FrameworkMethod.invokeExplosively(FrameworkMethod.java:44)
	at org.junit.internal.runners.statements.RunBefores.evaluate(RunBefores.java:24)
	at org.junit.internal.runners.statements.RunAfters.evaluate(RunAfters.java:27)
	at org.junit.runners.ParentRunner.run(ParentRunner.java:309)
	at org.apache.maven.surefire.junit4.JUnit4Provider.execute(JUnit4Provider.java:365)
	at org.apache.maven.surefire.junit4.JUnit4Provider.executeWithRerun(JUnit4Provider.java:273)
	at org.apache.maven.surefire.junit4.JUnit4Provider.executeTestSet(JUnit4Provider.java:238)
	at org.apache.maven.surefire.junit4.JUnit4Provider.invoke(JUnit4Provider.java:159)
	at org.apache.maven.surefire.booter.ForkedBooter.invokeProviderInSameClassLoader(ForkedBooter.java:384)
	at org.apache.maven.surefire.booter.ForkedBooter.runSuitesInProcess(ForkedBooter.java:345)
	at org.apache.maven.surefire.booter.ForkedBooter.execute(ForkedBooter.java:126)
	at org.apache.maven.surefire.booter.ForkedBooter.main(ForkedBooter.java:418)

[INFO] Running org.apache.hadoop.fs.ozone.contract.ITestOzoneContractRename
[ERROR] Tests run: 1, Failures: 0, Errors: 1, Skipped: 0, Time elapsed: 0.443 s <<< FAILURE! - in org.apache.hadoop.fs.ozone.contract.ITestOzoneContractRename
[ERROR] org.apache.hadoop.fs.ozone.contract.ITestOzoneContractRename  Time elapsed: 0.443 s  <<< ERROR!
java.lang.NoSuchMethodError: org.apache.hadoop.hdds.HddsUtils.isHddsEnabled(Lorg/apache/hadoop/conf/Configuration;)Z
	at org.apache.hadoop.hdds.scm.server.StorageContainerManager.createSCM(StorageContainerManager.java:600)
	at org.apache.hadoop.ozone.MiniOzoneClusterImpl$Builder.createSCM(MiniOzoneClusterImpl.java:516)
	at org.apache.hadoop.ozone.MiniOzoneClusterImpl$Builder.build(MiniOzoneClusterImpl.java:428)
	at org.apache.hadoop.fs.ozone.contract.OzoneContract.createCluster(OzoneContract.java:66)
	at org.apache.hadoop.fs.ozone.contract.ITestOzoneContractRename.createCluster(ITestOzoneContractRename.java:36)
	at sun.reflect.NativeMethodAccessorImpl.invoke0(Native Method)
	at sun.reflect.NativeMethodAccessorImpl.invoke(NativeMethodAccessorImpl.java:62)
	at sun.reflect.DelegatingMethodAccessorImpl.invoke(DelegatingMethodAccessorImpl.java:43)
	at java.lang.reflect.Method.invoke(Method.java:498)
	at org.junit.runners.model.FrameworkMethod$1.runReflectiveCall(FrameworkMethod.java:47)
	at org.junit.internal.runners.model.ReflectiveCallable.run(ReflectiveCallable.java:12)
	at org.junit.runners.model.FrameworkMethod.invokeExplosively(FrameworkMethod.java:44)
	at org.junit.internal.runners.statements.RunBefores.evaluate(RunBefores.java:24)
	at org.junit.internal.runners.statements.RunAfters.evaluate(RunAfters.java:27)
	at org.junit.runners.ParentRunner.run(ParentRunner.java:309)
	at org.apache.maven.surefire.junit4.JUnit4Provider.execute(JUnit4Provider.java:365)
	at org.apache.maven.surefire.junit4.JUnit4Provider.executeWithRerun(JUnit4Provider.java:273)
	at org.apache.maven.surefire.junit4.JUnit4Provider.executeTestSet(JUnit4Provider.java:238)
	at org.apache.maven.surefire.junit4.JUnit4Provider.invoke(JUnit4Provider.java:159)
	at org.apache.maven.surefire.booter.ForkedBooter.invokeProviderInSameClassLoader(ForkedBooter.java:384)
	at org.apache.maven.surefire.booter.ForkedBooter.runSuitesInProcess(ForkedBooter.java:345)
	at org.apache.maven.surefire.booter.ForkedBooter.execute(ForkedBooter.java:126)
	at org.apache.maven.surefire.booter.ForkedBooter.main(ForkedBooter.java:418)

[INFO] Running org.apache.hadoop.fs.ozone.TestOzoneFileInterfaces
[ERROR] Tests run: 12, Failures: 0, Errors: 12, Skipped: 0, Time elapsed: 0.943 s <<< FAILURE! - in org.apache.hadoop.fs.ozone.TestOzoneFileInterfaces
[ERROR] testOzoneManagerFileSystemInterface[0](org.apache.hadoop.fs.ozone.TestOzoneFileInterfaces)  Time elapsed: 0.353 s  <<< ERROR!
java.lang.NoSuchMethodError: org.apache.hadoop.hdds.HddsUtils.isHddsEnabled(Lorg/apache/hadoop/conf/Configuration;)Z
	at org.apache.hadoop.hdds.scm.server.StorageContainerManager.createSCM(StorageContainerManager.java:600)
	at org.apache.hadoop.ozone.MiniOzoneClusterImpl$Builder.createSCM(MiniOzoneClusterImpl.java:516)
	at org.apache.hadoop.ozone.MiniOzoneClusterImpl$Builder.build(MiniOzoneClusterImpl.java:428)
	at org.apache.hadoop.fs.ozone.TestOzoneFileInterfaces.init(TestOzoneFileInterfaces.java:120)
	at sun.reflect.NativeMethodAccessorImpl.invoke0(Native Method)
	at sun.reflect.NativeMethodAccessorImpl.invoke(NativeMethodAccessorImpl.java:62)
	at sun.reflect.DelegatingMethodAccessorImpl.invoke(DelegatingMethodAccessorImpl.java:43)
	at java.lang.reflect.Method.invoke(Method.java:498)
	at org.junit.runners.model.FrameworkMethod$1.runReflectiveCall(FrameworkMethod.java:47)
	at org.junit.internal.runners.model.ReflectiveCallable.run(ReflectiveCallable.java:12)
	at org.junit.runners.model.FrameworkMethod.invokeExplosively(FrameworkMethod.java:44)
	at org.junit.internal.runners.statements.RunBefores.evaluate(RunBefores.java:24)
	at org.junit.internal.runners.statements.RunAfters.evaluate(RunAfters.java:27)
	at org.junit.runners.ParentRunner.runLeaf(ParentRunner.java:271)
	at org.junit.runners.BlockJUnit4ClassRunner.runChild(BlockJUnit4ClassRunner.java:70)
	at org.junit.runners.BlockJUnit4ClassRunner.runChild(BlockJUnit4ClassRunner.java:50)
	at org.junit.runners.ParentRunner$3.run(ParentRunner.java:238)
	at org.junit.runners.ParentRunner$1.schedule(ParentRunner.java:63)
	at org.junit.runners.ParentRunner.runChildren(ParentRunner.java:236)
	at org.junit.runners.ParentRunner.access$000(ParentRunner.java:53)
	at org.junit.runners.ParentRunner$2.evaluate(ParentRunner.java:229)
	at org.junit.runners.ParentRunner.run(ParentRunner.java:309)
	at org.junit.runners.Suite.runChild(Suite.java:127)
	at org.junit.runners.Suite.runChild(Suite.java:26)
	at org.junit.runners.ParentRunner$3.run(ParentRunner.java:238)
	at org.junit.runners.ParentRunner$1.schedule(ParentRunner.java:63)
	at org.junit.runners.ParentRunner.runChildren(ParentRunner.java:236)
	at org.junit.runners.ParentRunner.access$000(ParentRunner.java:53)
	at org.junit.runners.ParentRunner$2.evaluate(ParentRunner.java:229)
	at org.junit.runners.ParentRunner.run(ParentRunner.java:309)
	at org.apache.maven.surefire.junit4.JUnit4Provider.execute(JUnit4Provider.java:365)
	at org.apache.maven.surefire.junit4.JUnit4Provider.executeWithRerun(JUnit4Provider.java:273)
	at org.apache.maven.surefire.junit4.JUnit4Provider.executeTestSet(JUnit4Provider.java:238)
	at org.apache.maven.surefire.junit4.JUnit4Provider.invoke(JUnit4Provider.java:159)
	at org.apache.maven.surefire.booter.ForkedBooter.invokeProviderInSameClassLoader(ForkedBooter.java:384)
	at org.apache.maven.surefire.booter.ForkedBooter.runSuitesInProcess(ForkedBooter.java:345)
	at org.apache.maven.surefire.booter.ForkedBooter.execute(ForkedBooter.java:126)
	at org.apache.maven.surefire.booter.ForkedBooter.main(ForkedBooter.java:418)

[ERROR] testListStatus[0](org.apache.hadoop.fs.ozone.TestOzoneFileInterfaces)  Time elapsed: 0.047 s  <<< ERROR!
java.lang.NoSuchMethodError: org.apache.hadoop.hdds.HddsUtils.isHddsEnabled(Lorg/apache/hadoop/conf/Configuration;)Z
	at org.apache.hadoop.hdds.scm.server.StorageContainerManager.createSCM(StorageContainerManager.java:600)
	at org.apache.hadoop.ozone.MiniOzoneClusterImpl$Builder.createSCM(MiniOzoneClusterImpl.java:516)
	at org.apache.hadoop.ozone.MiniOzoneClusterImpl$Builder.build(MiniOzoneClusterImpl.java:428)
	at org.apache.hadoop.fs.ozone.TestOzoneFileInterfaces.init(TestOzoneFileInterfaces.java:120)
	at sun.reflect.NativeMethodAccessorImpl.invoke0(Native Method)
	at sun.reflect.NativeMethodAccessorImpl.invoke(NativeMethodAccessorImpl.java:62)
	at sun.reflect.DelegatingMethodAccessorImpl.invoke(DelegatingMethodAccessorImpl.java:43)
	at java.lang.reflect.Method.invoke(Method.java:498)
	at org.junit.runners.model.FrameworkMethod$1.runReflectiveCall(FrameworkMethod.java:47)
	at org.junit.internal.runners.model.ReflectiveCallable.run(ReflectiveCallable.java:12)
	at org.junit.runners.model.FrameworkMethod.invokeExplosively(FrameworkMethod.java:44)
	at org.junit.internal.runners.statements.RunBefores.evaluate(RunBefores.java:24)
	at org.junit.internal.runners.statements.RunAfters.evaluate(RunAfters.java:27)
	at org.junit.runners.ParentRunner.runLeaf(ParentRunner.java:271)
	at org.junit.runners.BlockJUnit4ClassRunner.runChild(BlockJUnit4ClassRunner.java:70)
	at org.junit.runners.BlockJUnit4ClassRunner.runChild(BlockJUnit4ClassRunner.java:50)
	at org.junit.runners.ParentRunner$3.run(ParentRunner.java:238)
	at org.junit.runners.ParentRunner$1.schedule(ParentRunner.java:63)
	at org.junit.runners.ParentRunner.runChildren(ParentRunner.java:236)
	at org.junit.runners.ParentRunner.access$000(ParentRunner.java:53)
	at org.junit.runners.ParentRunner$2.evaluate(ParentRunner.java:229)
	at org.junit.runners.ParentRunner.run(ParentRunner.java:309)
	at org.junit.runners.Suite.runChild(Suite.java:127)
	at org.junit.runners.Suite.runChild(Suite.java:26)
	at org.junit.runners.ParentRunner$3.run(ParentRunner.java:238)
	at org.junit.runners.ParentRunner$1.schedule(ParentRunner.java:63)
	at org.junit.runners.ParentRunner.runChildren(ParentRunner.java:236)
	at org.junit.runners.ParentRunner.access$000(ParentRunner.java:53)
	at org.junit.runners.ParentRunner$2.evaluate(ParentRunner.java:229)
	at org.junit.runners.ParentRunner.run(ParentRunner.java:309)
	at org.apache.maven.surefire.junit4.JUnit4Provider.execute(JUnit4Provider.java:365)
	at org.apache.maven.surefire.junit4.JUnit4Provider.executeWithRerun(JUnit4Provider.java:273)
	at org.apache.maven.surefire.junit4.JUnit4Provider.executeTestSet(JUnit4Provider.java:238)
	at org.apache.maven.surefire.junit4.JUnit4Provider.invoke(JUnit4Provider.java:159)
	at org.apache.maven.surefire.booter.ForkedBooter.invokeProviderInSameClassLoader(ForkedBooter.java:384)
	at org.apache.maven.surefire.booter.ForkedBooter.runSuitesInProcess(ForkedBooter.java:345)
	at org.apache.maven.surefire.booter.ForkedBooter.execute(ForkedBooter.java:126)
	at org.apache.maven.surefire.booter.ForkedBooter.main(ForkedBooter.java:418)

[ERROR] testDirectory[0](org.apache.hadoop.fs.ozone.TestOzoneFileInterfaces)  Time elapsed: 0.047 s  <<< ERROR!
java.lang.NoSuchMethodError: org.apache.hadoop.hdds.HddsUtils.isHddsEnabled(Lorg/apache/hadoop/conf/Configuration;)Z
	at org.apache.hadoop.hdds.scm.server.StorageContainerManager.createSCM(StorageContainerManager.java:600)
	at org.apache.hadoop.ozone.MiniOzoneClusterImpl$Builder.createSCM(MiniOzoneClusterImpl.java:516)
	at org.apache.hadoop.ozone.MiniOzoneClusterImpl$Builder.build(MiniOzoneClusterImpl.java:428)
	at org.apache.hadoop.fs.ozone.TestOzoneFileInterfaces.init(TestOzoneFileInterfaces.java:120)
	at sun.reflect.NativeMethodAccessorImpl.invoke0(Native Method)
	at sun.reflect.NativeMethodAccessorImpl.invoke(NativeMethodAccessorImpl.java:62)
	at sun.reflect.DelegatingMethodAccessorImpl.invoke(DelegatingMethodAccessorImpl.java:43)
	at java.lang.reflect.Method.invoke(Method.java:498)
	at org.junit.runners.model.FrameworkMethod$1.runReflectiveCall(FrameworkMethod.java:47)
	at org.junit.internal.runners.model.ReflectiveCallable.run(ReflectiveCallable.java:12)
	at org.junit.runners.model.FrameworkMethod.invokeExplosively(FrameworkMethod.java:44)
	at org.junit.internal.runners.statements.RunBefores.evaluate(RunBefores.java:24)
	at org.junit.internal.runners.statements.RunAfters.evaluate(RunAfters.java:27)
	at org.junit.runners.ParentRunner.runLeaf(ParentRunner.java:271)
	at org.junit.runners.BlockJUnit4ClassRunner.runChild(BlockJUnit4ClassRunner.java:70)
	at org.junit.runners.BlockJUnit4ClassRunner.runChild(BlockJUnit4ClassRunner.java:50)
	at org.junit.runners.ParentRunner$3.run(ParentRunner.java:238)
	at org.junit.runners.ParentRunner$1.schedule(ParentRunner.java:63)
	at org.junit.runners.ParentRunner.runChildren(ParentRunner.java:236)
	at org.junit.runners.ParentRunner.access$000(ParentRunner.java:53)
	at org.junit.runners.ParentRunner$2.evaluate(ParentRunner.java:229)
	at org.junit.runners.ParentRunner.run(ParentRunner.java:309)
	at org.junit.runners.Suite.runChild(Suite.java:127)
	at org.junit.runners.Suite.runChild(Suite.java:26)
	at org.junit.runners.ParentRunner$3.run(ParentRunner.java:238)
	at org.junit.runners.ParentRunner$1.schedule(ParentRunner.java:63)
	at org.junit.runners.ParentRunner.runChildren(ParentRunner.java:236)
	at org.junit.runners.ParentRunner.access$000(ParentRunner.java:53)
	at org.junit.runners.ParentRunner$2.evaluate(ParentRunner.java:229)
	at org.junit.runners.ParentRunner.run(ParentRunner.java:309)
	at org.apache.maven.surefire.junit4.JUnit4Provider.execute(JUnit4Provider.java:365)
	at org.apache.maven.surefire.junit4.JUnit4Provider.executeWithRerun(JUnit4Provider.java:273)
	at org.apache.maven.surefire.junit4.JUnit4Provider.executeTestSet(JUnit4Provider.java:238)
	at org.apache.maven.surefire.junit4.JUnit4Provider.invoke(JUnit4Provider.java:159)
	at org.apache.maven.surefire.booter.ForkedBooter.invokeProviderInSameClassLoader(ForkedBooter.java:384)
	at org.apache.maven.surefire.booter.ForkedBooter.runSuitesInProcess(ForkedBooter.java:345)
	at org.apache.maven.surefire.booter.ForkedBooter.execute(ForkedBooter.java:126)
	at org.apache.maven.surefire.booter.ForkedBooter.main(ForkedBooter.java:418)

[ERROR] testPathToKey[0](org.apache.hadoop.fs.ozone.TestOzoneFileInterfaces)  Time elapsed: 0.046 s  <<< ERROR!
java.lang.NoSuchMethodError: org.apache.hadoop.hdds.HddsUtils.isHddsEnabled(Lorg/apache/hadoop/conf/Configuration;)Z
	at org.apache.hadoop.hdds.scm.server.StorageContainerManager.createSCM(StorageContainerManager.java:600)
	at org.apache.hadoop.ozone.MiniOzoneClusterImpl$Builder.createSCM(MiniOzoneClusterImpl.java:516)
	at org.apache.hadoop.ozone.MiniOzoneClusterImpl$Builder.build(MiniOzoneClusterImpl.java:428)
	at org.apache.hadoop.fs.ozone.TestOzoneFileInterfaces.init(TestOzoneFileInterfaces.java:120)
	at sun.reflect.NativeMethodAccessorImpl.invoke0(Native Method)
	at sun.reflect.NativeMethodAccessorImpl.invoke(NativeMethodAccessorImpl.java:62)
	at sun.reflect.DelegatingMethodAccessorImpl.invoke(DelegatingMethodAccessorImpl.java:43)
	at java.lang.reflect.Method.invoke(Method.java:498)
	at org.junit.runners.model.FrameworkMethod$1.runReflectiveCall(FrameworkMethod.java:47)
	at org.junit.internal.runners.model.ReflectiveCallable.run(ReflectiveCallable.java:12)
	at org.junit.runners.model.FrameworkMethod.invokeExplosively(FrameworkMethod.java:44)
	at org.junit.internal.runners.statements.RunBefores.evaluate(RunBefores.java:24)
	at org.junit.internal.runners.statements.RunAfters.evaluate(RunAfters.java:27)
	at org.junit.runners.ParentRunner.runLeaf(ParentRunner.java:271)
	at org.junit.runners.BlockJUnit4ClassRunner.runChild(BlockJUnit4ClassRunner.java:70)
	at org.junit.runners.BlockJUnit4ClassRunner.runChild(BlockJUnit4ClassRunner.java:50)
	at org.junit.runners.ParentRunner$3.run(ParentRunner.java:238)
	at org.junit.runners.ParentRunner$1.schedule(ParentRunner.java:63)
	at org.junit.runners.ParentRunner.runChildren(ParentRunner.java:236)
	at org.junit.runners.ParentRunner.access$000(ParentRunner.java:53)
	at org.junit.runners.ParentRunner$2.evaluate(ParentRunner.java:229)
	at org.junit.runners.ParentRunner.run(ParentRunner.java:309)
	at org.junit.runners.Suite.runChild(Suite.java:127)
	at org.junit.runners.Suite.runChild(Suite.java:26)
	at org.junit.runners.ParentRunner$3.run(ParentRunner.java:238)
	at org.junit.runners.ParentRunner$1.schedule(ParentRunner.java:63)
	at org.junit.runners.ParentRunner.runChildren(ParentRunner.java:236)
	at org.junit.runners.ParentRunner.access$000(ParentRunner.java:53)
	at org.junit.runners.ParentRunner$2.evaluate(ParentRunner.java:229)
	at org.junit.runners.ParentRunner.run(ParentRunner.java:309)
	at org.apache.maven.surefire.junit4.JUnit4Provider.execute(JUnit4Provider.java:365)
	at org.apache.maven.surefire.junit4.JUnit4Provider.executeWithRerun(JUnit4Provider.java:273)
	at org.apache.maven.surefire.junit4.JUnit4Provider.executeTestSet(JUnit4Provider.java:238)
	at org.apache.maven.surefire.junit4.JUnit4Provider.invoke(JUnit4Provider.java:159)
	at org.apache.maven.surefire.booter.ForkedBooter.invokeProviderInSameClassLoader(ForkedBooter.java:384)
	at org.apache.maven.surefire.booter.ForkedBooter.runSuitesInProcess(ForkedBooter.java:345)
	at org.apache.maven.surefire.booter.ForkedBooter.execute(ForkedBooter.java:126)
	at org.apache.maven.surefire.booter.ForkedBooter.main(ForkedBooter.java:418)

[ERROR] testFileSystemInit[0](org.apache.hadoop.fs.ozone.TestOzoneFileInterfaces)  Time elapsed: 0.042 s  <<< ERROR!
java.lang.NoSuchMethodError: org.apache.hadoop.hdds.HddsUtils.isHddsEnabled(Lorg/apache/hadoop/conf/Configuration;)Z
	at org.apache.hadoop.hdds.scm.server.StorageContainerManager.createSCM(StorageContainerManager.java:600)
	at org.apache.hadoop.ozone.MiniOzoneClusterImpl$Builder.createSCM(MiniOzoneClusterImpl.java:516)
	at org.apache.hadoop.ozone.MiniOzoneClusterImpl$Builder.build(MiniOzoneClusterImpl.java:428)
	at org.apache.hadoop.fs.ozone.TestOzoneFileInterfaces.init(TestOzoneFileInterfaces.java:120)
	at sun.reflect.NativeMethodAccessorImpl.invoke0(Native Method)
	at sun.reflect.NativeMethodAccessorImpl.invoke(NativeMethodAccessorImpl.java:62)
	at sun.reflect.DelegatingMethodAccessorImpl.invoke(DelegatingMethodAccessorImpl.java:43)
	at java.lang.reflect.Method.invoke(Method.java:498)
	at org.junit.runners.model.FrameworkMethod$1.runReflectiveCall(FrameworkMethod.java:47)
	at org.junit.internal.runners.model.ReflectiveCallable.run(ReflectiveCallable.java:12)
	at org.junit.runners.model.FrameworkMethod.invokeExplosively(FrameworkMethod.java:44)
	at org.junit.internal.runners.statements.RunBefores.evaluate(RunBefores.java:24)
	at org.junit.internal.runners.statements.RunAfters.evaluate(RunAfters.java:27)
	at org.junit.runners.ParentRunner.runLeaf(ParentRunner.java:271)
	at org.junit.runners.BlockJUnit4ClassRunner.runChild(BlockJUnit4ClassRunner.java:70)
	at org.junit.runners.BlockJUnit4ClassRunner.runChild(BlockJUnit4ClassRunner.java:50)
	at org.junit.runners.ParentRunner$3.run(ParentRunner.java:238)
	at org.junit.runners.ParentRunner$1.schedule(ParentRunner.java:63)
	at org.junit.runners.ParentRunner.runChildren(ParentRunner.java:236)
	at org.junit.runners.ParentRunner.access$000(ParentRunner.java:53)
	at org.junit.runners.ParentRunner$2.evaluate(ParentRunner.java:229)
	at org.junit.runners.ParentRunner.run(ParentRunner.java:309)
	at org.junit.runners.Suite.runChild(Suite.java:127)
	at org.junit.runners.Suite.runChild(Suite.java:26)
	at org.junit.runners.ParentRunner$3.run(ParentRunner.java:238)
	at org.junit.runners.ParentRunner$1.schedule(ParentRunner.java:63)
	at org.junit.runners.ParentRunner.runChildren(ParentRunner.java:236)
	at org.junit.runners.ParentRunner.access$000(ParentRunner.java:53)
	at org.junit.runners.ParentRunner$2.evaluate(ParentRunner.java:229)
	at org.junit.runners.ParentRunner.run(ParentRunner.java:309)
	at org.apache.maven.surefire.junit4.JUnit4Provider.execute(JUnit4Provider.java:365)
	at org.apache.maven.surefire.junit4.JUnit4Provider.executeWithRerun(JUnit4Provider.java:273)
	at org.apache.maven.surefire.junit4.JUnit4Provider.executeTestSet(JUnit4Provider.java:238)
	at org.apache.maven.surefire.junit4.JUnit4Provider.invoke(JUnit4Provider.java:159)
	at org.apache.maven.surefire.booter.ForkedBooter.invokeProviderInSameClassLoader(ForkedBooter.java:384)
	at org.apache.maven.surefire.booter.ForkedBooter.runSuitesInProcess(ForkedBooter.java:345)
	at org.apache.maven.surefire.booter.ForkedBooter.execute(ForkedBooter.java:126)
	at org.apache.maven.surefire.booter.ForkedBooter.main(ForkedBooter.java:418)

[ERROR] testOzFsReadWrite[0](org.apache.hadoop.fs.ozone.TestOzoneFileInterfaces)  Time elapsed: 0.041 s  <<< ERROR!
java.lang.NoSuchMethodError: org.apache.hadoop.hdds.HddsUtils.isHddsEnabled(Lorg/apache/hadoop/conf/Configuration;)Z
	at org.apache.hadoop.hdds.scm.server.StorageContainerManager.createSCM(StorageContainerManager.java:600)
	at org.apache.hadoop.ozone.MiniOzoneClusterImpl$Builder.createSCM(MiniOzoneClusterImpl.java:516)
	at org.apache.hadoop.ozone.MiniOzoneClusterImpl$Builder.build(MiniOzoneClusterImpl.java:428)
	at org.apache.hadoop.fs.ozone.TestOzoneFileInterfaces.init(TestOzoneFileInterfaces.java:120)
	at sun.reflect.NativeMethodAccessorImpl.invoke0(Native Method)
	at sun.reflect.NativeMethodAccessorImpl.invoke(NativeMethodAccessorImpl.java:62)
	at sun.reflect.DelegatingMethodAccessorImpl.invoke(DelegatingMethodAccessorImpl.java:43)
	at java.lang.reflect.Method.invoke(Method.java:498)
	at org.junit.runners.model.FrameworkMethod$1.runReflectiveCall(FrameworkMethod.java:47)
	at org.junit.internal.runners.model.ReflectiveCallable.run(ReflectiveCallable.java:12)
	at org.junit.runners.model.FrameworkMethod.invokeExplosively(FrameworkMethod.java:44)
	at org.junit.internal.runners.statements.RunBefores.evaluate(RunBefores.java:24)
	at org.junit.internal.runners.statements.RunAfters.evaluate(RunAfters.java:27)
	at org.junit.runners.ParentRunner.runLeaf(ParentRunner.java:271)
	at org.junit.runners.BlockJUnit4ClassRunner.runChild(BlockJUnit4ClassRunner.java:70)
	at org.junit.runners.BlockJUnit4ClassRunner.runChild(BlockJUnit4ClassRunner.java:50)
	at org.junit.runners.ParentRunner$3.run(ParentRunner.java:238)
	at org.junit.runners.ParentRunner$1.schedule(ParentRunner.java:63)
	at org.junit.runners.ParentRunner.runChildren(ParentRunner.java:236)
	at org.junit.runners.ParentRunner.access$000(ParentRunner.java:53)
	at org.junit.runners.ParentRunner$2.evaluate(ParentRunner.java:229)
	at org.junit.runners.ParentRunner.run(ParentRunner.java:309)
	at org.junit.runners.Suite.runChild(Suite.java:127)
	at org.junit.runners.Suite.runChild(Suite.java:26)
	at org.junit.runners.ParentRunner$3.run(ParentRunner.java:238)
	at org.junit.runners.ParentRunner$1.schedule(ParentRunner.java:63)
	at org.junit.runners.ParentRunner.runChildren(ParentRunner.java:236)
	at org.junit.runners.ParentRunner.access$000(ParentRunner.java:53)
	at org.junit.runners.ParentRunner$2.evaluate(ParentRunner.java:229)
	at org.junit.runners.ParentRunner.run(ParentRunner.java:309)
	at org.apache.maven.surefire.junit4.JUnit4Provider.execute(JUnit4Provider.java:365)
	at org.apache.maven.surefire.junit4.JUnit4Provider.executeWithRerun(JUnit4Provider.java:273)
	at org.apache.maven.surefire.junit4.JUnit4Provider.executeTestSet(JUnit4Provider.java:238)
	at org.apache.maven.surefire.junit4.JUnit4Provider.invoke(JUnit4Provider.java:159)
	at org.apache.maven.surefire.booter.ForkedBooter.invokeProviderInSameClassLoader(ForkedBooter.java:384)
	at org.apache.maven.surefire.booter.ForkedBooter.runSuitesInProcess(ForkedBooter.java:345)
	at org.apache.maven.surefire.booter.ForkedBooter.execute(ForkedBooter.java:126)
	at org.apache.maven.surefire.booter.ForkedBooter.main(ForkedBooter.java:418)

[ERROR] testOzoneManagerFileSystemInterface[1](org.apache.hadoop.fs.ozone.TestOzoneFileInterfaces)  Time elapsed: 0.04 s  <<< ERROR!
java.lang.NoSuchMethodError: org.apache.hadoop.hdds.HddsUtils.isHddsEnabled(Lorg/apache/hadoop/conf/Configuration;)Z
	at org.apache.hadoop.hdds.scm.server.StorageContainerManager.createSCM(StorageContainerManager.java:600)
	at org.apache.hadoop.ozone.MiniOzoneClusterImpl$Builder.createSCM(MiniOzoneClusterImpl.java:516)
	at org.apache.hadoop.ozone.MiniOzoneClusterImpl$Builder.build(MiniOzoneClusterImpl.java:428)
	at org.apache.hadoop.fs.ozone.TestOzoneFileInterfaces.init(TestOzoneFileInterfaces.java:120)
	at sun.reflect.NativeMethodAccessorImpl.invoke0(Native Method)
	at sun.reflect.NativeMethodAccessorImpl.invoke(NativeMethodAccessorImpl.java:62)
	at sun.reflect.DelegatingMethodAccessorImpl.invoke(DelegatingMethodAccessorImpl.java:43)
	at java.lang.reflect.Method.invoke(Method.java:498)
	at org.junit.runners.model.FrameworkMethod$1.runReflectiveCall(FrameworkMethod.java:47)
	at org.junit.internal.runners.model.ReflectiveCallable.run(ReflectiveCallable.java:12)
	at org.junit.runners.model.FrameworkMethod.invokeExplosively(FrameworkMethod.java:44)
	at org.junit.internal.runners.statements.RunBefores.evaluate(RunBefores.java:24)
	at org.junit.internal.runners.statements.RunAfters.evaluate(RunAfters.java:27)
	at org.junit.runners.ParentRunner.runLeaf(ParentRunner.java:271)
	at org.junit.runners.BlockJUnit4ClassRunner.runChild(BlockJUnit4ClassRunner.java:70)
	at org.junit.runners.BlockJUnit4ClassRunner.runChild(BlockJUnit4ClassRunner.java:50)
	at org.junit.runners.ParentRunner$3.run(ParentRunner.java:238)
	at org.junit.runners.ParentRunner$1.schedule(ParentRunner.java:63)
	at org.junit.runners.ParentRunner.runChildren(ParentRunner.java:236)
	at org.junit.runners.ParentRunner.access$000(ParentRunner.java:53)
	at org.junit.runners.ParentRunner$2.evaluate(ParentRunner.java:229)
	at org.junit.runners.ParentRunner.run(ParentRunner.java:309)
	at org.junit.runners.Suite.runChild(Suite.java:127)
	at org.junit.runners.Suite.runChild(Suite.java:26)
	at org.junit.runners.ParentRunner$3.run(ParentRunner.java:238)
	at org.junit.runners.ParentRunner$1.schedule(ParentRunner.java:63)
	at org.junit.runners.ParentRunner.runChildren(ParentRunner.java:236)
	at org.junit.runners.ParentRunner.access$000(ParentRunner.java:53)
	at org.junit.runners.ParentRunner$2.evaluate(ParentRunner.java:229)
	at org.junit.runners.ParentRunner.run(ParentRunner.java:309)
	at org.apache.maven.surefire.junit4.JUnit4Provider.execute(JUnit4Provider.java:365)
	at org.apache.maven.surefire.junit4.JUnit4Provider.executeWithRerun(JUnit4Provider.java:273)
	at org.apache.maven.surefire.junit4.JUnit4Provider.executeTestSet(JUnit4Provider.java:238)
	at org.apache.maven.surefire.junit4.JUnit4Provider.invoke(JUnit4Provider.java:159)
	at org.apache.maven.surefire.booter.ForkedBooter.invokeProviderInSameClassLoader(ForkedBooter.java:384)
	at org.apache.maven.surefire.booter.ForkedBooter.runSuitesInProcess(ForkedBooter.java:345)
	at org.apache.maven.surefire.booter.ForkedBooter.execute(ForkedBooter.java:126)
	at org.apache.maven.surefire.booter.ForkedBooter.main(ForkedBooter.java:418)

[ERROR] testListStatus[1](org.apache.hadoop.fs.ozone.TestOzoneFileInterfaces)  Time elapsed: 0.05 s  <<< ERROR!
java.lang.NoSuchMethodError: org.apache.hadoop.hdds.HddsUtils.isHddsEnabled(Lorg/apache/hadoop/conf/Configuration;)Z
	at org.apache.hadoop.hdds.scm.server.StorageContainerManager.createSCM(StorageContainerManager.java:600)
	at org.apache.hadoop.ozone.MiniOzoneClusterImpl$Builder.createSCM(MiniOzoneClusterImpl.java:516)
	at org.apache.hadoop.ozone.MiniOzoneClusterImpl$Builder.build(MiniOzoneClusterImpl.java:428)
	at org.apache.hadoop.fs.ozone.TestOzoneFileInterfaces.init(TestOzoneFileInterfaces.java:120)
	at sun.reflect.NativeMethodAccessorImpl.invoke0(Native Method)
	at sun.reflect.NativeMethodAccessorImpl.invoke(NativeMethodAccessorImpl.java:62)
	at sun.reflect.DelegatingMethodAccessorImpl.invoke(DelegatingMethodAccessorImpl.java:43)
	at java.lang.reflect.Method.invoke(Method.java:498)
	at org.junit.runners.model.FrameworkMethod$1.runReflectiveCall(FrameworkMethod.java:47)
	at org.junit.internal.runners.model.ReflectiveCallable.run(ReflectiveCallable.java:12)
	at org.junit.runners.model.FrameworkMethod.invokeExplosively(FrameworkMethod.java:44)
	at org.junit.internal.runners.statements.RunBefores.evaluate(RunBefores.java:24)
	at org.junit.internal.runners.statements.RunAfters.evaluate(RunAfters.java:27)
	at org.junit.runners.ParentRunner.runLeaf(ParentRunner.java:271)
	at org.junit.runners.BlockJUnit4ClassRunner.runChild(BlockJUnit4ClassRunner.java:70)
	at org.junit.runners.BlockJUnit4ClassRunner.runChild(BlockJUnit4ClassRunner.java:50)
	at org.junit.runners.ParentRunner$3.run(ParentRunner.java:238)
	at org.junit.runners.ParentRunner$1.schedule(ParentRunner.java:63)
	at org.junit.runners.ParentRunner.runChildren(ParentRunner.java:236)
	at org.junit.runners.ParentRunner.access$000(ParentRunner.java:53)
	at org.junit.runners.ParentRunner$2.evaluate(ParentRunner.java:229)
	at org.junit.runners.ParentRunner.run(ParentRunner.java:309)
	at org.junit.runners.Suite.runChild(Suite.java:127)
	at org.junit.runners.Suite.runChild(Suite.java:26)
	at org.junit.runners.ParentRunner$3.run(ParentRunner.java:238)
	at org.junit.runners.ParentRunner$1.schedule(ParentRunner.java:63)
	at org.junit.runners.ParentRunner.runChildren(ParentRunner.java:236)
	at org.junit.runners.ParentRunner.access$000(ParentRunner.java:53)
	at org.junit.runners.ParentRunner$2.evaluate(ParentRunner.java:229)
	at org.junit.runners.ParentRunner.run(ParentRunner.java:309)
	at org.apache.maven.surefire.junit4.JUnit4Provider.execute(JUnit4Provider.java:365)
	at org.apache.maven.surefire.junit4.JUnit4Provider.executeWithRerun(JUnit4Provider.java:273)
	at org.apache.maven.surefire.junit4.JUnit4Provider.executeTestSet(JUnit4Provider.java:238)
	at org.apache.maven.surefire.junit4.JUnit4Provider.invoke(JUnit4Provider.java:159)
	at org.apache.maven.surefire.booter.ForkedBooter.invokeProviderInSameClassLoader(ForkedBooter.java:384)
	at org.apache.maven.surefire.booter.ForkedBooter.runSuitesInProcess(ForkedBooter.java:345)
	at org.apache.maven.surefire.booter.ForkedBooter.execute(ForkedBooter.java:126)
	at org.apache.maven.surefire.booter.ForkedBooter.main(ForkedBooter.java:418)

[ERROR] testDirectory[1](org.apache.hadoop.fs.ozone.TestOzoneFileInterfaces)  Time elapsed: 0.042 s  <<< ERROR!
java.lang.NoSuchMethodError: org.apache.hadoop.hdds.HddsUtils.isHddsEnabled(Lorg/apache/hadoop/conf/Configuration;)Z
	at org.apache.hadoop.hdds.scm.server.StorageContainerManager.createSCM(StorageContainerManager.java:600)
	at org.apache.hadoop.ozone.MiniOzoneClusterImpl$Builder.createSCM(MiniOzoneClusterImpl.java:516)
	at org.apache.hadoop.ozone.MiniOzoneClusterImpl$Builder.build(MiniOzoneClusterImpl.java:428)
	at org.apache.hadoop.fs.ozone.TestOzoneFileInterfaces.init(TestOzoneFileInterfaces.java:120)
	at sun.reflect.NativeMethodAccessorImpl.invoke0(Native Method)
	at sun.reflect.NativeMethodAccessorImpl.invoke(NativeMethodAccessorImpl.java:62)
	at sun.reflect.DelegatingMethodAccessorImpl.invoke(DelegatingMethodAccessorImpl.java:43)
	at java.lang.reflect.Method.invoke(Method.java:498)
	at org.junit.runners.model.FrameworkMethod$1.runReflectiveCall(FrameworkMethod.java:47)
	at org.junit.internal.runners.model.ReflectiveCallable.run(ReflectiveCallable.java:12)
	at org.junit.runners.model.FrameworkMethod.invokeExplosively(FrameworkMethod.java:44)
	at org.junit.internal.runners.statements.RunBefores.evaluate(RunBefores.java:24)
	at org.junit.internal.runners.statements.RunAfters.evaluate(RunAfters.java:27)
	at org.junit.runners.ParentRunner.runLeaf(ParentRunner.java:271)
	at org.junit.runners.BlockJUnit4ClassRunner.runChild(BlockJUnit4ClassRunner.java:70)
	at org.junit.runners.BlockJUnit4ClassRunner.runChild(BlockJUnit4ClassRunner.java:50)
	at org.junit.runners.ParentRunner$3.run(ParentRunner.java:238)
	at org.junit.runners.ParentRunner$1.schedule(ParentRunner.java:63)
	at org.junit.runners.ParentRunner.runChildren(ParentRunner.java:236)
	at org.junit.runners.ParentRunner.access$000(ParentRunner.java:53)
	at org.junit.runners.ParentRunner$2.evaluate(ParentRunner.java:229)
	at org.junit.runners.ParentRunner.run(ParentRunner.java:309)
	at org.junit.runners.Suite.runChild(Suite.java:127)
	at org.junit.runners.Suite.runChild(Suite.java:26)
	at org.junit.runners.ParentRunner$3.run(ParentRunner.java:238)
	at org.junit.runners.ParentRunner$1.schedule(ParentRunner.java:63)
	at org.junit.runners.ParentRunner.runChildren(ParentRunner.java:236)
	at org.junit.runners.ParentRunner.access$000(ParentRunner.java:53)
	at org.junit.runners.ParentRunner$2.evaluate(ParentRunner.java:229)
	at org.junit.runners.ParentRunner.run(ParentRunner.java:309)
	at org.apache.maven.surefire.junit4.JUnit4Provider.execute(JUnit4Provider.java:365)
	at org.apache.maven.surefire.junit4.JUnit4Provider.executeWithRerun(JUnit4Provider.java:273)
	at org.apache.maven.surefire.junit4.JUnit4Provider.executeTestSet(JUnit4Provider.java:238)
	at org.apache.maven.surefire.junit4.JUnit4Provider.invoke(JUnit4Provider.java:159)
	at org.apache.maven.surefire.booter.ForkedBooter.invokeProviderInSameClassLoader(ForkedBooter.java:384)
	at org.apache.maven.surefire.booter.ForkedBooter.runSuitesInProcess(ForkedBooter.java:345)
	at org.apache.maven.surefire.booter.ForkedBooter.execute(ForkedBooter.java:126)
	at org.apache.maven.surefire.booter.ForkedBooter.main(ForkedBooter.java:418)

[ERROR] testPathToKey[1](org.apache.hadoop.fs.ozone.TestOzoneFileInterfaces)  Time elapsed: 0.051 s  <<< ERROR!
java.lang.NoSuchMethodError: org.apache.hadoop.hdds.HddsUtils.isHddsEnabled(Lorg/apache/hadoop/conf/Configuration;)Z
	at org.apache.hadoop.hdds.scm.server.StorageContainerManager.createSCM(StorageContainerManager.java:600)
	at org.apache.hadoop.ozone.MiniOzoneClusterImpl$Builder.createSCM(MiniOzoneClusterImpl.java:516)
	at org.apache.hadoop.ozone.MiniOzoneClusterImpl$Builder.build(MiniOzoneClusterImpl.java:428)
	at org.apache.hadoop.fs.ozone.TestOzoneFileInterfaces.init(TestOzoneFileInterfaces.java:120)
	at sun.reflect.NativeMethodAccessorImpl.invoke0(Native Method)
	at sun.reflect.NativeMethodAccessorImpl.invoke(NativeMethodAccessorImpl.java:62)
	at sun.reflect.DelegatingMethodAccessorImpl.invoke(DelegatingMethodAccessorImpl.java:43)
	at java.lang.reflect.Method.invoke(Method.java:498)
	at org.junit.runners.model.FrameworkMethod$1.runReflectiveCall(FrameworkMethod.java:47)
	at org.junit.internal.runners.model.ReflectiveCallable.run(ReflectiveCallable.java:12)
	at org.junit.runners.model.FrameworkMethod.invokeExplosively(FrameworkMethod.java:44)
	at org.junit.internal.runners.statements.RunBefores.evaluate(RunBefores.java:24)
	at org.junit.internal.runners.statements.RunAfters.evaluate(RunAfters.java:27)
	at org.junit.runners.ParentRunner.runLeaf(ParentRunner.java:271)
	at org.junit.runners.BlockJUnit4ClassRunner.runChild(BlockJUnit4ClassRunner.java:70)
	at org.junit.runners.BlockJUnit4ClassRunner.runChild(BlockJUnit4ClassRunner.java:50)
	at org.junit.runners.ParentRunner$3.run(ParentRunner.java:238)
	at org.junit.runners.ParentRunner$1.schedule(ParentRunner.java:63)
	at org.junit.runners.ParentRunner.runChildren(ParentRunner.java:236)
	at org.junit.runners.ParentRunner.access$000(ParentRunner.java:53)
	at org.junit.runners.ParentRunner$2.evaluate(ParentRunner.java:229)
	at org.junit.runners.ParentRunner.run(ParentRunner.java:309)
	at org.junit.runners.Suite.runChild(Suite.java:127)
	at org.junit.runners.Suite.runChild(Suite.java:26)
	at org.junit.runners.ParentRunner$3.run(ParentRunner.java:238)
	at org.junit.runners.ParentRunner$1.schedule(ParentRunner.java:63)
	at org.junit.runners.ParentRunner.runChildren(ParentRunner.java:236)
	at org.junit.runners.ParentRunner.access$000(ParentRunner.java:53)
	at org.junit.runners.ParentRunner$2.evaluate(ParentRunner.java:229)
	at org.junit.runners.ParentRunner.run(ParentRunner.java:309)
	at org.apache.maven.surefire.junit4.JUnit4Provider.execute(JUnit4Provider.java:365)
	at org.apache.maven.surefire.junit4.JUnit4Provider.executeWithRerun(JUnit4Provider.java:273)
	at org.apache.maven.surefire.junit4.JUnit4Provider.executeTestSet(JUnit4Provider.java:238)
	at org.apache.maven.surefire.junit4.JUnit4Provider.invoke(JUnit4Provider.java:159)
	at org.apache.maven.surefire.booter.ForkedBooter.invokeProviderInSameClassLoader(ForkedBooter.java:384)
	at org.apache.maven.surefire.booter.ForkedBooter.runSuitesInProcess(ForkedBooter.java:345)
	at org.apache.maven.surefire.booter.ForkedBooter.execute(ForkedBooter.java:126)
	at org.apache.maven.surefire.booter.ForkedBooter.main(ForkedBooter.java:418)

[ERROR] testFileSystemInit[1](org.apache.hadoop.fs.ozone.TestOzoneFileInterfaces)  Time elapsed: 0.05 s  <<< ERROR!
java.lang.NoSuchMethodError: org.apache.hadoop.hdds.HddsUtils.isHddsEnabled(Lorg/apache/hadoop/conf/Configuration;)Z
	at org.apache.hadoop.hdds.scm.server.StorageContainerManager.createSCM(StorageContainerManager.java:600)
	at org.apache.hadoop.ozone.MiniOzoneClusterImpl$Builder.createSCM(MiniOzoneClusterImpl.java:516)
	at org.apache.hadoop.ozone.MiniOzoneClusterImpl$Builder.build(MiniOzoneClusterImpl.java:428)
	at org.apache.hadoop.fs.ozone.TestOzoneFileInterfaces.init(TestOzoneFileInterfaces.java:120)
	at sun.reflect.NativeMethodAccessorImpl.invoke0(Native Method)
	at sun.reflect.NativeMethodAccessorImpl.invoke(NativeMethodAccessorImpl.java:62)
	at sun.reflect.DelegatingMethodAccessorImpl.invoke(DelegatingMethodAccessorImpl.java:43)
	at java.lang.reflect.Method.invoke(Method.java:498)
	at org.junit.runners.model.FrameworkMethod$1.runReflectiveCall(FrameworkMethod.java:47)
	at org.junit.internal.runners.model.ReflectiveCallable.run(ReflectiveCallable.java:12)
	at org.junit.runners.model.FrameworkMethod.invokeExplosively(FrameworkMethod.java:44)
	at org.junit.internal.runners.statements.RunBefores.evaluate(RunBefores.java:24)
	at org.junit.internal.runners.statements.RunAfters.evaluate(RunAfters.java:27)
	at org.junit.runners.ParentRunner.runLeaf(ParentRunner.java:271)
	at org.junit.runners.BlockJUnit4ClassRunner.runChild(BlockJUnit4ClassRunner.java:70)
	at org.junit.runners.BlockJUnit4ClassRunner.runChild(BlockJUnit4ClassRunner.java:50)
	at org.junit.runners.ParentRunner$3.run(ParentRunner.java:238)
	at org.junit.runners.ParentRunner$1.schedule(ParentRunner.java:63)
	at org.junit.runners.ParentRunner.runChildren(ParentRunner.java:236)
	at org.junit.runners.ParentRunner.access$000(ParentRunner.java:53)
	at org.junit.runners.ParentRunner$2.evaluate(ParentRunner.java:229)
	at org.junit.runners.ParentRunner.run(ParentRunner.java:309)
	at org.junit.runners.Suite.runChild(Suite.java:127)
	at org.junit.runners.Suite.runChild(Suite.java:26)
	at org.junit.runners.ParentRunner$3.run(ParentRunner.java:238)
	at org.junit.runners.ParentRunner$1.schedule(ParentRunner.java:63)
	at org.junit.runners.ParentRunner.runChildren(ParentRunner.java:236)
	at org.junit.runners.ParentRunner.access$000(ParentRunner.java:53)
	at org.junit.runners.ParentRunner$2.evaluate(ParentRunner.java:229)
	at org.junit.runners.ParentRunner.run(ParentRunner.java:309)
	at org.apache.maven.surefire.junit4.JUnit4Provider.execute(JUnit4Provider.java:365)
	at org.apache.maven.surefire.junit4.JUnit4Provider.executeWithRerun(JUnit4Provider.java:273)
	at org.apache.maven.surefire.junit4.JUnit4Provider.executeTestSet(JUnit4Provider.java:238)
	at org.apache.maven.surefire.junit4.JUnit4Provider.invoke(JUnit4Provider.java:159)
	at org.apache.maven.surefire.booter.ForkedBooter.invokeProviderInSameClassLoader(ForkedBooter.java:384)
	at org.apache.maven.surefire.booter.ForkedBooter.runSuitesInProcess(ForkedBooter.java:345)
	at org.apache.maven.surefire.booter.ForkedBooter.execute(ForkedBooter.java:126)
	at org.apache.maven.surefire.booter.ForkedBooter.main(ForkedBooter.java:418)

[ERROR] testOzFsReadWrite[1](org.apache.hadoop.fs.ozone.TestOzoneFileInterfaces)  Time elapsed: 0.05 s  <<< ERROR!
java.lang.NoSuchMethodError: org.apache.hadoop.hdds.HddsUtils.isHddsEnabled(Lorg/apache/hadoop/conf/Configuration;)Z
	at org.apache.hadoop.hdds.scm.server.StorageContainerManager.createSCM(StorageContainerManager.java:600)
	at org.apache.hadoop.ozone.MiniOzoneClusterImpl$Builder.createSCM(MiniOzoneClusterImpl.java:516)
	at org.apache.hadoop.ozone.MiniOzoneClusterImpl$Builder.build(MiniOzoneClusterImpl.java:428)
	at org.apache.hadoop.fs.ozone.TestOzoneFileInterfaces.init(TestOzoneFileInterfaces.java:120)
	at sun.reflect.NativeMethodAccessorImpl.invoke0(Native Method)
	at sun.reflect.NativeMethodAccessorImpl.invoke(NativeMethodAccessorImpl.java:62)
	at sun.reflect.DelegatingMethodAccessorImpl.invoke(DelegatingMethodAccessorImpl.java:43)
	at java.lang.reflect.Method.invoke(Method.java:498)
	at org.junit.runners.model.FrameworkMethod$1.runReflectiveCall(FrameworkMethod.java:47)
	at org.junit.internal.runners.model.ReflectiveCallable.run(ReflectiveCallable.java:12)
	at org.junit.runners.model.FrameworkMethod.invokeExplosively(FrameworkMethod.java:44)
	at org.junit.internal.runners.statements.RunBefores.evaluate(RunBefores.java:24)
	at org.junit.internal.runners.statements.RunAfters.evaluate(RunAfters.java:27)
	at org.junit.runners.ParentRunner.runLeaf(ParentRunner.java:271)
	at org.junit.runners.BlockJUnit4ClassRunner.runChild(BlockJUnit4ClassRunner.java:70)
	at org.junit.runners.BlockJUnit4ClassRunner.runChild(BlockJUnit4ClassRunner.java:50)
	at org.junit.runners.ParentRunner$3.run(ParentRunner.java:238)
	at org.junit.runners.ParentRunner$1.schedule(ParentRunner.java:63)
	at org.junit.runners.ParentRunner.runChildren(ParentRunner.java:236)
	at org.junit.runners.ParentRunner.access$000(ParentRunner.java:53)
	at org.junit.runners.ParentRunner$2.evaluate(ParentRunner.java:229)
	at org.junit.runners.ParentRunner.run(ParentRunner.java:309)
	at org.junit.runners.Suite.runChild(Suite.java:127)
	at org.junit.runners.Suite.runChild(Suite.java:26)
	at org.junit.runners.ParentRunner$3.run(ParentRunner.java:238)
	at org.junit.runners.ParentRunner$1.schedule(ParentRunner.java:63)
	at org.junit.runners.ParentRunner.runChildren(ParentRunner.java:236)
	at org.junit.runners.ParentRunner.access$000(ParentRunner.java:53)
	at org.junit.runners.ParentRunner$2.evaluate(ParentRunner.java:229)
	at org.junit.runners.ParentRunner.run(ParentRunner.java:309)
	at org.apache.maven.surefire.junit4.JUnit4Provider.execute(JUnit4Provider.java:365)
	at org.apache.maven.surefire.junit4.JUnit4Provider.executeWithRerun(JUnit4Provider.java:273)
	at org.apache.maven.surefire.junit4.JUnit4Provider.executeTestSet(JUnit4Provider.java:238)
	at org.apache.maven.surefire.junit4.JUnit4Provider.invoke(JUnit4Provider.java:159)
	at org.apache.maven.surefire.booter.ForkedBooter.invokeProviderInSameClassLoader(ForkedBooter.java:384)
	at org.apache.maven.surefire.booter.ForkedBooter.runSuitesInProcess(ForkedBooter.java:345)
	at org.apache.maven.surefire.booter.ForkedBooter.execute(ForkedBooter.java:126)
	at org.apache.maven.surefire.booter.ForkedBooter.main(ForkedBooter.java:418)

[INFO] 
[INFO] Results:
[INFO] 
[ERROR] Errors: 
[ERROR] org.apache.hadoop.fs.ozone.TestOzoneFSInputStream.org.apache.hadoop.fs.ozone.TestOzoneFSInputStream
[ERROR]   Run 1: TestOzoneFSInputStream.init:68 ? NoSuchMethod org.apache.hadoop.hdds.HddsUtils...
[ERROR]   Run 2: TestOzoneFSInputStream.shutdown:96 NullPointer
[INFO] 
[ERROR]   TestOzoneFileInterfaces.init:120 ? NoSuchMethod org.apache.hadoop.hdds.HddsUti...
[ERROR]   TestOzoneFileInterfaces.init:120 ? NoSuchMethod org.apache.hadoop.hdds.HddsUti...
[ERROR]   TestOzoneFileInterfaces.init:120 ? NoSuchMethod org.apache.hadoop.hdds.HddsUti...
[ERROR]   TestOzoneFileInterfaces.init:120 ? NoSuchMethod org.apache.hadoop.hdds.HddsUti...
[ERROR]   TestOzoneFileInterfaces.init:120 ? NoSuchMethod org.apache.hadoop.hdds.HddsUti...
[ERROR]   TestOzoneFileInterfaces.init:120 ? NoSuchMethod org.apache.hadoop.hdds.HddsUti...
[ERROR]   TestOzoneFileInterfaces.init:120 ? NoSuchMethod org.apache.hadoop.hdds.HddsUti...
[ERROR]   TestOzoneFileInterfaces.init:120 ? NoSuchMethod org.apache.hadoop.hdds.HddsUti...
[ERROR]   TestOzoneFileInterfaces.init:120 ? NoSuchMethod org.apache.hadoop.hdds.HddsUti...
[ERROR]   TestOzoneFileInterfaces.init:120 ? NoSuchMethod org.apache.hadoop.hdds.HddsUti...
[ERROR]   TestOzoneFileInterfaces.init:120 ? NoSuchMethod org.apache.hadoop.hdds.HddsUti...
[ERROR]   TestOzoneFileInterfaces.init:120 ? NoSuchMethod org.apache.hadoop.hdds.HddsUti...
[ERROR]   TestOzoneFileSystem.init:73 ? NoSuchMethod org.apache.hadoop.hdds.HddsUtils.is...
[ERROR]   TestOzoneFileSystem.init:73 ? NoSuchMethod org.apache.hadoop.hdds.HddsUtils.is...
[ERROR]   TestOzoneFileSystem.init:73 ? NoSuchMethod org.apache.hadoop.hdds.HddsUtils.is...
[ERROR]   TestOzoneFileSystem.init:73 ? NoSuchMethod org.apache.hadoop.hdds.HddsUtils.is...
[ERROR]   TestOzoneFileSystem.init:73 ? NoSuchMethod org.apache.hadoop.hdds.HddsUtils.is...
[ERROR]   TestOzoneFileSystem.init:73 ? NoSuchMethod org.apache.hadoop.hdds.HddsUtils.is...
[ERROR]   TestOzoneFileSystem.init:73 ? NoSuchMethod org.apache.hadoop.hdds.HddsUtils.is...
[ERROR]   TestOzoneFileSystem.init:73 ? NoSuchMethod org.apache.hadoop.hdds.HddsUtils.is...
[ERROR]   TestOzoneFsRenameDir.init:56 ? NoSuchMethod org.apache.hadoop.hdds.HddsUtils.i...
[ERROR]   ITestOzoneContractCreate.createCluster:36 ? NoSuchMethod org.apache.hadoop.hdd...
[ERROR]   ITestOzoneContractDelete.createCluster:36 ? NoSuchMethod org.apache.hadoop.hdd...
[ERROR]   ITestOzoneContractDistCp.createCluster:38 ? NoSuchMethod org.apache.hadoop.hdd...
[ERROR]   ITestOzoneContractGetFileStatus.createCluster:42 ? NoSuchMethod org.apache.had...
[ERROR]   ITestOzoneContractMkdir.createCluster:36 ? NoSuchMethod org.apache.hadoop.hdds...
[ERROR]   ITestOzoneContractOpen.createCluster:35 ? NoSuchMethod org.apache.hadoop.hdds....
[ERROR]   ITestOzoneContractRename.createCluster:36 ? NoSuchMethod org.apache.hadoop.hdd...
[ERROR]   ITestOzoneContractRootDir.createCluster:38 ? NoSuchMethod org.apache.hadoop.hd...
[ERROR]   ITestOzoneContractSeek.createCluster:35 ? NoSuchMethod org.apache.hadoop.hdds....
[INFO] 
[ERROR] Tests run: 35, Failures: 0, Errors: 31, Skipped: 0
[INFO] 
[INFO] 
[INFO] ----------------< org.apache.hadoop:hadoop-ozone-tools >----------------
[INFO] Building Apache Hadoop Ozone Tools 0.5.0-SNAPSHOT                  [3/3]
[INFO] --------------------------------[ jar ]---------------------------------
[INFO] 
[INFO] --- maven-antrun-plugin:1.3:run (create-testdirs) @ hadoop-ozone-tools ---
[INFO] Executing tasks
[INFO] Executed tasks
[INFO] 
[INFO] --- maven-remote-resources-plugin:1.5:process (default) @ hadoop-ozone-tools ---
[INFO] 
[INFO] --- maven-resources-plugin:2.6:resources (default-resources) @ hadoop-ozone-tools ---
[INFO] Using 'UTF-8' encoding to copy filtered resources.
[INFO] Copying 3 resources
[INFO] Copying 2 resources
[INFO] 
[INFO] --- maven-compiler-plugin:3.1:compile (default-compile) @ hadoop-ozone-tools ---
[INFO] Compiling 54 source files to /workdir/hadoop-ozone/tools/target/classes
[INFO] -------------------------------------------------------------
[ERROR] COMPILATION ERROR : 
[INFO] -------------------------------------------------------------
[ERROR] /workdir/hadoop-ozone/tools/src/main/java/org/apache/hadoop/ozone/admin/om/GetServiceRolesSubcommand.java:[23,73] cannot find symbol
  symbol:   class OMRoleInfo
  location: class org.apache.hadoop.ozone.protocol.proto.OzoneManagerProtocolProtos
[ERROR] /workdir/hadoop-ozone/tools/src/main/java/org/apache/hadoop/ozone/admin/om/GetServiceRolesSubcommand.java:[54,38] cannot find symbol
  symbol:   class OMRoleInfo
  location: class org.apache.hadoop.ozone.admin.om.GetServiceRolesSubcommand
[INFO] 2 errors 
[INFO] -------------------------------------------------------------
[INFO] ------------------------------------------------------------------------
[INFO] Reactor Summary for Apache Hadoop Ozone Integration Tests 0.5.0-SNAPSHOT:
[INFO] 
[INFO] Apache Hadoop Ozone Integration Tests .............. FAILURE [ 24.219 s]
[INFO] Apache Hadoop Ozone FileSystem ..................... FAILURE [ 30.834 s]
[INFO] Apache Hadoop Ozone Tools .......................... FAILURE [  1.570 s]
[INFO] ------------------------------------------------------------------------
[INFO] BUILD FAILURE
[INFO] ------------------------------------------------------------------------
[INFO] Total time:  57.237 s
[INFO] Finished at: 2019-11-14T13:07:52Z
[INFO] ------------------------------------------------------------------------
[ERROR] Failed to execute goal org.apache.maven.plugins:maven-compiler-plugin:3.1:testCompile (default-testCompile) on project hadoop-ozone-integration-test: Compilation failure: Compilation failure: 
[ERROR] /workdir/hadoop-ozone/integration-test/src/test/java/org/apache/hadoop/ozone/MiniOzoneClusterImpl.java:[54,39] cannot find symbol
[ERROR]   symbol:   class OzoneManagerStorageInitializer
[ERROR]   location: package org.apache.hadoop.ozone.om.init
[ERROR] /workdir/hadoop-ozone/integration-test/src/test/java/org/apache/hadoop/ozone/MiniOzoneClusterImpl.java:[55,39] cannot find symbol
[ERROR]   symbol:   class OzoneManagerStorageInitializerForTests
[ERROR]   location: package org.apache.hadoop.ozone.om.init
[ERROR] /workdir/hadoop-ozone/integration-test/src/test/java/org/apache/hadoop/ozone/om/TestOmInit.java:[24,39] cannot find symbol
[ERROR]   symbol:   class OzoneManagerStorageInitializer
[ERROR]   location: package org.apache.hadoop.ozone.om.init
[ERROR] /workdir/hadoop-ozone/integration-test/src/test/java/org/apache/hadoop/ozone/om/TestOmInit.java:[25,39] cannot find symbol
[ERROR]   symbol:   class OzoneManagerStorageInitializerForTests
[ERROR]   location: package org.apache.hadoop.ozone.om.init
[ERROR] /workdir/hadoop-ozone/integration-test/src/test/java/org/apache/hadoop/ozone/TestSecureOzoneCluster.java:[43,41] cannot find symbol
[ERROR]   symbol:   class SCMHTTPServerConfig
[ERROR]   location: package org.apache.hadoop.hdds.scm.server
[ERROR] /workdir/hadoop-ozone/integration-test/src/test/java/org/apache/hadoop/ozone/TestSecureOzoneCluster.java:[65,39] cannot find symbol
[ERROR]   symbol:   class OzoneManagerStorageInitializer
[ERROR]   location: package org.apache.hadoop.ozone.om.init
[ERROR] /workdir/hadoop-ozone/integration-test/src/test/java/org/apache/hadoop/ozone/TestSecureOzoneCluster.java:[66,39] cannot find symbol
[ERROR]   symbol:   class OzoneManagerStorageInitializerForTests
[ERROR]   location: package org.apache.hadoop.ozone.om.init
[ERROR] -> [Help 1]
[ERROR] Failed to execute goal org.apache.maven.plugins:maven-surefire-plugin:3.0.0-M1:test (default-test) on project hadoop-ozone-filesystem: There are test failures.
[ERROR] 
[ERROR] Please refer to /workdir/hadoop-ozone/ozonefs/target/surefire-reports for the individual test results.
[ERROR] Please refer to dump files (if any exist) [date].dump, [date]-jvmRun[N].dump and [date].dumpstream.
[ERROR] -> [Help 1]
[ERROR] Failed to execute goal org.apache.maven.plugins:maven-compiler-plugin:3.1:compile (default-compile) on project hadoop-ozone-tools: Compilation failure: Compilation failure: 
[ERROR] /workdir/hadoop-ozone/tools/src/main/java/org/apache/hadoop/ozone/admin/om/GetServiceRolesSubcommand.java:[23,73] cannot find symbol
[ERROR]   symbol:   class OMRoleInfo
[ERROR]   location: class org.apache.hadoop.ozone.protocol.proto.OzoneManagerProtocolProtos
[ERROR] /workdir/hadoop-ozone/tools/src/main/java/org/apache/hadoop/ozone/admin/om/GetServiceRolesSubcommand.java:[54,38] cannot find symbol
[ERROR]   symbol:   class OMRoleInfo
[ERROR]   location: class org.apache.hadoop.ozone.admin.om.GetServiceRolesSubcommand
[ERROR] -> [Help 1]
[ERROR] 
[ERROR] To see the full stack trace of the errors, re-run Maven with the -e switch.
[ERROR] Re-run Maven using the -X switch to enable full debug logging.
[ERROR] 
[ERROR] For more information about the errors and possible solutions, please read the following articles:
[ERROR] [Help 1] http://cwiki.apache.org/confluence/display/MAVEN/MojoFailureException
[INFO] Build failures were ignored.
org.apache.hadoop.fs.ozone.contract.ITestOzoneContractGetFileStatus
org.apache.hadoop.fs.ozone.contract.ITestOzoneContractCreate
org.apache.hadoop.fs.ozone.TestOzoneFileInterfaces
org.apache.hadoop.fs.ozone.contract.ITestOzoneContractRename
org.apache.hadoop.fs.ozone.contract.ITestOzoneContractOpen
org.apache.hadoop.fs.ozone.contract.ITestOzoneContractRootDir
org.apache.hadoop.fs.ozone.contract.ITestOzoneContractMkdir
org.apache.hadoop.fs.ozone.TestOzoneFSInputStream
org.apache.hadoop.fs.ozone.TestOzoneFsRenameDir
org.apache.hadoop.fs.ozone.contract.ITestOzoneContractDistCp
org.apache.hadoop.fs.ozone.contract.ITestOzoneContractSeek
org.apache.hadoop.fs.ozone.contract.ITestOzoneContractDelete
org.apache.hadoop.fs.ozone.TestOzoneFileSystem
